2015-10-21 16:35:30,231 INFO [org.jasig.cas.CasEnvironmentContextListener] - 
******************** Welcome to CAS ********************
CAS Version: null
Java Home: C:\Program Files\Java\jdk1.8.0_60\jre
Java Vendor: Oracle Corporation
Java Version: 1.8.0_60
OS Architecture: amd64
OS Name: Windows 7
OS Version: 6.1
*******************************************************

2015-10-21 16:35:37,732 WARN [org.jasig.cas.authentication.handler.support.HttpBasedServiceCredentialsAuthenticationHandler] - setRequireSecure() is deprecated and will be removed. Callback url validation is controlled by the proxy policy
2015-10-21 16:35:38,446 WARN [org.jasig.cas.services.InMemoryServiceRegistryDaoImpl] - Runtime memory is used as the persistence storage for retrieving and persisting service definitions. Changes that are made to service definitions during runtime will be LOST upon container restarts.
2015-10-21 16:35:38,514 WARN [org.jasig.cas.services.RegisteredServiceImpl] - [RegisteredServiceImpl] is deprecated and will be removed in future CAS releases. Consider using [RegexRegisteredService] instead.
2015-10-21 16:35:38,625 INFO [org.jasig.cas.services.DefaultServicesManagerImpl] - Loaded 1 services.
2015-10-21 16:35:40,170 INFO [org.jasig.cas.util.AutowiringSchedulerFactoryBean] - Starting Quartz Scheduler now
2015-10-21 16:35:40,174 INFO [org.jasig.cas.CasEnvironmentContextListener] - [jetty/8.1.7.v20120910] has loaded the CAS application context
2015-10-21 16:35:58,998 INFO [org.jasig.cas.ticket.registry.support.DefaultTicketRegistryCleaner] - Beginning ticket cleanup.
2015-10-21 16:35:59,079 INFO [org.jasig.cas.ticket.registry.support.DefaultTicketRegistryCleaner] - 0 expired tickets found to be removed.
2015-10-21 16:35:59,079 INFO [org.jasig.cas.ticket.registry.support.DefaultTicketRegistryCleaner] - Finished ticket cleanup.
2015-10-21 16:36:23,989 INFO [org.jasig.cas.web.flow.InitialFlowSetupAction] - Setting path for cookies to: / 
2015-10-21 16:36:23,989 INFO [org.jasig.cas.web.flow.InitialFlowSetupAction] - Setting path for cookies to: / 
2015-10-21 16:37:38,988 INFO [org.jasig.cas.services.DefaultServicesManagerImpl] - Reloading registered services.
2015-10-21 16:37:38,989 INFO [org.jasig.cas.services.DefaultServicesManagerImpl] - Loaded 1 services.
2015-10-21 16:39:38,988 INFO [org.jasig.cas.services.DefaultServicesManagerImpl] - Reloading registered services.
2015-10-21 16:39:38,989 INFO [org.jasig.cas.services.DefaultServicesManagerImpl] - Loaded 1 services.
2015-10-21 16:41:38,988 INFO [org.jasig.cas.services.DefaultServicesManagerImpl] - Reloading registered services.
2015-10-21 16:41:38,989 INFO [org.jasig.cas.services.DefaultServicesManagerImpl] - Loaded 1 services.
