2015-10-21 17:05:41,991 INFO [org.jasig.cas.CasEnvironmentContextListener] - 
******************** Welcome to CAS ********************
CAS Version: null
Java Home: C:\Program Files\Java\jdk1.8.0_60\jre
Java Vendor: Oracle Corporation
Java Version: 1.8.0_60
OS Architecture: amd64
OS Name: Windows 7
OS Version: 6.1
*******************************************************

2015-10-21 17:05:48,531 WARN [org.jasig.cas.authentication.handler.support.HttpBasedServiceCredentialsAuthenticationHandler] - setRequireSecure() is deprecated and will be removed. Callback url validation is controlled by the proxy policy
2015-10-21 17:05:49,232 WARN [org.jasig.cas.services.InMemoryServiceRegistryDaoImpl] - Runtime memory is used as the persistence storage for retrieving and persisting service definitions. Changes that are made to service definitions during runtime will be LOST upon container restarts.
2015-10-21 17:05:49,294 WARN [org.jasig.cas.services.RegisteredServiceImpl] - [RegisteredServiceImpl] is deprecated and will be removed in future CAS releases. Consider using [RegexRegisteredService] instead.
2015-10-21 17:05:49,397 INFO [org.jasig.cas.services.DefaultServicesManagerImpl] - Loaded 1 services.
2015-10-21 17:05:50,817 INFO [org.jasig.cas.util.AutowiringSchedulerFactoryBean] - Starting Quartz Scheduler now
2015-10-21 17:05:50,821 INFO [org.jasig.cas.CasEnvironmentContextListener] - [jetty/8.1.7.v20120910] has loaded the CAS application context
2015-10-21 17:05:59,580 INFO [org.jasig.cas.web.flow.InitialFlowSetupAction] - Setting path for cookies to: / 
2015-10-21 17:05:59,580 INFO [org.jasig.cas.web.flow.InitialFlowSetupAction] - Setting path for cookies to: / 
2015-10-21 17:06:09,752 INFO [org.jasig.cas.ticket.registry.support.DefaultTicketRegistryCleaner] - Beginning ticket cleanup.
2015-10-21 17:06:09,780 INFO [org.jasig.cas.ticket.registry.support.DefaultTicketRegistryCleaner] - 0 expired tickets found to be removed.
2015-10-21 17:06:09,780 INFO [org.jasig.cas.ticket.registry.support.DefaultTicketRegistryCleaner] - Finished ticket cleanup.
2015-10-21 17:06:29,391 INFO [org.jasig.cas.authentication.PolicyBasedAuthenticationManager] - AcceptUsersAuthenticationHandler successfully authenticated jzx+password
2015-10-21 17:06:29,394 INFO [org.jasig.cas.authentication.PolicyBasedAuthenticationManager] - Authenticated jzx with credentials [jzx+password].
2015-10-21 17:06:29,397 INFO [org.jasig.inspektr.audit.support.Slf4jLoggingAuditTrailManager] - Audit trail record BEGIN
=============================================================
WHO: jzx+password
WHAT: supplied credentials: [jzx+password]
ACTION: AUTHENTICATION_SUCCESS
APPLICATION: CAS
WHEN: Wed Oct 21 17:06:29 GMT+08:00 2015
CLIENT IP ADDRESS: 192.168.8.129
SERVER IP ADDRESS: 192.168.8.129
=============================================================


2015-10-21 17:06:29,397 INFO [org.jasig.inspektr.audit.support.Slf4jLoggingAuditTrailManager] - Audit trail record BEGIN
=============================================================
WHO: jzx+password
WHAT: supplied credentials: [jzx+password]
ACTION: AUTHENTICATION_SUCCESS
APPLICATION: CAS
WHEN: Wed Oct 21 17:06:29 GMT+08:00 2015
CLIENT IP ADDRESS: 192.168.8.129
SERVER IP ADDRESS: 192.168.8.129
=============================================================


2015-10-21 17:06:29,402 INFO [org.jasig.inspektr.audit.support.Slf4jLoggingAuditTrailManager] - Audit trail record BEGIN
=============================================================
WHO: jzx+password
WHAT: TGT-**********************************************ELF3g9I7LJ-cas01.example.org
ACTION: TICKET_GRANTING_TICKET_CREATED
APPLICATION: CAS
WHEN: Wed Oct 21 17:06:29 GMT+08:00 2015
CLIENT IP ADDRESS: 192.168.8.129
SERVER IP ADDRESS: 192.168.8.129
=============================================================


2015-10-21 17:06:29,402 INFO [org.jasig.inspektr.audit.support.Slf4jLoggingAuditTrailManager] - Audit trail record BEGIN
=============================================================
WHO: jzx+password
WHAT: TGT-**********************************************ELF3g9I7LJ-cas01.example.org
ACTION: TICKET_GRANTING_TICKET_CREATED
APPLICATION: CAS
WHEN: Wed Oct 21 17:06:29 GMT+08:00 2015
CLIENT IP ADDRESS: 192.168.8.129
SERVER IP ADDRESS: 192.168.8.129
=============================================================


