type=GAUGE, name=jvm.gc.PS-MarkSweep.count, value=8
type=GAUGE, name=jvm.gc.PS-MarkSweep.time, value=2286
type=GAUGE, name=jvm.gc.PS-Scavenge.count, value=114
type=GAUGE, name=jvm.gc.PS-Scavenge.time, value=8707
type=GAUGE, name=jvm.memory.heap.committed, value=354418688
type=GAUGE, name=jvm.memory.heap.init, value=65011712
type=GAUGE, name=jvm.memory.heap.max, value=913833984
type=GAUGE, name=jvm.memory.heap.usage, value=0.09300320352279655
type=GAUGE, name=jvm.memory.heap.used, value=84989488
type=GAUGE, name=jvm.memory.non-heap.committed, value=89636864
type=GAUGE, name=jvm.memory.non-heap.init, value=2555904
type=GAUGE, name=jvm.memory.non-heap.max, value=-1
type=GAUGE, name=jvm.memory.non-heap.usage, value=-8.6293536E7
type=GAUGE, name=jvm.memory.non-heap.used, value=86293600
type=GAUGE, name=jvm.memory.pools.Code-Cache.committed, value=28114944
type=GAUGE, name=jvm.memory.pools.Code-Cache.init, value=2555904
type=GAUGE, name=jvm.memory.pools.Code-Cache.max, value=251658240
type=GAUGE, name=jvm.memory.pools.Code-Cache.usage, value=0.10477752685546875
type=GAUGE, name=jvm.memory.pools.Code-Cache.used, value=26368128
type=GAUGE, name=jvm.memory.pools.Compressed-Class-Space.committed, value=6774784
type=GAUGE, name=jvm.memory.pools.Compressed-Class-Space.init, value=0
type=GAUGE, name=jvm.memory.pools.Compressed-Class-Space.max, value=1073741824
type=GAUGE, name=jvm.memory.pools.Compressed-Class-Space.usage, value=0.0060351938009262085
type=GAUGE, name=jvm.memory.pools.Compressed-Class-Space.used, value=6480240
type=GAUGE, name=jvm.memory.pools.Metaspace.committed, value=54747136
type=GAUGE, name=jvm.memory.pools.Metaspace.init, value=0
type=GAUGE, name=jvm.memory.pools.Metaspace.max, value=-1
type=GAUGE, name=jvm.memory.pools.Metaspace.usage, value=0.9763235833925632
type=GAUGE, name=jvm.memory.pools.Metaspace.used, value=53450920
type=GAUGE, name=jvm.memory.pools.PS-Eden-Space.committed, value=216530944
type=GAUGE, name=jvm.memory.pools.PS-Eden-Space.init, value=16252928
type=GAUGE, name=jvm.memory.pools.PS-Eden-Space.max, value=217055232
type=GAUGE, name=jvm.memory.pools.PS-Eden-Space.usage, value=0.13390965853336353
type=GAUGE, name=jvm.memory.pools.PS-Eden-Space.used, value=29065792
type=GAUGE, name=jvm.memory.pools.PS-Old-Gen.committed, value=75497472
type=GAUGE, name=jvm.memory.pools.PS-Old-Gen.init, value=43515904
type=GAUGE, name=jvm.memory.pools.PS-Old-Gen.max, value=685244416
type=GAUGE, name=jvm.memory.pools.PS-Old-Gen.usage, value=0.05519816158560276
type=GAUGE, name=jvm.memory.pools.PS-Old-Gen.used, value=37824232
type=GAUGE, name=jvm.memory.pools.PS-Survivor-Space.committed, value=62390272
type=GAUGE, name=jvm.memory.pools.PS-Survivor-Space.init, value=2621440
type=GAUGE, name=jvm.memory.pools.PS-Survivor-Space.max, value=62390272
type=GAUGE, name=jvm.memory.pools.PS-Survivor-Space.usage, value=0.29010073878184084
type=GAUGE, name=jvm.memory.pools.PS-Survivor-Space.used, value=18099464
type=GAUGE, name=jvm.memory.total.committed, value=444055552
type=GAUGE, name=jvm.memory.total.init, value=67567616
type=GAUGE, name=jvm.memory.total.max, value=913833983
type=GAUGE, name=jvm.memory.total.used, value=171295248
type=GAUGE, name=jvm.thread-states.blocked.count, value=1
type=GAUGE, name=jvm.thread-states.count, value=28
type=GAUGE, name=jvm.thread-states.daemon.count, value=8
type=GAUGE, name=jvm.thread-states.deadlock.count, value=0
type=GAUGE, name=jvm.thread-states.deadlocks, value=[]
type=GAUGE, name=jvm.thread-states.new.count, value=0
type=GAUGE, name=jvm.thread-states.runnable.count, value=8
type=GAUGE, name=jvm.thread-states.terminated.count, value=0
type=GAUGE, name=jvm.thread-states.timed_waiting.count, value=16
type=GAUGE, name=jvm.thread-states.waiting.count, value=3
type=METER, name=org.jasig.cas.CentralAuthenticationServiceImpl.CREATE_TICKET_GRANTING_TICKET_METER, count=0, mean_rate=0.0, m1=0.0, m5=0.0, m15=0.0, rate_unit=events/millisecond
type=METER, name=org.jasig.cas.CentralAuthenticationServiceImpl.DESTROY_TICKET_GRANTING_TICKET_METER, count=0, mean_rate=0.0, m1=0.0, m5=0.0, m15=0.0, rate_unit=events/millisecond
type=METER, name=org.jasig.cas.CentralAuthenticationServiceImpl.GET_TICKETS_METER, count=1, mean_rate=0.0, m1=0.0, m5=0.0, m15=0.0, rate_unit=events/millisecond
type=METER, name=org.jasig.cas.CentralAuthenticationServiceImpl.GET_TICKET_METER, count=0, mean_rate=0.0, m1=0.0, m5=0.0, m15=0.0, rate_unit=events/millisecond
type=METER, name=org.jasig.cas.CentralAuthenticationServiceImpl.GRANT_PROXY_GRANTING_TICKET_METER, count=0, mean_rate=0.0, m1=0.0, m5=0.0, m15=0.0, rate_unit=events/millisecond
type=METER, name=org.jasig.cas.CentralAuthenticationServiceImpl.GRANT_SERVICE_TICKET_METER, count=0, mean_rate=0.0, m1=0.0, m5=0.0, m15=0.0, rate_unit=events/millisecond
type=METER, name=org.jasig.cas.CentralAuthenticationServiceImpl.VALIDATE_SERVICE_TICKET_METER, count=0, mean_rate=0.0, m1=0.0, m5=0.0, m15=0.0, rate_unit=events/millisecond
type=TIMER, name=org.jasig.cas.CentralAuthenticationServiceImpl.CREATE_TICKET_GRANTING_TICKET_TIMER, count=0, min=0.0, max=0.0, mean=0.0, stddev=0.0, median=0.0, p75=0.0, p95=0.0, p98=0.0, p99=0.0, p999=0.0, mean_rate=0.0, m1=0.0, m5=0.0, m15=0.0, rate_unit=events/millisecond, duration_unit=milliseconds
type=TIMER, name=org.jasig.cas.CentralAuthenticationServiceImpl.DESTROY_TICKET_GRANTING_TICKET_TIMER, count=0, min=0.0, max=0.0, mean=0.0, stddev=0.0, median=0.0, p75=0.0, p95=0.0, p98=0.0, p99=0.0, p999=0.0, mean_rate=0.0, m1=0.0, m5=0.0, m15=0.0, rate_unit=events/millisecond, duration_unit=milliseconds
type=TIMER, name=org.jasig.cas.CentralAuthenticationServiceImpl.GET_TICKETS_TIMER, count=1, min=0.195729, max=0.195729, mean=0.195729, stddev=0.0, median=0.195729, p75=0.195729, p95=0.195729, p98=0.195729, p99=0.195729, p999=0.195729, mean_rate=0.0, m1=0.0, m5=0.0, m15=0.0, rate_unit=events/millisecond, duration_unit=milliseconds
type=TIMER, name=org.jasig.cas.CentralAuthenticationServiceImpl.GET_TICKET_TIMER, count=0, min=0.0, max=0.0, mean=0.0, stddev=0.0, median=0.0, p75=0.0, p95=0.0, p98=0.0, p99=0.0, p999=0.0, mean_rate=0.0, m1=0.0, m5=0.0, m15=0.0, rate_unit=events/millisecond, duration_unit=milliseconds
type=TIMER, name=org.jasig.cas.CentralAuthenticationServiceImpl.GRANT_PROXY_GRANTING_TICKET_TIMER, count=0, min=0.0, max=0.0, mean=0.0, stddev=0.0, median=0.0, p75=0.0, p95=0.0, p98=0.0, p99=0.0, p999=0.0, mean_rate=0.0, m1=0.0, m5=0.0, m15=0.0, rate_unit=events/millisecond, duration_unit=milliseconds
type=TIMER, name=org.jasig.cas.CentralAuthenticationServiceImpl.GRANT_SERVICE_TICKET_TIMER, count=0, min=0.0, max=0.0, mean=0.0, stddev=0.0, median=0.0, p75=0.0, p95=0.0, p98=0.0, p99=0.0, p999=0.0, mean_rate=0.0, m1=0.0, m5=0.0, m15=0.0, rate_unit=events/millisecond, duration_unit=milliseconds
type=TIMER, name=org.jasig.cas.CentralAuthenticationServiceImpl.VALIDATE_SERVICE_TICKET_TIMER, count=0, min=0.0, max=0.0, mean=0.0, stddev=0.0, median=0.0, p75=0.0, p95=0.0, p98=0.0, p99=0.0, p999=0.0, mean_rate=0.0, m1=0.0, m5=0.0, m15=0.0, rate_unit=events/millisecond, duration_unit=milliseconds
type=GAUGE, name=jvm.fd.usage, value=NaN
type=GAUGE, name=jvm.gc.PS-MarkSweep.count, value=8
type=GAUGE, name=jvm.gc.PS-MarkSweep.time, value=2286
type=GAUGE, name=jvm.gc.PS-Scavenge.count, value=114
type=GAUGE, name=jvm.gc.PS-Scavenge.time, value=8707
type=GAUGE, name=jvm.memory.heap.committed, value=354418688
type=GAUGE, name=jvm.memory.heap.init, value=65011712
type=GAUGE, name=jvm.memory.heap.max, value=913833984
type=GAUGE, name=jvm.memory.heap.usage, value=0.09300869248478288
type=GAUGE, name=jvm.memory.heap.used, value=84994504
type=GAUGE, name=jvm.memory.non-heap.committed, value=89636864
type=GAUGE, name=jvm.memory.non-heap.init, value=2555904
type=GAUGE, name=jvm.memory.non-heap.max, value=-1
type=GAUGE, name=jvm.memory.non-heap.usage, value=-8.652E7
type=GAUGE, name=jvm.memory.non-heap.used, value=86520000
type=GAUGE, name=jvm.memory.pools.Code-Cache.committed, value=28114944
type=GAUGE, name=jvm.memory.pools.Code-Cache.init, value=2555904
type=GAUGE, name=jvm.memory.pools.Code-Cache.max, value=251658240
type=GAUGE, name=jvm.memory.pools.Code-Cache.usage, value=0.10544967651367188
type=GAUGE, name=jvm.memory.pools.Code-Cache.used, value=26537280
type=GAUGE, name=jvm.memory.pools.Compressed-Class-Space.committed, value=6774784
type=GAUGE, name=jvm.memory.pools.Compressed-Class-Space.init, value=0
type=GAUGE, name=jvm.memory.pools.Compressed-Class-Space.max, value=1073741824
type=GAUGE, name=jvm.memory.pools.Compressed-Class-Space.usage, value=0.0060377344489097595
type=GAUGE, name=jvm.memory.pools.Compressed-Class-Space.used, value=6482968
type=GAUGE, name=jvm.memory.pools.Metaspace.committed, value=54747136
type=GAUGE, name=jvm.memory.pools.Metaspace.init, value=0
type=GAUGE, name=jvm.memory.pools.Metaspace.max, value=-1
type=GAUGE, name=jvm.memory.pools.Metaspace.usage, value=0.977232927764477
type=GAUGE, name=jvm.memory.pools.Metaspace.used, value=53500704
type=GAUGE, name=jvm.memory.pools.PS-Eden-Space.committed, value=216530944
type=GAUGE, name=jvm.memory.pools.PS-Eden-Space.init, value=16252928
type=GAUGE, name=jvm.memory.pools.PS-Eden-Space.max, value=217055232
type=GAUGE, name=jvm.memory.pools.PS-Eden-Space.usage, value=0.13393276785882774
type=GAUGE, name=jvm.memory.pools.PS-Eden-Space.used, value=29070808
type=GAUGE, name=jvm.memory.pools.PS-Old-Gen.committed, value=75497472
type=GAUGE, name=jvm.memory.pools.PS-Old-Gen.init, value=43515904
type=GAUGE, name=jvm.memory.pools.PS-Old-Gen.max, value=685244416
type=GAUGE, name=jvm.memory.pools.PS-Old-Gen.usage, value=0.05519816158560276
type=GAUGE, name=jvm.memory.pools.PS-Old-Gen.used, value=37824232
type=GAUGE, name=jvm.memory.pools.PS-Survivor-Space.committed, value=62390272
type=GAUGE, name=jvm.memory.pools.PS-Survivor-Space.init, value=2621440
type=GAUGE, name=jvm.memory.pools.PS-Survivor-Space.max, value=62390272
type=GAUGE, name=jvm.memory.pools.PS-Survivor-Space.usage, value=0.29010073878184084
type=GAUGE, name=jvm.memory.pools.PS-Survivor-Space.used, value=18099464
type=GAUGE, name=jvm.memory.total.committed, value=444055552
type=GAUGE, name=jvm.memory.total.init, value=67567616
type=GAUGE, name=jvm.memory.total.max, value=913833983
type=GAUGE, name=jvm.memory.total.used, value=171523032
type=GAUGE, name=jvm.thread-states.blocked.count, value=1
type=GAUGE, name=jvm.thread-states.count, value=28
type=GAUGE, name=jvm.thread-states.daemon.count, value=8
type=GAUGE, name=jvm.thread-states.deadlock.count, value=0
type=GAUGE, name=jvm.thread-states.deadlocks, value=[]
type=GAUGE, name=jvm.thread-states.new.count, value=0
type=GAUGE, name=jvm.thread-states.runnable.count, value=8
type=GAUGE, name=jvm.thread-states.terminated.count, value=0
type=GAUGE, name=jvm.thread-states.timed_waiting.count, value=16
type=GAUGE, name=jvm.thread-states.waiting.count, value=3
type=METER, name=org.jasig.cas.CentralAuthenticationServiceImpl.CREATE_TICKET_GRANTING_TICKET_METER, count=0, mean_rate=0.0, m1=0.0, m5=0.0, m15=0.0, rate_unit=events/millisecond
type=METER, name=org.jasig.cas.CentralAuthenticationServiceImpl.DESTROY_TICKET_GRANTING_TICKET_METER, count=0, mean_rate=0.0, m1=0.0, m5=0.0, m15=0.0, rate_unit=events/millisecond
type=METER, name=org.jasig.cas.CentralAuthenticationServiceImpl.GET_TICKETS_METER, count=1, mean_rate=0.0, m1=0.0, m5=0.0, m15=0.0, rate_unit=events/millisecond
type=METER, name=org.jasig.cas.CentralAuthenticationServiceImpl.GET_TICKET_METER, count=0, mean_rate=0.0, m1=0.0, m5=0.0, m15=0.0, rate_unit=events/millisecond
type=METER, name=org.jasig.cas.CentralAuthenticationServiceImpl.GRANT_PROXY_GRANTING_TICKET_METER, count=0, mean_rate=0.0, m1=0.0, m5=0.0, m15=0.0, rate_unit=events/millisecond
type=METER, name=org.jasig.cas.CentralAuthenticationServiceImpl.GRANT_SERVICE_TICKET_METER, count=0, mean_rate=0.0, m1=0.0, m5=0.0, m15=0.0, rate_unit=events/millisecond
type=METER, name=org.jasig.cas.CentralAuthenticationServiceImpl.VALIDATE_SERVICE_TICKET_METER, count=0, mean_rate=0.0, m1=0.0, m5=0.0, m15=0.0, rate_unit=events/millisecond
type=TIMER, name=org.jasig.cas.CentralAuthenticationServiceImpl.CREATE_TICKET_GRANTING_TICKET_TIMER, count=0, min=0.0, max=0.0, mean=0.0, stddev=0.0, median=0.0, p75=0.0, p95=0.0, p98=0.0, p99=0.0, p999=0.0, mean_rate=0.0, m1=0.0, m5=0.0, m15=0.0, rate_unit=events/millisecond, duration_unit=milliseconds
type=TIMER, name=org.jasig.cas.CentralAuthenticationServiceImpl.DESTROY_TICKET_GRANTING_TICKET_TIMER, count=0, min=0.0, max=0.0, mean=0.0, stddev=0.0, median=0.0, p75=0.0, p95=0.0, p98=0.0, p99=0.0, p999=0.0, mean_rate=0.0, m1=0.0, m5=0.0, m15=0.0, rate_unit=events/millisecond, duration_unit=milliseconds
type=TIMER, name=org.jasig.cas.CentralAuthenticationServiceImpl.GET_TICKETS_TIMER, count=1, min=0.195729, max=0.195729, mean=0.195729, stddev=0.0, median=0.195729, p75=0.195729, p95=0.195729, p98=0.195729, p99=0.195729, p999=0.195729, mean_rate=0.0, m1=0.0, m5=0.0, m15=0.0, rate_unit=events/millisecond, duration_unit=milliseconds
type=TIMER, name=org.jasig.cas.CentralAuthenticationServiceImpl.GET_TICKET_TIMER, count=0, min=0.0, max=0.0, mean=0.0, stddev=0.0, median=0.0, p75=0.0, p95=0.0, p98=0.0, p99=0.0, p999=0.0, mean_rate=0.0, m1=0.0, m5=0.0, m15=0.0, rate_unit=events/millisecond, duration_unit=milliseconds
type=TIMER, name=org.jasig.cas.CentralAuthenticationServiceImpl.GRANT_PROXY_GRANTING_TICKET_TIMER, count=0, min=0.0, max=0.0, mean=0.0, stddev=0.0, median=0.0, p75=0.0, p95=0.0, p98=0.0, p99=0.0, p999=0.0, mean_rate=0.0, m1=0.0, m5=0.0, m15=0.0, rate_unit=events/millisecond, duration_unit=milliseconds
type=TIMER, name=org.jasig.cas.CentralAuthenticationServiceImpl.GRANT_SERVICE_TICKET_TIMER, count=0, min=0.0, max=0.0, mean=0.0, stddev=0.0, median=0.0, p75=0.0, p95=0.0, p98=0.0, p99=0.0, p999=0.0, mean_rate=0.0, m1=0.0, m5=0.0, m15=0.0, rate_unit=events/millisecond, duration_unit=milliseconds
type=TIMER, name=org.jasig.cas.CentralAuthenticationServiceImpl.VALIDATE_SERVICE_TICKET_TIMER, count=0, min=0.0, max=0.0, mean=0.0, stddev=0.0, median=0.0, p75=0.0, p95=0.0, p98=0.0, p99=0.0, p999=0.0, mean_rate=0.0, m1=0.0, m5=0.0, m15=0.0, rate_unit=events/millisecond, duration_unit=milliseconds
type=GAUGE, name=jvm.fd.usage, value=NaN
type=GAUGE, name=jvm.gc.PS-MarkSweep.count, value=8
type=GAUGE, name=jvm.gc.PS-MarkSweep.time, value=2286
type=GAUGE, name=jvm.gc.PS-Scavenge.count, value=114
type=GAUGE, name=jvm.gc.PS-Scavenge.time, value=8707
type=GAUGE, name=jvm.memory.heap.committed, value=354418688
type=GAUGE, name=jvm.memory.heap.init, value=65011712
type=GAUGE, name=jvm.memory.heap.max, value=913833984
type=GAUGE, name=jvm.memory.heap.usage, value=0.0949849201493474
type=GAUGE, name=jvm.memory.heap.used, value=86800448
type=GAUGE, name=jvm.memory.non-heap.committed, value=89636864
type=GAUGE, name=jvm.memory.non-heap.init, value=2555904
type=GAUGE, name=jvm.memory.non-heap.max, value=-1
type=GAUGE, name=jvm.memory.non-heap.usage, value=-8.6639328E7
type=GAUGE, name=jvm.memory.non-heap.used, value=86639328
type=GAUGE, name=jvm.memory.pools.Code-Cache.committed, value=28114944
type=GAUGE, name=jvm.memory.pools.Code-Cache.init, value=2555904
type=GAUGE, name=jvm.memory.pools.Code-Cache.max, value=251658240
type=GAUGE, name=jvm.memory.pools.Code-Cache.usage, value=0.10583292643229167
type=GAUGE, name=jvm.memory.pools.Code-Cache.used, value=26633728
type=GAUGE, name=jvm.memory.pools.Compressed-Class-Space.committed, value=6774784
type=GAUGE, name=jvm.memory.pools.Compressed-Class-Space.init, value=0
type=GAUGE, name=jvm.memory.pools.Compressed-Class-Space.max, value=1073741824
type=GAUGE, name=jvm.memory.pools.Compressed-Class-Space.usage, value=0.0060377344489097595
type=GAUGE, name=jvm.memory.pools.Compressed-Class-Space.used, value=6482968
type=GAUGE, name=jvm.memory.pools.Metaspace.committed, value=54747136
type=GAUGE, name=jvm.memory.pools.Metaspace.init, value=0
type=GAUGE, name=jvm.memory.pools.Metaspace.max, value=-1
type=GAUGE, name=jvm.memory.pools.Metaspace.usage, value=0.9776340446375131
type=GAUGE, name=jvm.memory.pools.Metaspace.used, value=53522664
type=GAUGE, name=jvm.memory.pools.PS-Eden-Space.committed, value=216530944
type=GAUGE, name=jvm.memory.pools.PS-Eden-Space.init, value=16252928
type=GAUGE, name=jvm.memory.pools.PS-Eden-Space.max, value=217055232
type=GAUGE, name=jvm.memory.pools.PS-Eden-Space.usage, value=0.1422529727364508
type=GAUGE, name=jvm.memory.pools.PS-Eden-Space.used, value=30876752
type=GAUGE, name=jvm.memory.pools.PS-Old-Gen.committed, value=75497472
type=GAUGE, name=jvm.memory.pools.PS-Old-Gen.init, value=43515904
type=GAUGE, name=jvm.memory.pools.PS-Old-Gen.max, value=685244416
type=GAUGE, name=jvm.memory.pools.PS-Old-Gen.usage, value=0.05519816158560276
type=GAUGE, name=jvm.memory.pools.PS-Old-Gen.used, value=37824232
type=GAUGE, name=jvm.memory.pools.PS-Survivor-Space.committed, value=62390272
type=GAUGE, name=jvm.memory.pools.PS-Survivor-Space.init, value=2621440
type=GAUGE, name=jvm.memory.pools.PS-Survivor-Space.max, value=62390272
type=GAUGE, name=jvm.memory.pools.PS-Survivor-Space.usage, value=0.29010073878184084
type=GAUGE, name=jvm.memory.pools.PS-Survivor-Space.used, value=18099464
type=GAUGE, name=jvm.memory.total.committed, value=444055552
type=GAUGE, name=jvm.memory.total.init, value=67567616
type=GAUGE, name=jvm.memory.total.max, value=913833983
type=GAUGE, name=jvm.memory.total.used, value=173427240
type=GAUGE, name=jvm.thread-states.blocked.count, value=1
type=GAUGE, name=jvm.thread-states.count, value=28
type=GAUGE, name=jvm.thread-states.daemon.count, value=8
type=GAUGE, name=jvm.thread-states.deadlock.count, value=0
type=GAUGE, name=jvm.thread-states.deadlocks, value=[]
type=GAUGE, name=jvm.thread-states.new.count, value=0
type=GAUGE, name=jvm.thread-states.runnable.count, value=8
type=GAUGE, name=jvm.thread-states.terminated.count, value=0
type=GAUGE, name=jvm.thread-states.timed_waiting.count, value=16
type=GAUGE, name=jvm.thread-states.waiting.count, value=3
type=METER, name=org.jasig.cas.CentralAuthenticationServiceImpl.CREATE_TICKET_GRANTING_TICKET_METER, count=0, mean_rate=0.0, m1=0.0, m5=0.0, m15=0.0, rate_unit=events/millisecond
type=METER, name=org.jasig.cas.CentralAuthenticationServiceImpl.DESTROY_TICKET_GRANTING_TICKET_METER, count=0, mean_rate=0.0, m1=0.0, m5=0.0, m15=0.0, rate_unit=events/millisecond
type=METER, name=org.jasig.cas.CentralAuthenticationServiceImpl.GET_TICKETS_METER, count=1, mean_rate=0.0, m1=0.0, m5=0.0, m15=0.0, rate_unit=events/millisecond
type=METER, name=org.jasig.cas.CentralAuthenticationServiceImpl.GET_TICKET_METER, count=0, mean_rate=0.0, m1=0.0, m5=0.0, m15=0.0, rate_unit=events/millisecond
type=METER, name=org.jasig.cas.CentralAuthenticationServiceImpl.GRANT_PROXY_GRANTING_TICKET_METER, count=0, mean_rate=0.0, m1=0.0, m5=0.0, m15=0.0, rate_unit=events/millisecond
type=METER, name=org.jasig.cas.CentralAuthenticationServiceImpl.GRANT_SERVICE_TICKET_METER, count=0, mean_rate=0.0, m1=0.0, m5=0.0, m15=0.0, rate_unit=events/millisecond
type=METER, name=org.jasig.cas.CentralAuthenticationServiceImpl.VALIDATE_SERVICE_TICKET_METER, count=0, mean_rate=0.0, m1=0.0, m5=0.0, m15=0.0, rate_unit=events/millisecond
type=TIMER, name=org.jasig.cas.CentralAuthenticationServiceImpl.CREATE_TICKET_GRANTING_TICKET_TIMER, count=0, min=0.0, max=0.0, mean=0.0, stddev=0.0, median=0.0, p75=0.0, p95=0.0, p98=0.0, p99=0.0, p999=0.0, mean_rate=0.0, m1=0.0, m5=0.0, m15=0.0, rate_unit=events/millisecond, duration_unit=milliseconds
type=TIMER, name=org.jasig.cas.CentralAuthenticationServiceImpl.DESTROY_TICKET_GRANTING_TICKET_TIMER, count=0, min=0.0, max=0.0, mean=0.0, stddev=0.0, median=0.0, p75=0.0, p95=0.0, p98=0.0, p99=0.0, p999=0.0, mean_rate=0.0, m1=0.0, m5=0.0, m15=0.0, rate_unit=events/millisecond, duration_unit=milliseconds
type=TIMER, name=org.jasig.cas.CentralAuthenticationServiceImpl.GET_TICKETS_TIMER, count=1, min=0.195729, max=0.195729, mean=0.195729, stddev=0.0, median=0.195729, p75=0.195729, p95=0.195729, p98=0.195729, p99=0.195729, p999=0.195729, mean_rate=0.0, m1=0.0, m5=0.0, m15=0.0, rate_unit=events/millisecond, duration_unit=milliseconds
type=TIMER, name=org.jasig.cas.CentralAuthenticationServiceImpl.GET_TICKET_TIMER, count=0, min=0.0, max=0.0, mean=0.0, stddev=0.0, median=0.0, p75=0.0, p95=0.0, p98=0.0, p99=0.0, p999=0.0, mean_rate=0.0, m1=0.0, m5=0.0, m15=0.0, rate_unit=events/millisecond, duration_unit=milliseconds
type=TIMER, name=org.jasig.cas.CentralAuthenticationServiceImpl.GRANT_PROXY_GRANTING_TICKET_TIMER, count=0, min=0.0, max=0.0, mean=0.0, stddev=0.0, median=0.0, p75=0.0, p95=0.0, p98=0.0, p99=0.0, p999=0.0, mean_rate=0.0, m1=0.0, m5=0.0, m15=0.0, rate_unit=events/millisecond, duration_unit=milliseconds
type=TIMER, name=org.jasig.cas.CentralAuthenticationServiceImpl.GRANT_SERVICE_TICKET_TIMER, count=0, min=0.0, max=0.0, mean=0.0, stddev=0.0, median=0.0, p75=0.0, p95=0.0, p98=0.0, p99=0.0, p999=0.0, mean_rate=0.0, m1=0.0, m5=0.0, m15=0.0, rate_unit=events/millisecond, duration_unit=milliseconds
type=TIMER, name=org.jasig.cas.CentralAuthenticationServiceImpl.VALIDATE_SERVICE_TICKET_TIMER, count=0, min=0.0, max=0.0, mean=0.0, stddev=0.0, median=0.0, p75=0.0, p95=0.0, p98=0.0, p99=0.0, p999=0.0, mean_rate=0.0, m1=0.0, m5=0.0, m15=0.0, rate_unit=events/millisecond, duration_unit=milliseconds
type=GAUGE, name=jvm.fd.usage, value=NaN
type=GAUGE, name=jvm.gc.PS-MarkSweep.count, value=8
type=GAUGE, name=jvm.gc.PS-MarkSweep.time, value=2286
type=GAUGE, name=jvm.gc.PS-Scavenge.count, value=114
type=GAUGE, name=jvm.gc.PS-Scavenge.time, value=8707
type=GAUGE, name=jvm.memory.heap.committed, value=354418688
type=GAUGE, name=jvm.memory.heap.init, value=65011712
type=GAUGE, name=jvm.memory.heap.max, value=913833984
type=GAUGE, name=jvm.memory.heap.usage, value=0.09893409260647501
type=GAUGE, name=jvm.memory.heap.used, value=90409336
type=GAUGE, name=jvm.memory.non-heap.committed, value=89636864
type=GAUGE, name=jvm.memory.non-heap.init, value=2555904
type=GAUGE, name=jvm.memory.non-heap.max, value=-1
type=GAUGE, name=jvm.memory.non-heap.usage, value=-8.6643112E7
type=GAUGE, name=jvm.memory.non-heap.used, value=86646192
type=GAUGE, name=jvm.memory.pools.Code-Cache.committed, value=28114944
type=GAUGE, name=jvm.memory.pools.Code-Cache.init, value=2555904
type=GAUGE, name=jvm.memory.pools.Code-Cache.max, value=251658240
type=GAUGE, name=jvm.memory.pools.Code-Cache.usage, value=0.10569839477539063
type=GAUGE, name=jvm.memory.pools.Code-Cache.used, value=26599872
type=GAUGE, name=jvm.memory.pools.Compressed-Class-Space.committed, value=6774784
type=GAUGE, name=jvm.memory.pools.Compressed-Class-Space.init, value=0
type=GAUGE, name=jvm.memory.pools.Compressed-Class-Space.max, value=1073741824
type=GAUGE, name=jvm.memory.pools.Compressed-Class-Space.usage, value=0.0060377344489097595
type=GAUGE, name=jvm.memory.pools.Compressed-Class-Space.used, value=6482968
type=GAUGE, name=jvm.memory.pools.Metaspace.committed, value=54747136
type=GAUGE, name=jvm.memory.pools.Metaspace.init, value=0
type=GAUGE, name=jvm.memory.pools.Metaspace.max, value=-1
type=GAUGE, name=jvm.memory.pools.Metaspace.usage, value=0.9783857186611552
type=GAUGE, name=jvm.memory.pools.Metaspace.used, value=53563816
type=GAUGE, name=jvm.memory.pools.PS-Eden-Space.committed, value=216530944
type=GAUGE, name=jvm.memory.pools.PS-Eden-Space.init, value=16252928
type=GAUGE, name=jvm.memory.pools.PS-Eden-Space.max, value=217055232
type=GAUGE, name=jvm.memory.pools.PS-Eden-Space.usage, value=0.15887956112479243
type=GAUGE, name=jvm.memory.pools.PS-Eden-Space.used, value=34485640
type=GAUGE, name=jvm.memory.pools.PS-Old-Gen.committed, value=75497472
type=GAUGE, name=jvm.memory.pools.PS-Old-Gen.init, value=43515904
type=GAUGE, name=jvm.memory.pools.PS-Old-Gen.max, value=685244416
type=GAUGE, name=jvm.memory.pools.PS-Old-Gen.usage, value=0.05519816158560276
type=GAUGE, name=jvm.memory.pools.PS-Old-Gen.used, value=37824232
type=GAUGE, name=jvm.memory.pools.PS-Survivor-Space.committed, value=62390272
type=GAUGE, name=jvm.memory.pools.PS-Survivor-Space.init, value=2621440
type=GAUGE, name=jvm.memory.pools.PS-Survivor-Space.max, value=62390272
type=GAUGE, name=jvm.memory.pools.PS-Survivor-Space.usage, value=0.29010073878184084
type=GAUGE, name=jvm.memory.pools.PS-Survivor-Space.used, value=18099464
type=GAUGE, name=jvm.memory.total.committed, value=444055552
type=GAUGE, name=jvm.memory.total.init, value=67567616
type=GAUGE, name=jvm.memory.total.max, value=913833983
type=GAUGE, name=jvm.memory.total.used, value=177101040
type=GAUGE, name=jvm.thread-states.blocked.count, value=1
type=GAUGE, name=jvm.thread-states.count, value=28
type=GAUGE, name=jvm.thread-states.daemon.count, value=8
type=GAUGE, name=jvm.thread-states.deadlock.count, value=0
type=GAUGE, name=jvm.thread-states.deadlocks, value=[]
type=GAUGE, name=jvm.thread-states.new.count, value=0
type=GAUGE, name=jvm.thread-states.runnable.count, value=8
type=GAUGE, name=jvm.thread-states.terminated.count, value=0
type=GAUGE, name=jvm.thread-states.timed_waiting.count, value=16
type=GAUGE, name=jvm.thread-states.waiting.count, value=3
type=METER, name=org.jasig.cas.CentralAuthenticationServiceImpl.CREATE_TICKET_GRANTING_TICKET_METER, count=0, mean_rate=0.0, m1=0.0, m5=0.0, m15=0.0, rate_unit=events/millisecond
type=METER, name=org.jasig.cas.CentralAuthenticationServiceImpl.DESTROY_TICKET_GRANTING_TICKET_METER, count=0, mean_rate=0.0, m1=0.0, m5=0.0, m15=0.0, rate_unit=events/millisecond
type=METER, name=org.jasig.cas.CentralAuthenticationServiceImpl.GET_TICKETS_METER, count=1, mean_rate=0.0, m1=0.0, m5=0.0, m15=0.0, rate_unit=events/millisecond
type=METER, name=org.jasig.cas.CentralAuthenticationServiceImpl.GET_TICKET_METER, count=0, mean_rate=0.0, m1=0.0, m5=0.0, m15=0.0, rate_unit=events/millisecond
type=METER, name=org.jasig.cas.CentralAuthenticationServiceImpl.GRANT_PROXY_GRANTING_TICKET_METER, count=0, mean_rate=0.0, m1=0.0, m5=0.0, m15=0.0, rate_unit=events/millisecond
type=METER, name=org.jasig.cas.CentralAuthenticationServiceImpl.GRANT_SERVICE_TICKET_METER, count=0, mean_rate=0.0, m1=0.0, m5=0.0, m15=0.0, rate_unit=events/millisecond
type=METER, name=org.jasig.cas.CentralAuthenticationServiceImpl.VALIDATE_SERVICE_TICKET_METER, count=0, mean_rate=0.0, m1=0.0, m5=0.0, m15=0.0, rate_unit=events/millisecond
type=TIMER, name=org.jasig.cas.CentralAuthenticationServiceImpl.CREATE_TICKET_GRANTING_TICKET_TIMER, count=0, min=0.0, max=0.0, mean=0.0, stddev=0.0, median=0.0, p75=0.0, p95=0.0, p98=0.0, p99=0.0, p999=0.0, mean_rate=0.0, m1=0.0, m5=0.0, m15=0.0, rate_unit=events/millisecond, duration_unit=milliseconds
type=TIMER, name=org.jasig.cas.CentralAuthenticationServiceImpl.DESTROY_TICKET_GRANTING_TICKET_TIMER, count=0, min=0.0, max=0.0, mean=0.0, stddev=0.0, median=0.0, p75=0.0, p95=0.0, p98=0.0, p99=0.0, p999=0.0, mean_rate=0.0, m1=0.0, m5=0.0, m15=0.0, rate_unit=events/millisecond, duration_unit=milliseconds
type=TIMER, name=org.jasig.cas.CentralAuthenticationServiceImpl.GET_TICKETS_TIMER, count=1, min=0.195729, max=0.195729, mean=0.195729, stddev=0.0, median=0.195729, p75=0.195729, p95=0.195729, p98=0.195729, p99=0.195729, p999=0.195729, mean_rate=0.0, m1=0.0, m5=0.0, m15=0.0, rate_unit=events/millisecond, duration_unit=milliseconds
type=TIMER, name=org.jasig.cas.CentralAuthenticationServiceImpl.GET_TICKET_TIMER, count=0, min=0.0, max=0.0, mean=0.0, stddev=0.0, median=0.0, p75=0.0, p95=0.0, p98=0.0, p99=0.0, p999=0.0, mean_rate=0.0, m1=0.0, m5=0.0, m15=0.0, rate_unit=events/millisecond, duration_unit=milliseconds
type=TIMER, name=org.jasig.cas.CentralAuthenticationServiceImpl.GRANT_PROXY_GRANTING_TICKET_TIMER, count=0, min=0.0, max=0.0, mean=0.0, stddev=0.0, median=0.0, p75=0.0, p95=0.0, p98=0.0, p99=0.0, p999=0.0, mean_rate=0.0, m1=0.0, m5=0.0, m15=0.0, rate_unit=events/millisecond, duration_unit=milliseconds
type=TIMER, name=org.jasig.cas.CentralAuthenticationServiceImpl.GRANT_SERVICE_TICKET_TIMER, count=0, min=0.0, max=0.0, mean=0.0, stddev=0.0, median=0.0, p75=0.0, p95=0.0, p98=0.0, p99=0.0, p999=0.0, mean_rate=0.0, m1=0.0, m5=0.0, m15=0.0, rate_unit=events/millisecond, duration_unit=milliseconds
type=TIMER, name=org.jasig.cas.CentralAuthenticationServiceImpl.VALIDATE_SERVICE_TICKET_TIMER, count=0, min=0.0, max=0.0, mean=0.0, stddev=0.0, median=0.0, p75=0.0, p95=0.0, p98=0.0, p99=0.0, p999=0.0, mean_rate=0.0, m1=0.0, m5=0.0, m15=0.0, rate_unit=events/millisecond, duration_unit=milliseconds
type=GAUGE, name=jvm.fd.usage, value=NaN
type=GAUGE, name=jvm.gc.PS-MarkSweep.count, value=8
type=GAUGE, name=jvm.gc.PS-MarkSweep.time, value=2286
type=GAUGE, name=jvm.gc.PS-Scavenge.count, value=114
type=GAUGE, name=jvm.gc.PS-Scavenge.time, value=8707
type=GAUGE, name=jvm.memory.heap.committed, value=354418688
type=GAUGE, name=jvm.memory.heap.init, value=65011712
type=GAUGE, name=jvm.memory.heap.max, value=913833984
type=GAUGE, name=jvm.memory.heap.usage, value=0.0997240041359635
type=GAUGE, name=jvm.memory.heap.used, value=91131184
type=GAUGE, name=jvm.memory.non-heap.committed, value=89636864
type=GAUGE, name=jvm.memory.non-heap.init, value=2555904
type=GAUGE, name=jvm.memory.non-heap.max, value=-1
type=GAUGE, name=jvm.memory.non-heap.usage, value=-8.6741512E7
type=GAUGE, name=jvm.memory.non-heap.used, value=86741512
type=GAUGE, name=jvm.memory.pools.Code-Cache.committed, value=28114944
type=GAUGE, name=jvm.memory.pools.Code-Cache.init, value=2555904
type=GAUGE, name=jvm.memory.pools.Code-Cache.max, value=251658240
type=GAUGE, name=jvm.memory.pools.Code-Cache.usage, value=0.10602442423502605
type=GAUGE, name=jvm.memory.pools.Code-Cache.used, value=26681920
type=GAUGE, name=jvm.memory.pools.Compressed-Class-Space.committed, value=6774784
type=GAUGE, name=jvm.memory.pools.Compressed-Class-Space.init, value=0
type=GAUGE, name=jvm.memory.pools.Compressed-Class-Space.max, value=1073741824
type=GAUGE, name=jvm.memory.pools.Compressed-Class-Space.usage, value=0.0060377344489097595
type=GAUGE, name=jvm.memory.pools.Compressed-Class-Space.used, value=6482968
type=GAUGE, name=jvm.memory.pools.Metaspace.committed, value=54747136
type=GAUGE, name=jvm.memory.pools.Metaspace.init, value=0
type=GAUGE, name=jvm.memory.pools.Metaspace.max, value=-1
type=GAUGE, name=jvm.memory.pools.Metaspace.usage, value=0.9786370560096513
type=GAUGE, name=jvm.memory.pools.Metaspace.used, value=53577576
type=GAUGE, name=jvm.memory.pools.PS-Eden-Space.committed, value=216530944
type=GAUGE, name=jvm.memory.pools.PS-Eden-Space.init, value=16252928
type=GAUGE, name=jvm.memory.pools.PS-Eden-Space.max, value=217055232
type=GAUGE, name=jvm.memory.pools.PS-Eden-Space.usage, value=0.16220520314387077
type=GAUGE, name=jvm.memory.pools.PS-Eden-Space.used, value=35207488
type=GAUGE, name=jvm.memory.pools.PS-Old-Gen.committed, value=75497472
type=GAUGE, name=jvm.memory.pools.PS-Old-Gen.init, value=43515904
type=GAUGE, name=jvm.memory.pools.PS-Old-Gen.max, value=685244416
type=GAUGE, name=jvm.memory.pools.PS-Old-Gen.usage, value=0.05519816158560276
type=GAUGE, name=jvm.memory.pools.PS-Old-Gen.used, value=37824232
type=GAUGE, name=jvm.memory.pools.PS-Survivor-Space.committed, value=62390272
type=GAUGE, name=jvm.memory.pools.PS-Survivor-Space.init, value=2621440
type=GAUGE, name=jvm.memory.pools.PS-Survivor-Space.max, value=62390272
type=GAUGE, name=jvm.memory.pools.PS-Survivor-Space.usage, value=0.29010073878184084
type=GAUGE, name=jvm.memory.pools.PS-Survivor-Space.used, value=18099464
type=GAUGE, name=jvm.memory.total.committed, value=444055552
type=GAUGE, name=jvm.memory.total.init, value=67567616
type=GAUGE, name=jvm.memory.total.max, value=913833983
type=GAUGE, name=jvm.memory.total.used, value=177882512
type=GAUGE, name=jvm.thread-states.blocked.count, value=1
type=GAUGE, name=jvm.thread-states.count, value=28
type=GAUGE, name=jvm.thread-states.daemon.count, value=8
type=GAUGE, name=jvm.thread-states.deadlock.count, value=0
type=GAUGE, name=jvm.thread-states.deadlocks, value=[]
type=GAUGE, name=jvm.thread-states.new.count, value=0
type=GAUGE, name=jvm.thread-states.runnable.count, value=8
type=GAUGE, name=jvm.thread-states.terminated.count, value=0
type=GAUGE, name=jvm.thread-states.timed_waiting.count, value=16
type=GAUGE, name=jvm.thread-states.waiting.count, value=3
type=METER, name=org.jasig.cas.CentralAuthenticationServiceImpl.CREATE_TICKET_GRANTING_TICKET_METER, count=0, mean_rate=0.0, m1=0.0, m5=0.0, m15=0.0, rate_unit=events/millisecond
type=METER, name=org.jasig.cas.CentralAuthenticationServiceImpl.DESTROY_TICKET_GRANTING_TICKET_METER, count=0, mean_rate=0.0, m1=0.0, m5=0.0, m15=0.0, rate_unit=events/millisecond
type=METER, name=org.jasig.cas.CentralAuthenticationServiceImpl.GET_TICKETS_METER, count=1, mean_rate=0.0, m1=0.0, m5=0.0, m15=0.0, rate_unit=events/millisecond
type=METER, name=org.jasig.cas.CentralAuthenticationServiceImpl.GET_TICKET_METER, count=0, mean_rate=0.0, m1=0.0, m5=0.0, m15=0.0, rate_unit=events/millisecond
type=METER, name=org.jasig.cas.CentralAuthenticationServiceImpl.GRANT_PROXY_GRANTING_TICKET_METER, count=0, mean_rate=0.0, m1=0.0, m5=0.0, m15=0.0, rate_unit=events/millisecond
type=METER, name=org.jasig.cas.CentralAuthenticationServiceImpl.GRANT_SERVICE_TICKET_METER, count=0, mean_rate=0.0, m1=0.0, m5=0.0, m15=0.0, rate_unit=events/millisecond
type=METER, name=org.jasig.cas.CentralAuthenticationServiceImpl.VALIDATE_SERVICE_TICKET_METER, count=0, mean_rate=0.0, m1=0.0, m5=0.0, m15=0.0, rate_unit=events/millisecond
type=TIMER, name=org.jasig.cas.CentralAuthenticationServiceImpl.CREATE_TICKET_GRANTING_TICKET_TIMER, count=0, min=0.0, max=0.0, mean=0.0, stddev=0.0, median=0.0, p75=0.0, p95=0.0, p98=0.0, p99=0.0, p999=0.0, mean_rate=0.0, m1=0.0, m5=0.0, m15=0.0, rate_unit=events/millisecond, duration_unit=milliseconds
type=TIMER, name=org.jasig.cas.CentralAuthenticationServiceImpl.DESTROY_TICKET_GRANTING_TICKET_TIMER, count=0, min=0.0, max=0.0, mean=0.0, stddev=0.0, median=0.0, p75=0.0, p95=0.0, p98=0.0, p99=0.0, p999=0.0, mean_rate=0.0, m1=0.0, m5=0.0, m15=0.0, rate_unit=events/millisecond, duration_unit=milliseconds
type=TIMER, name=org.jasig.cas.CentralAuthenticationServiceImpl.GET_TICKETS_TIMER, count=1, min=0.195729, max=0.195729, mean=0.195729, stddev=0.0, median=0.195729, p75=0.195729, p95=0.195729, p98=0.195729, p99=0.195729, p999=0.195729, mean_rate=0.0, m1=0.0, m5=0.0, m15=0.0, rate_unit=events/millisecond, duration_unit=milliseconds
type=TIMER, name=org.jasig.cas.CentralAuthenticationServiceImpl.GET_TICKET_TIMER, count=0, min=0.0, max=0.0, mean=0.0, stddev=0.0, median=0.0, p75=0.0, p95=0.0, p98=0.0, p99=0.0, p999=0.0, mean_rate=0.0, m1=0.0, m5=0.0, m15=0.0, rate_unit=events/millisecond, duration_unit=milliseconds
type=TIMER, name=org.jasig.cas.CentralAuthenticationServiceImpl.GRANT_PROXY_GRANTING_TICKET_TIMER, count=0, min=0.0, max=0.0, mean=0.0, stddev=0.0, median=0.0, p75=0.0, p95=0.0, p98=0.0, p99=0.0, p999=0.0, mean_rate=0.0, m1=0.0, m5=0.0, m15=0.0, rate_unit=events/millisecond, duration_unit=milliseconds
type=TIMER, name=org.jasig.cas.CentralAuthenticationServiceImpl.GRANT_SERVICE_TICKET_TIMER, count=0, min=0.0, max=0.0, mean=0.0, stddev=0.0, median=0.0, p75=0.0, p95=0.0, p98=0.0, p99=0.0, p999=0.0, mean_rate=0.0, m1=0.0, m5=0.0, m15=0.0, rate_unit=events/millisecond, duration_unit=milliseconds
type=TIMER, name=org.jasig.cas.CentralAuthenticationServiceImpl.VALIDATE_SERVICE_TICKET_TIMER, count=0, min=0.0, max=0.0, mean=0.0, stddev=0.0, median=0.0, p75=0.0, p95=0.0, p98=0.0, p99=0.0, p999=0.0, mean_rate=0.0, m1=0.0, m5=0.0, m15=0.0, rate_unit=events/millisecond, duration_unit=milliseconds
type=GAUGE, name=jvm.fd.usage, value=NaN
type=GAUGE, name=jvm.gc.PS-MarkSweep.count, value=8
type=GAUGE, name=jvm.gc.PS-MarkSweep.time, value=2286
type=GAUGE, name=jvm.gc.PS-Scavenge.count, value=114
type=GAUGE, name=jvm.gc.PS-Scavenge.time, value=8707
type=GAUGE, name=jvm.memory.heap.committed, value=354418688
type=GAUGE, name=jvm.memory.heap.init, value=65011712
type=GAUGE, name=jvm.memory.heap.max, value=913833984
type=GAUGE, name=jvm.memory.heap.usage, value=0.0997240041359635
type=GAUGE, name=jvm.memory.heap.used, value=91131184
type=GAUGE, name=jvm.memory.non-heap.committed, value=89636864
type=GAUGE, name=jvm.memory.non-heap.init, value=2555904
type=GAUGE, name=jvm.memory.non-heap.max, value=-1
type=GAUGE, name=jvm.memory.non-heap.usage, value=-8.6763592E7
type=GAUGE, name=jvm.memory.non-heap.used, value=86763592
type=GAUGE, name=jvm.memory.pools.Code-Cache.committed, value=28114944
type=GAUGE, name=jvm.memory.pools.Code-Cache.init, value=2555904
type=GAUGE, name=jvm.memory.pools.Code-Cache.max, value=251658240
type=GAUGE, name=jvm.memory.pools.Code-Cache.usage, value=0.10605901082356771
type=GAUGE, name=jvm.memory.pools.Code-Cache.used, value=26693696
type=GAUGE, name=jvm.memory.pools.Compressed-Class-Space.committed, value=6774784
type=GAUGE, name=jvm.memory.pools.Compressed-Class-Space.init, value=0
type=GAUGE, name=jvm.memory.pools.Compressed-Class-Space.max, value=1073741824
type=GAUGE, name=jvm.memory.pools.Compressed-Class-Space.usage, value=0.0060377344489097595
type=GAUGE, name=jvm.memory.pools.Compressed-Class-Space.used, value=6482968
type=GAUGE, name=jvm.memory.pools.Metaspace.committed, value=54747136
type=GAUGE, name=jvm.memory.pools.Metaspace.init, value=0
type=GAUGE, name=jvm.memory.pools.Metaspace.max, value=-1
type=GAUGE, name=jvm.memory.pools.Metaspace.usage, value=0.9788796257762232
type=GAUGE, name=jvm.memory.pools.Metaspace.used, value=53590856
type=GAUGE, name=jvm.memory.pools.PS-Eden-Space.committed, value=216530944
type=GAUGE, name=jvm.memory.pools.PS-Eden-Space.init, value=16252928
type=GAUGE, name=jvm.memory.pools.PS-Eden-Space.max, value=217055232
type=GAUGE, name=jvm.memory.pools.PS-Eden-Space.usage, value=0.16220520314387077
type=GAUGE, name=jvm.memory.pools.PS-Eden-Space.used, value=35207488
type=GAUGE, name=jvm.memory.pools.PS-Old-Gen.committed, value=75497472
type=GAUGE, name=jvm.memory.pools.PS-Old-Gen.init, value=43515904
type=GAUGE, name=jvm.memory.pools.PS-Old-Gen.max, value=685244416
type=GAUGE, name=jvm.memory.pools.PS-Old-Gen.usage, value=0.05519816158560276
type=GAUGE, name=jvm.memory.pools.PS-Old-Gen.used, value=37824232
type=GAUGE, name=jvm.memory.pools.PS-Survivor-Space.committed, value=62390272
type=GAUGE, name=jvm.memory.pools.PS-Survivor-Space.init, value=2621440
type=GAUGE, name=jvm.memory.pools.PS-Survivor-Space.max, value=62390272
type=GAUGE, name=jvm.memory.pools.PS-Survivor-Space.usage, value=0.29010073878184084
type=GAUGE, name=jvm.memory.pools.PS-Survivor-Space.used, value=18099464
type=GAUGE, name=jvm.memory.total.committed, value=444055552
type=GAUGE, name=jvm.memory.total.init, value=67567616
type=GAUGE, name=jvm.memory.total.max, value=913833983
type=GAUGE, name=jvm.memory.total.used, value=178601880
type=GAUGE, name=jvm.thread-states.blocked.count, value=1
type=GAUGE, name=jvm.thread-states.count, value=28
type=GAUGE, name=jvm.thread-states.daemon.count, value=8
type=GAUGE, name=jvm.thread-states.deadlock.count, value=0
type=GAUGE, name=jvm.thread-states.deadlocks, value=[]
type=GAUGE, name=jvm.thread-states.new.count, value=0
type=GAUGE, name=jvm.thread-states.runnable.count, value=8
type=GAUGE, name=jvm.thread-states.terminated.count, value=0
type=GAUGE, name=jvm.thread-states.timed_waiting.count, value=16
type=GAUGE, name=jvm.thread-states.waiting.count, value=3
type=METER, name=org.jasig.cas.CentralAuthenticationServiceImpl.CREATE_TICKET_GRANTING_TICKET_METER, count=0, mean_rate=0.0, m1=0.0, m5=0.0, m15=0.0, rate_unit=events/millisecond
type=METER, name=org.jasig.cas.CentralAuthenticationServiceImpl.DESTROY_TICKET_GRANTING_TICKET_METER, count=0, mean_rate=0.0, m1=0.0, m5=0.0, m15=0.0, rate_unit=events/millisecond
type=METER, name=org.jasig.cas.CentralAuthenticationServiceImpl.GET_TICKETS_METER, count=1, mean_rate=0.0, m1=0.0, m5=0.0, m15=0.0, rate_unit=events/millisecond
type=METER, name=org.jasig.cas.CentralAuthenticationServiceImpl.GET_TICKET_METER, count=0, mean_rate=0.0, m1=0.0, m5=0.0, m15=0.0, rate_unit=events/millisecond
type=METER, name=org.jasig.cas.CentralAuthenticationServiceImpl.GRANT_PROXY_GRANTING_TICKET_METER, count=0, mean_rate=0.0, m1=0.0, m5=0.0, m15=0.0, rate_unit=events/millisecond
type=METER, name=org.jasig.cas.CentralAuthenticationServiceImpl.GRANT_SERVICE_TICKET_METER, count=0, mean_rate=0.0, m1=0.0, m5=0.0, m15=0.0, rate_unit=events/millisecond
type=METER, name=org.jasig.cas.CentralAuthenticationServiceImpl.VALIDATE_SERVICE_TICKET_METER, count=0, mean_rate=0.0, m1=0.0, m5=0.0, m15=0.0, rate_unit=events/millisecond
type=TIMER, name=org.jasig.cas.CentralAuthenticationServiceImpl.CREATE_TICKET_GRANTING_TICKET_TIMER, count=0, min=0.0, max=0.0, mean=0.0, stddev=0.0, median=0.0, p75=0.0, p95=0.0, p98=0.0, p99=0.0, p999=0.0, mean_rate=0.0, m1=0.0, m5=0.0, m15=0.0, rate_unit=events/millisecond, duration_unit=milliseconds
type=TIMER, name=org.jasig.cas.CentralAuthenticationServiceImpl.DESTROY_TICKET_GRANTING_TICKET_TIMER, count=0, min=0.0, max=0.0, mean=0.0, stddev=0.0, median=0.0, p75=0.0, p95=0.0, p98=0.0, p99=0.0, p999=0.0, mean_rate=0.0, m1=0.0, m5=0.0, m15=0.0, rate_unit=events/millisecond, duration_unit=milliseconds
type=TIMER, name=org.jasig.cas.CentralAuthenticationServiceImpl.GET_TICKETS_TIMER, count=1, min=0.195729, max=0.195729, mean=0.195729, stddev=0.0, median=0.195729, p75=0.195729, p95=0.195729, p98=0.195729, p99=0.195729, p999=0.195729, mean_rate=0.0, m1=0.0, m5=0.0, m15=0.0, rate_unit=events/millisecond, duration_unit=milliseconds
type=TIMER, name=org.jasig.cas.CentralAuthenticationServiceImpl.GET_TICKET_TIMER, count=0, min=0.0, max=0.0, mean=0.0, stddev=0.0, median=0.0, p75=0.0, p95=0.0, p98=0.0, p99=0.0, p999=0.0, mean_rate=0.0, m1=0.0, m5=0.0, m15=0.0, rate_unit=events/millisecond, duration_unit=milliseconds
type=TIMER, name=org.jasig.cas.CentralAuthenticationServiceImpl.GRANT_PROXY_GRANTING_TICKET_TIMER, count=0, min=0.0, max=0.0, mean=0.0, stddev=0.0, median=0.0, p75=0.0, p95=0.0, p98=0.0, p99=0.0, p999=0.0, mean_rate=0.0, m1=0.0, m5=0.0, m15=0.0, rate_unit=events/millisecond, duration_unit=milliseconds
type=TIMER, name=org.jasig.cas.CentralAuthenticationServiceImpl.GRANT_SERVICE_TICKET_TIMER, count=0, min=0.0, max=0.0, mean=0.0, stddev=0.0, median=0.0, p75=0.0, p95=0.0, p98=0.0, p99=0.0, p999=0.0, mean_rate=0.0, m1=0.0, m5=0.0, m15=0.0, rate_unit=events/millisecond, duration_unit=milliseconds
type=TIMER, name=org.jasig.cas.CentralAuthenticationServiceImpl.VALIDATE_SERVICE_TICKET_TIMER, count=0, min=0.0, max=0.0, mean=0.0, stddev=0.0, median=0.0, p75=0.0, p95=0.0, p98=0.0, p99=0.0, p999=0.0, mean_rate=0.0, m1=0.0, m5=0.0, m15=0.0, rate_unit=events/millisecond, duration_unit=milliseconds
type=GAUGE, name=jvm.fd.usage, value=NaN
type=GAUGE, name=jvm.gc.PS-MarkSweep.count, value=9
type=GAUGE, name=jvm.gc.PS-MarkSweep.time, value=2605
type=GAUGE, name=jvm.gc.PS-Scavenge.count, value=116
type=GAUGE, name=jvm.gc.PS-Scavenge.time, value=8766
type=GAUGE, name=jvm.memory.heap.committed, value=395313152
type=GAUGE, name=jvm.memory.heap.init, value=65011712
type=GAUGE, name=jvm.memory.heap.max, value=913833984
type=GAUGE, name=jvm.memory.heap.usage, value=0.12577204395147554
type=GAUGE, name=jvm.memory.heap.used, value=114934768
type=GAUGE, name=jvm.memory.non-heap.committed, value=107069440
type=GAUGE, name=jvm.memory.non-heap.init, value=2555904
type=GAUGE, name=jvm.memory.non-heap.max, value=-1
type=GAUGE, name=jvm.memory.non-heap.usage, value=-1.05211128E8
type=GAUGE, name=jvm.memory.non-heap.used, value=105211128
type=GAUGE, name=jvm.memory.pools.Code-Cache.committed, value=32178176
type=GAUGE, name=jvm.memory.pools.Code-Cache.init, value=2555904
type=GAUGE, name=jvm.memory.pools.Code-Cache.max, value=251658240
type=GAUGE, name=jvm.memory.pools.Code-Cache.usage, value=0.12705001831054688
type=GAUGE, name=jvm.memory.pools.Code-Cache.used, value=31973184
type=GAUGE, name=jvm.memory.pools.Compressed-Class-Space.committed, value=8085504
type=GAUGE, name=jvm.memory.pools.Compressed-Class-Space.init, value=0
type=GAUGE, name=jvm.memory.pools.Compressed-Class-Space.max, value=1073741824
type=GAUGE, name=jvm.memory.pools.Compressed-Class-Space.usage, value=0.007265590131282806
type=GAUGE, name=jvm.memory.pools.Compressed-Class-Space.used, value=7801368
type=GAUGE, name=jvm.memory.pools.Metaspace.committed, value=66805760
type=GAUGE, name=jvm.memory.pools.Metaspace.init, value=0
type=GAUGE, name=jvm.memory.pools.Metaspace.max, value=-1
type=GAUGE, name=jvm.memory.pools.Metaspace.usage, value=0.979505000766401
type=GAUGE, name=jvm.memory.pools.Metaspace.used, value=65436576
type=GAUGE, name=jvm.memory.pools.PS-Eden-Space.committed, value=216530944
type=GAUGE, name=jvm.memory.pools.PS-Eden-Space.init, value=16252928
type=GAUGE, name=jvm.memory.pools.PS-Eden-Space.max, value=218103808
type=GAUGE, name=jvm.memory.pools.PS-Eden-Space.usage, value=0.2600102791419396
type=GAUGE, name=jvm.memory.pools.PS-Eden-Space.used, value=56709232
type=GAUGE, name=jvm.memory.pools.PS-Old-Gen.committed, value=116916224
type=GAUGE, name=jvm.memory.pools.PS-Old-Gen.init, value=43515904
type=GAUGE, name=jvm.memory.pools.PS-Old-Gen.max, value=685244416
type=GAUGE, name=jvm.memory.pools.PS-Old-Gen.usage, value=0.08497046402783091
type=GAUGE, name=jvm.memory.pools.PS-Old-Gen.used, value=58225536
type=GAUGE, name=jvm.memory.pools.PS-Survivor-Space.committed, value=61865984
type=GAUGE, name=jvm.memory.pools.PS-Survivor-Space.init, value=2621440
type=GAUGE, name=jvm.memory.pools.PS-Survivor-Space.max, value=61865984
type=GAUGE, name=jvm.memory.pools.PS-Survivor-Space.usage, value=0.0
type=GAUGE, name=jvm.memory.pools.PS-Survivor-Space.used, value=0
type=GAUGE, name=jvm.memory.total.committed, value=502382592
type=GAUGE, name=jvm.memory.total.init, value=67567616
type=GAUGE, name=jvm.memory.total.max, value=913833983
type=GAUGE, name=jvm.memory.total.used, value=220115440
type=GAUGE, name=jvm.thread-states.blocked.count, value=1
type=GAUGE, name=jvm.thread-states.count, value=31
type=GAUGE, name=jvm.thread-states.daemon.count, value=9
type=GAUGE, name=jvm.thread-states.deadlock.count, value=0
type=GAUGE, name=jvm.thread-states.deadlocks, value=[]
type=GAUGE, name=jvm.thread-states.new.count, value=0
type=GAUGE, name=jvm.thread-states.runnable.count, value=8
type=GAUGE, name=jvm.thread-states.terminated.count, value=0
type=GAUGE, name=jvm.thread-states.timed_waiting.count, value=18
type=GAUGE, name=jvm.thread-states.waiting.count, value=4
type=METER, name=org.jasig.cas.CentralAuthenticationServiceImpl.CREATE_TICKET_GRANTING_TICKET_METER, count=0, mean_rate=0.0, m1=0.0, m5=0.0, m15=0.0, rate_unit=events/millisecond
type=METER, name=org.jasig.cas.CentralAuthenticationServiceImpl.DESTROY_TICKET_GRANTING_TICKET_METER, count=0, mean_rate=0.0, m1=0.0, m5=0.0, m15=0.0, rate_unit=events/millisecond
type=METER, name=org.jasig.cas.CentralAuthenticationServiceImpl.GET_TICKETS_METER, count=1, mean_rate=0.0, m1=0.0, m5=0.0, m15=0.0, rate_unit=events/millisecond
type=METER, name=org.jasig.cas.CentralAuthenticationServiceImpl.GET_TICKET_METER, count=0, mean_rate=0.0, m1=0.0, m5=0.0, m15=0.0, rate_unit=events/millisecond
type=METER, name=org.jasig.cas.CentralAuthenticationServiceImpl.GRANT_PROXY_GRANTING_TICKET_METER, count=0, mean_rate=0.0, m1=0.0, m5=0.0, m15=0.0, rate_unit=events/millisecond
type=METER, name=org.jasig.cas.CentralAuthenticationServiceImpl.GRANT_SERVICE_TICKET_METER, count=0, mean_rate=0.0, m1=0.0, m5=0.0, m15=0.0, rate_unit=events/millisecond
type=METER, name=org.jasig.cas.CentralAuthenticationServiceImpl.VALIDATE_SERVICE_TICKET_METER, count=0, mean_rate=0.0, m1=0.0, m5=0.0, m15=0.0, rate_unit=events/millisecond
type=TIMER, name=org.jasig.cas.CentralAuthenticationServiceImpl.CREATE_TICKET_GRANTING_TICKET_TIMER, count=0, min=0.0, max=0.0, mean=0.0, stddev=0.0, median=0.0, p75=0.0, p95=0.0, p98=0.0, p99=0.0, p999=0.0, mean_rate=0.0, m1=0.0, m5=0.0, m15=0.0, rate_unit=events/millisecond, duration_unit=milliseconds
type=TIMER, name=org.jasig.cas.CentralAuthenticationServiceImpl.DESTROY_TICKET_GRANTING_TICKET_TIMER, count=0, min=0.0, max=0.0, mean=0.0, stddev=0.0, median=0.0, p75=0.0, p95=0.0, p98=0.0, p99=0.0, p999=0.0, mean_rate=0.0, m1=0.0, m5=0.0, m15=0.0, rate_unit=events/millisecond, duration_unit=milliseconds
type=TIMER, name=org.jasig.cas.CentralAuthenticationServiceImpl.GET_TICKETS_TIMER, count=1, min=0.195729, max=0.195729, mean=0.195729, stddev=0.0, median=0.195729, p75=0.195729, p95=0.195729, p98=0.195729, p99=0.195729, p999=0.195729, mean_rate=0.0, m1=0.0, m5=0.0, m15=0.0, rate_unit=events/millisecond, duration_unit=milliseconds
type=TIMER, name=org.jasig.cas.CentralAuthenticationServiceImpl.GET_TICKET_TIMER, count=0, min=0.0, max=0.0, mean=0.0, stddev=0.0, median=0.0, p75=0.0, p95=0.0, p98=0.0, p99=0.0, p999=0.0, mean_rate=0.0, m1=0.0, m5=0.0, m15=0.0, rate_unit=events/millisecond, duration_unit=milliseconds
type=TIMER, name=org.jasig.cas.CentralAuthenticationServiceImpl.GRANT_PROXY_GRANTING_TICKET_TIMER, count=0, min=0.0, max=0.0, mean=0.0, stddev=0.0, median=0.0, p75=0.0, p95=0.0, p98=0.0, p99=0.0, p999=0.0, mean_rate=0.0, m1=0.0, m5=0.0, m15=0.0, rate_unit=events/millisecond, duration_unit=milliseconds
type=TIMER, name=org.jasig.cas.CentralAuthenticationServiceImpl.GRANT_SERVICE_TICKET_TIMER, count=0, min=0.0, max=0.0, mean=0.0, stddev=0.0, median=0.0, p75=0.0, p95=0.0, p98=0.0, p99=0.0, p999=0.0, mean_rate=0.0, m1=0.0, m5=0.0, m15=0.0, rate_unit=events/millisecond, duration_unit=milliseconds
type=TIMER, name=org.jasig.cas.CentralAuthenticationServiceImpl.VALIDATE_SERVICE_TICKET_TIMER, count=0, min=0.0, max=0.0, mean=0.0, stddev=0.0, median=0.0, p75=0.0, p95=0.0, p98=0.0, p99=0.0, p999=0.0, mean_rate=0.0, m1=0.0, m5=0.0, m15=0.0, rate_unit=events/millisecond, duration_unit=milliseconds
type=GAUGE, name=jvm.fd.usage, value=NaN
type=GAUGE, name=jvm.gc.PS-MarkSweep.count, value=9
type=GAUGE, name=jvm.gc.PS-MarkSweep.time, value=2605
type=GAUGE, name=jvm.gc.PS-Scavenge.count, value=116
type=GAUGE, name=jvm.gc.PS-Scavenge.time, value=8766
type=GAUGE, name=jvm.memory.heap.committed, value=395313152
type=GAUGE, name=jvm.memory.heap.init, value=65011712
type=GAUGE, name=jvm.memory.heap.max, value=913833984
type=GAUGE, name=jvm.memory.heap.usage, value=0.12735175320422315
type=GAUGE, name=jvm.memory.heap.used, value=116378360
type=GAUGE, name=jvm.memory.non-heap.committed, value=107069440
type=GAUGE, name=jvm.memory.non-heap.init, value=2555904
type=GAUGE, name=jvm.memory.non-heap.max, value=-1
type=GAUGE, name=jvm.memory.non-heap.usage, value=-1.04943344E8
type=GAUGE, name=jvm.memory.non-heap.used, value=104943344
type=GAUGE, name=jvm.memory.pools.Code-Cache.committed, value=32178176
type=GAUGE, name=jvm.memory.pools.Code-Cache.init, value=2555904
type=GAUGE, name=jvm.memory.pools.Code-Cache.max, value=251658240
type=GAUGE, name=jvm.memory.pools.Code-Cache.usage, value=0.12592849731445313
type=GAUGE, name=jvm.memory.pools.Code-Cache.used, value=31690944
type=GAUGE, name=jvm.memory.pools.Compressed-Class-Space.committed, value=8085504
type=GAUGE, name=jvm.memory.pools.Compressed-Class-Space.init, value=0
type=GAUGE, name=jvm.memory.pools.Compressed-Class-Space.max, value=1073741824
type=GAUGE, name=jvm.memory.pools.Compressed-Class-Space.usage, value=0.007265590131282806
type=GAUGE, name=jvm.memory.pools.Compressed-Class-Space.used, value=7801368
type=GAUGE, name=jvm.memory.pools.Metaspace.committed, value=66805760
type=GAUGE, name=jvm.memory.pools.Metaspace.init, value=0
type=GAUGE, name=jvm.memory.pools.Metaspace.max, value=-1
type=GAUGE, name=jvm.memory.pools.Metaspace.usage, value=0.9797721633583691
type=GAUGE, name=jvm.memory.pools.Metaspace.used, value=65454424
type=GAUGE, name=jvm.memory.pools.PS-Eden-Space.committed, value=216530944
type=GAUGE, name=jvm.memory.pools.PS-Eden-Space.init, value=16252928
type=GAUGE, name=jvm.memory.pools.PS-Eden-Space.max, value=218103808
type=GAUGE, name=jvm.memory.pools.PS-Eden-Space.usage, value=0.26885043657743013
type=GAUGE, name=jvm.memory.pools.PS-Eden-Space.used, value=58637304
type=GAUGE, name=jvm.memory.pools.PS-Old-Gen.committed, value=116916224
type=GAUGE, name=jvm.memory.pools.PS-Old-Gen.init, value=43515904
type=GAUGE, name=jvm.memory.pools.PS-Old-Gen.max, value=685244416
type=GAUGE, name=jvm.memory.pools.PS-Old-Gen.usage, value=0.08497046402783091
type=GAUGE, name=jvm.memory.pools.PS-Old-Gen.used, value=58225536
type=GAUGE, name=jvm.memory.pools.PS-Survivor-Space.committed, value=61865984
type=GAUGE, name=jvm.memory.pools.PS-Survivor-Space.init, value=2621440
type=GAUGE, name=jvm.memory.pools.PS-Survivor-Space.max, value=61865984
type=GAUGE, name=jvm.memory.pools.PS-Survivor-Space.usage, value=0.0
type=GAUGE, name=jvm.memory.pools.PS-Survivor-Space.used, value=0
type=GAUGE, name=jvm.memory.total.committed, value=502382592
type=GAUGE, name=jvm.memory.total.init, value=67567616
type=GAUGE, name=jvm.memory.total.max, value=913833983
type=GAUGE, name=jvm.memory.total.used, value=221820392
type=GAUGE, name=jvm.thread-states.blocked.count, value=1
type=GAUGE, name=jvm.thread-states.count, value=31
type=GAUGE, name=jvm.thread-states.daemon.count, value=9
type=GAUGE, name=jvm.thread-states.deadlock.count, value=0
type=GAUGE, name=jvm.thread-states.deadlocks, value=[]
type=GAUGE, name=jvm.thread-states.new.count, value=0
type=GAUGE, name=jvm.thread-states.runnable.count, value=8
type=GAUGE, name=jvm.thread-states.terminated.count, value=0
type=GAUGE, name=jvm.thread-states.timed_waiting.count, value=18
type=GAUGE, name=jvm.thread-states.waiting.count, value=4
type=METER, name=org.jasig.cas.CentralAuthenticationServiceImpl.CREATE_TICKET_GRANTING_TICKET_METER, count=0, mean_rate=0.0, m1=0.0, m5=0.0, m15=0.0, rate_unit=events/millisecond
type=METER, name=org.jasig.cas.CentralAuthenticationServiceImpl.DESTROY_TICKET_GRANTING_TICKET_METER, count=0, mean_rate=0.0, m1=0.0, m5=0.0, m15=0.0, rate_unit=events/millisecond
type=METER, name=org.jasig.cas.CentralAuthenticationServiceImpl.GET_TICKETS_METER, count=1, mean_rate=0.0, m1=0.0, m5=0.0, m15=0.0, rate_unit=events/millisecond
type=METER, name=org.jasig.cas.CentralAuthenticationServiceImpl.GET_TICKET_METER, count=0, mean_rate=0.0, m1=0.0, m5=0.0, m15=0.0, rate_unit=events/millisecond
type=METER, name=org.jasig.cas.CentralAuthenticationServiceImpl.GRANT_PROXY_GRANTING_TICKET_METER, count=0, mean_rate=0.0, m1=0.0, m5=0.0, m15=0.0, rate_unit=events/millisecond
type=METER, name=org.jasig.cas.CentralAuthenticationServiceImpl.GRANT_SERVICE_TICKET_METER, count=0, mean_rate=0.0, m1=0.0, m5=0.0, m15=0.0, rate_unit=events/millisecond
type=METER, name=org.jasig.cas.CentralAuthenticationServiceImpl.VALIDATE_SERVICE_TICKET_METER, count=0, mean_rate=0.0, m1=0.0, m5=0.0, m15=0.0, rate_unit=events/millisecond
type=TIMER, name=org.jasig.cas.CentralAuthenticationServiceImpl.CREATE_TICKET_GRANTING_TICKET_TIMER, count=0, min=0.0, max=0.0, mean=0.0, stddev=0.0, median=0.0, p75=0.0, p95=0.0, p98=0.0, p99=0.0, p999=0.0, mean_rate=0.0, m1=0.0, m5=0.0, m15=0.0, rate_unit=events/millisecond, duration_unit=milliseconds
type=TIMER, name=org.jasig.cas.CentralAuthenticationServiceImpl.DESTROY_TICKET_GRANTING_TICKET_TIMER, count=0, min=0.0, max=0.0, mean=0.0, stddev=0.0, median=0.0, p75=0.0, p95=0.0, p98=0.0, p99=0.0, p999=0.0, mean_rate=0.0, m1=0.0, m5=0.0, m15=0.0, rate_unit=events/millisecond, duration_unit=milliseconds
type=TIMER, name=org.jasig.cas.CentralAuthenticationServiceImpl.GET_TICKETS_TIMER, count=1, min=0.195729, max=0.195729, mean=0.195729, stddev=0.0, median=0.195729, p75=0.195729, p95=0.195729, p98=0.195729, p99=0.195729, p999=0.195729, mean_rate=0.0, m1=0.0, m5=0.0, m15=0.0, rate_unit=events/millisecond, duration_unit=milliseconds
type=TIMER, name=org.jasig.cas.CentralAuthenticationServiceImpl.GET_TICKET_TIMER, count=0, min=0.0, max=0.0, mean=0.0, stddev=0.0, median=0.0, p75=0.0, p95=0.0, p98=0.0, p99=0.0, p999=0.0, mean_rate=0.0, m1=0.0, m5=0.0, m15=0.0, rate_unit=events/millisecond, duration_unit=milliseconds
type=TIMER, name=org.jasig.cas.CentralAuthenticationServiceImpl.GRANT_PROXY_GRANTING_TICKET_TIMER, count=0, min=0.0, max=0.0, mean=0.0, stddev=0.0, median=0.0, p75=0.0, p95=0.0, p98=0.0, p99=0.0, p999=0.0, mean_rate=0.0, m1=0.0, m5=0.0, m15=0.0, rate_unit=events/millisecond, duration_unit=milliseconds
type=TIMER, name=org.jasig.cas.CentralAuthenticationServiceImpl.GRANT_SERVICE_TICKET_TIMER, count=0, min=0.0, max=0.0, mean=0.0, stddev=0.0, median=0.0, p75=0.0, p95=0.0, p98=0.0, p99=0.0, p999=0.0, mean_rate=0.0, m1=0.0, m5=0.0, m15=0.0, rate_unit=events/millisecond, duration_unit=milliseconds
type=TIMER, name=org.jasig.cas.CentralAuthenticationServiceImpl.VALIDATE_SERVICE_TICKET_TIMER, count=0, min=0.0, max=0.0, mean=0.0, stddev=0.0, median=0.0, p75=0.0, p95=0.0, p98=0.0, p99=0.0, p999=0.0, mean_rate=0.0, m1=0.0, m5=0.0, m15=0.0, rate_unit=events/millisecond, duration_unit=milliseconds
