type=GAUGE, name=jvm.fd.usage, value=NaN
type=GAUGE, name=jvm.gc.PS-MarkSweep.count, value=8
type=GAUGE, name=jvm.gc.PS-MarkSweep.time, value=2097
type=GAUGE, name=jvm.gc.PS-Scavenge.count, value=116
type=GAUGE, name=jvm.gc.PS-Scavenge.time, value=8145
type=GAUGE, name=jvm.memory.heap.committed, value=371720192
type=GAUGE, name=jvm.memory.heap.init, value=65011712
type=GAUGE, name=jvm.memory.heap.max, value=913833984
type=GAUGE, name=jvm.memory.heap.usage, value=0.11639856895494927
type=GAUGE, name=jvm.memory.heap.used, value=106368968
type=GAUGE, name=jvm.memory.non-heap.committed, value=89718784
type=GAUGE, name=jvm.memory.non-heap.init, value=2555904
type=GAUGE, name=jvm.memory.non-heap.max, value=-1
type=GAUGE, name=jvm.memory.non-heap.usage, value=-8.678716E7
type=GAUGE, name=jvm.memory.non-heap.used, value=86790680
type=GAUGE, name=jvm.memory.pools.Code-Cache.committed, value=28114944
type=GAUGE, name=jvm.memory.pools.Code-Cache.init, value=2555904
type=GAUGE, name=jvm.memory.pools.Code-Cache.max, value=251658240
type=GAUGE, name=jvm.memory.pools.Code-Cache.usage, value=0.10656178792317708
type=GAUGE, name=jvm.memory.pools.Code-Cache.used, value=26817152
type=GAUGE, name=jvm.memory.pools.Compressed-Class-Space.committed, value=6815744
type=GAUGE, name=jvm.memory.pools.Compressed-Class-Space.init, value=0
type=GAUGE, name=jvm.memory.pools.Compressed-Class-Space.max, value=1073741824
type=GAUGE, name=jvm.memory.pools.Compressed-Class-Space.usage, value=0.006034232676029205
type=GAUGE, name=jvm.memory.pools.Compressed-Class-Space.used, value=6479208
type=GAUGE, name=jvm.memory.pools.Metaspace.committed, value=54788096
type=GAUGE, name=jvm.memory.pools.Metaspace.init, value=0
type=GAUGE, name=jvm.memory.pools.Metaspace.max, value=-1
type=GAUGE, name=jvm.memory.pools.Metaspace.usage, value=0.9764011510821621
type=GAUGE, name=jvm.memory.pools.Metaspace.used, value=53495160
type=GAUGE, name=jvm.memory.pools.PS-Eden-Space.committed, value=215482368
type=GAUGE, name=jvm.memory.pools.PS-Eden-Space.init, value=16252928
type=GAUGE, name=jvm.memory.pools.PS-Eden-Space.max, value=216530944
type=GAUGE, name=jvm.memory.pools.PS-Eden-Space.usage, value=0.15318172722694082
type=GAUGE, name=jvm.memory.pools.PS-Eden-Space.used, value=33168584
type=GAUGE, name=jvm.memory.pools.PS-Old-Gen.committed, value=93847552
type=GAUGE, name=jvm.memory.pools.PS-Old-Gen.init, value=43515904
type=GAUGE, name=jvm.memory.pools.PS-Old-Gen.max, value=685244416
type=GAUGE, name=jvm.memory.pools.PS-Old-Gen.usage, value=0.08028626095363905
type=GAUGE, name=jvm.memory.pools.PS-Old-Gen.used, value=55015712
type=GAUGE, name=jvm.memory.pools.PS-Survivor-Space.committed, value=62390272
type=GAUGE, name=jvm.memory.pools.PS-Survivor-Space.init, value=2621440
type=GAUGE, name=jvm.memory.pools.PS-Survivor-Space.max, value=62390272
type=GAUGE, name=jvm.memory.pools.PS-Survivor-Space.usage, value=0.2914664645154937
type=GAUGE, name=jvm.memory.pools.PS-Survivor-Space.used, value=18184672
type=GAUGE, name=jvm.memory.total.committed, value=461438976
type=GAUGE, name=jvm.memory.total.init, value=67567616
type=GAUGE, name=jvm.memory.total.max, value=913833983
type=GAUGE, name=jvm.memory.total.used, value=193164464
type=GAUGE, name=jvm.thread-states.blocked.count, value=1
type=GAUGE, name=jvm.thread-states.count, value=28
type=GAUGE, name=jvm.thread-states.daemon.count, value=8
type=GAUGE, name=jvm.thread-states.deadlock.count, value=0
type=GAUGE, name=jvm.thread-states.deadlocks, value=[]
type=GAUGE, name=jvm.thread-states.new.count, value=0
type=GAUGE, name=jvm.thread-states.runnable.count, value=8
type=GAUGE, name=jvm.thread-states.terminated.count, value=0
type=GAUGE, name=jvm.thread-states.timed_waiting.count, value=16
type=GAUGE, name=jvm.thread-states.waiting.count, value=3
type=METER, name=org.jasig.cas.CentralAuthenticationServiceImpl.CREATE_TICKET_GRANTING_TICKET_METER, count=0, mean_rate=0.0, m1=0.0, m5=0.0, m15=0.0, rate_unit=events/millisecond
type=METER, name=org.jasig.cas.CentralAuthenticationServiceImpl.DESTROY_TICKET_GRANTING_TICKET_METER, count=0, mean_rate=0.0, m1=0.0, m5=0.0, m15=0.0, rate_unit=events/millisecond
type=METER, name=org.jasig.cas.CentralAuthenticationServiceImpl.GET_TICKETS_METER, count=1, mean_rate=0.0, m1=0.0, m5=0.0, m15=0.0, rate_unit=events/millisecond
type=METER, name=org.jasig.cas.CentralAuthenticationServiceImpl.GET_TICKET_METER, count=0, mean_rate=0.0, m1=0.0, m5=0.0, m15=0.0, rate_unit=events/millisecond
type=METER, name=org.jasig.cas.CentralAuthenticationServiceImpl.GRANT_PROXY_GRANTING_TICKET_METER, count=0, mean_rate=0.0, m1=0.0, m5=0.0, m15=0.0, rate_unit=events/millisecond
type=METER, name=org.jasig.cas.CentralAuthenticationServiceImpl.GRANT_SERVICE_TICKET_METER, count=0, mean_rate=0.0, m1=0.0, m5=0.0, m15=0.0, rate_unit=events/millisecond
type=METER, name=org.jasig.cas.CentralAuthenticationServiceImpl.VALIDATE_SERVICE_TICKET_METER, count=0, mean_rate=0.0, m1=0.0, m5=0.0, m15=0.0, rate_unit=events/millisecond
type=TIMER, name=org.jasig.cas.CentralAuthenticationServiceImpl.CREATE_TICKET_GRANTING_TICKET_TIMER, count=0, min=0.0, max=0.0, mean=0.0, stddev=0.0, median=0.0, p75=0.0, p95=0.0, p98=0.0, p99=0.0, p999=0.0, mean_rate=0.0, m1=0.0, m5=0.0, m15=0.0, rate_unit=events/millisecond, duration_unit=milliseconds
type=TIMER, name=org.jasig.cas.CentralAuthenticationServiceImpl.DESTROY_TICKET_GRANTING_TICKET_TIMER, count=0, min=0.0, max=0.0, mean=0.0, stddev=0.0, median=0.0, p75=0.0, p95=0.0, p98=0.0, p99=0.0, p999=0.0, mean_rate=0.0, m1=0.0, m5=0.0, m15=0.0, rate_unit=events/millisecond, duration_unit=milliseconds
type=TIMER, name=org.jasig.cas.CentralAuthenticationServiceImpl.GET_TICKETS_TIMER, count=1, min=0.192431, max=0.192431, mean=0.192431, stddev=0.0, median=0.192431, p75=0.192431, p95=0.192431, p98=0.192431, p99=0.192431, p999=0.192431, mean_rate=0.0, m1=0.0, m5=0.0, m15=0.0, rate_unit=events/millisecond, duration_unit=milliseconds
type=TIMER, name=org.jasig.cas.CentralAuthenticationServiceImpl.GET_TICKET_TIMER, count=0, min=0.0, max=0.0, mean=0.0, stddev=0.0, median=0.0, p75=0.0, p95=0.0, p98=0.0, p99=0.0, p999=0.0, mean_rate=0.0, m1=0.0, m5=0.0, m15=0.0, rate_unit=events/millisecond, duration_unit=milliseconds
type=TIMER, name=org.jasig.cas.CentralAuthenticationServiceImpl.GRANT_PROXY_GRANTING_TICKET_TIMER, count=0, min=0.0, max=0.0, mean=0.0, stddev=0.0, median=0.0, p75=0.0, p95=0.0, p98=0.0, p99=0.0, p999=0.0, mean_rate=0.0, m1=0.0, m5=0.0, m15=0.0, rate_unit=events/millisecond, duration_unit=milliseconds
type=TIMER, name=org.jasig.cas.CentralAuthenticationServiceImpl.GRANT_SERVICE_TICKET_TIMER, count=0, min=0.0, max=0.0, mean=0.0, stddev=0.0, median=0.0, p75=0.0, p95=0.0, p98=0.0, p99=0.0, p999=0.0, mean_rate=0.0, m1=0.0, m5=0.0, m15=0.0, rate_unit=events/millisecond, duration_unit=milliseconds
type=TIMER, name=org.jasig.cas.CentralAuthenticationServiceImpl.VALIDATE_SERVICE_TICKET_TIMER, count=0, min=0.0, max=0.0, mean=0.0, stddev=0.0, median=0.0, p75=0.0, p95=0.0, p98=0.0, p99=0.0, p999=0.0, mean_rate=0.0, m1=0.0, m5=0.0, m15=0.0, rate_unit=events/millisecond, duration_unit=milliseconds
type=GAUGE, name=jvm.fd.usage, value=NaN
type=GAUGE, name=jvm.gc.PS-MarkSweep.count, value=9
type=GAUGE, name=jvm.gc.PS-MarkSweep.time, value=2410
type=GAUGE, name=jvm.gc.PS-Scavenge.count, value=118
type=GAUGE, name=jvm.gc.PS-Scavenge.time, value=8205
type=GAUGE, name=jvm.memory.heap.committed, value=393740288
type=GAUGE, name=jvm.memory.heap.init, value=65011712
type=GAUGE, name=jvm.memory.heap.max, value=913833984
type=GAUGE, name=jvm.memory.heap.usage, value=0.11109263364843301
type=GAUGE, name=jvm.memory.heap.used, value=101520224
type=GAUGE, name=jvm.memory.non-heap.committed, value=105381888
type=GAUGE, name=jvm.memory.non-heap.init, value=2555904
type=GAUGE, name=jvm.memory.non-heap.max, value=-1
type=GAUGE, name=jvm.memory.non-heap.usage, value=-1.03275368E8
type=GAUGE, name=jvm.memory.non-heap.used, value=103275696
type=GAUGE, name=jvm.memory.pools.Code-Cache.committed, value=32505856
type=GAUGE, name=jvm.memory.pools.Code-Cache.init, value=2555904
type=GAUGE, name=jvm.memory.pools.Code-Cache.max, value=251658240
type=GAUGE, name=jvm.memory.pools.Code-Cache.usage, value=0.12854029337565104
type=GAUGE, name=jvm.memory.pools.Code-Cache.used, value=32348224
type=GAUGE, name=jvm.memory.pools.Compressed-Class-Space.committed, value=7995392
type=GAUGE, name=jvm.memory.pools.Compressed-Class-Space.init, value=0
type=GAUGE, name=jvm.memory.pools.Compressed-Class-Space.max, value=1073741824
type=GAUGE, name=jvm.memory.pools.Compressed-Class-Space.usage, value=0.007067270576953888
type=GAUGE, name=jvm.memory.pools.Compressed-Class-Space.used, value=7588424
type=GAUGE, name=jvm.memory.pools.Metaspace.committed, value=64880640
type=GAUGE, name=jvm.memory.pools.Metaspace.init, value=0
type=GAUGE, name=jvm.memory.pools.Metaspace.max, value=-1
type=GAUGE, name=jvm.memory.pools.Metaspace.usage, value=0.9762690380366161
type=GAUGE, name=jvm.memory.pools.Metaspace.used, value=63340960
type=GAUGE, name=jvm.memory.pools.PS-Eden-Space.committed, value=213385216
type=GAUGE, name=jvm.memory.pools.PS-Eden-Space.init, value=16252928
type=GAUGE, name=jvm.memory.pools.PS-Eden-Space.max, value=214433792
type=GAUGE, name=jvm.memory.pools.PS-Eden-Space.usage, value=0.19932544960077933
type=GAUGE, name=jvm.memory.pools.PS-Eden-Space.used, value=42742112
type=GAUGE, name=jvm.memory.pools.PS-Old-Gen.committed, value=116916224
type=GAUGE, name=jvm.memory.pools.PS-Old-Gen.init, value=43515904
type=GAUGE, name=jvm.memory.pools.PS-Old-Gen.max, value=685244416
type=GAUGE, name=jvm.memory.pools.PS-Old-Gen.usage, value=0.08577685658951797
type=GAUGE, name=jvm.memory.pools.PS-Old-Gen.used, value=58778112
type=GAUGE, name=jvm.memory.pools.PS-Survivor-Space.committed, value=63438848
type=GAUGE, name=jvm.memory.pools.PS-Survivor-Space.init, value=2621440
type=GAUGE, name=jvm.memory.pools.PS-Survivor-Space.max, value=63438848
type=GAUGE, name=jvm.memory.pools.PS-Survivor-Space.usage, value=0.0
type=GAUGE, name=jvm.memory.pools.PS-Survivor-Space.used, value=0
type=GAUGE, name=jvm.memory.total.committed, value=499122176
type=GAUGE, name=jvm.memory.total.init, value=67567616
type=GAUGE, name=jvm.memory.total.max, value=913833983
type=GAUGE, name=jvm.memory.total.used, value=204803400
type=GAUGE, name=jvm.thread-states.blocked.count, value=1
type=GAUGE, name=jvm.thread-states.count, value=29
type=GAUGE, name=jvm.thread-states.daemon.count, value=8
type=GAUGE, name=jvm.thread-states.deadlock.count, value=0
type=GAUGE, name=jvm.thread-states.deadlocks, value=[]
type=GAUGE, name=jvm.thread-states.new.count, value=0
type=GAUGE, name=jvm.thread-states.runnable.count, value=9
type=GAUGE, name=jvm.thread-states.terminated.count, value=0
type=GAUGE, name=jvm.thread-states.timed_waiting.count, value=16
type=GAUGE, name=jvm.thread-states.waiting.count, value=3
type=METER, name=org.jasig.cas.CentralAuthenticationServiceImpl.CREATE_TICKET_GRANTING_TICKET_METER, count=0, mean_rate=0.0, m1=0.0, m5=0.0, m15=0.0, rate_unit=events/millisecond
type=METER, name=org.jasig.cas.CentralAuthenticationServiceImpl.DESTROY_TICKET_GRANTING_TICKET_METER, count=0, mean_rate=0.0, m1=0.0, m5=0.0, m15=0.0, rate_unit=events/millisecond
type=METER, name=org.jasig.cas.CentralAuthenticationServiceImpl.GET_TICKETS_METER, count=1, mean_rate=0.0, m1=0.0, m5=0.0, m15=0.0, rate_unit=events/millisecond
type=METER, name=org.jasig.cas.CentralAuthenticationServiceImpl.GET_TICKET_METER, count=0, mean_rate=0.0, m1=0.0, m5=0.0, m15=0.0, rate_unit=events/millisecond
type=METER, name=org.jasig.cas.CentralAuthenticationServiceImpl.GRANT_PROXY_GRANTING_TICKET_METER, count=0, mean_rate=0.0, m1=0.0, m5=0.0, m15=0.0, rate_unit=events/millisecond
type=METER, name=org.jasig.cas.CentralAuthenticationServiceImpl.GRANT_SERVICE_TICKET_METER, count=0, mean_rate=0.0, m1=0.0, m5=0.0, m15=0.0, rate_unit=events/millisecond
type=METER, name=org.jasig.cas.CentralAuthenticationServiceImpl.VALIDATE_SERVICE_TICKET_METER, count=0, mean_rate=0.0, m1=0.0, m5=0.0, m15=0.0, rate_unit=events/millisecond
type=TIMER, name=org.jasig.cas.CentralAuthenticationServiceImpl.CREATE_TICKET_GRANTING_TICKET_TIMER, count=0, min=0.0, max=0.0, mean=0.0, stddev=0.0, median=0.0, p75=0.0, p95=0.0, p98=0.0, p99=0.0, p999=0.0, mean_rate=0.0, m1=0.0, m5=0.0, m15=0.0, rate_unit=events/millisecond, duration_unit=milliseconds
type=TIMER, name=org.jasig.cas.CentralAuthenticationServiceImpl.DESTROY_TICKET_GRANTING_TICKET_TIMER, count=0, min=0.0, max=0.0, mean=0.0, stddev=0.0, median=0.0, p75=0.0, p95=0.0, p98=0.0, p99=0.0, p999=0.0, mean_rate=0.0, m1=0.0, m5=0.0, m15=0.0, rate_unit=events/millisecond, duration_unit=milliseconds
type=TIMER, name=org.jasig.cas.CentralAuthenticationServiceImpl.GET_TICKETS_TIMER, count=1, min=0.192431, max=0.192431, mean=0.192431, stddev=0.0, median=0.192431, p75=0.192431, p95=0.192431, p98=0.192431, p99=0.192431, p999=0.192431, mean_rate=0.0, m1=0.0, m5=0.0, m15=0.0, rate_unit=events/millisecond, duration_unit=milliseconds
type=TIMER, name=org.jasig.cas.CentralAuthenticationServiceImpl.GET_TICKET_TIMER, count=0, min=0.0, max=0.0, mean=0.0, stddev=0.0, median=0.0, p75=0.0, p95=0.0, p98=0.0, p99=0.0, p999=0.0, mean_rate=0.0, m1=0.0, m5=0.0, m15=0.0, rate_unit=events/millisecond, duration_unit=milliseconds
type=TIMER, name=org.jasig.cas.CentralAuthenticationServiceImpl.GRANT_PROXY_GRANTING_TICKET_TIMER, count=0, min=0.0, max=0.0, mean=0.0, stddev=0.0, median=0.0, p75=0.0, p95=0.0, p98=0.0, p99=0.0, p999=0.0, mean_rate=0.0, m1=0.0, m5=0.0, m15=0.0, rate_unit=events/millisecond, duration_unit=milliseconds
type=TIMER, name=org.jasig.cas.CentralAuthenticationServiceImpl.GRANT_SERVICE_TICKET_TIMER, count=0, min=0.0, max=0.0, mean=0.0, stddev=0.0, median=0.0, p75=0.0, p95=0.0, p98=0.0, p99=0.0, p999=0.0, mean_rate=0.0, m1=0.0, m5=0.0, m15=0.0, rate_unit=events/millisecond, duration_unit=milliseconds
type=TIMER, name=org.jasig.cas.CentralAuthenticationServiceImpl.VALIDATE_SERVICE_TICKET_TIMER, count=0, min=0.0, max=0.0, mean=0.0, stddev=0.0, median=0.0, p75=0.0, p95=0.0, p98=0.0, p99=0.0, p999=0.0, mean_rate=0.0, m1=0.0, m5=0.0, m15=0.0, rate_unit=events/millisecond, duration_unit=milliseconds
type=GAUGE, name=jvm.fd.usage, value=NaN
type=GAUGE, name=jvm.gc.PS-MarkSweep.count, value=9
type=GAUGE, name=jvm.gc.PS-MarkSweep.time, value=2410
type=GAUGE, name=jvm.gc.PS-Scavenge.count, value=118
type=GAUGE, name=jvm.gc.PS-Scavenge.time, value=8205
type=GAUGE, name=jvm.memory.heap.committed, value=393740288
type=GAUGE, name=jvm.memory.heap.init, value=65011712
type=GAUGE, name=jvm.memory.heap.max, value=913833984
type=GAUGE, name=jvm.memory.heap.usage, value=0.11860965765965649
type=GAUGE, name=jvm.memory.heap.used, value=108389536
type=GAUGE, name=jvm.memory.non-heap.committed, value=108003328
type=GAUGE, name=jvm.memory.non-heap.init, value=2555904
type=GAUGE, name=jvm.memory.non-heap.max, value=-1
type=GAUGE, name=jvm.memory.non-heap.usage, value=-1.0612016E8
type=GAUGE, name=jvm.memory.non-heap.used, value=106120160
type=GAUGE, name=jvm.memory.pools.Code-Cache.committed, value=33030144
type=GAUGE, name=jvm.memory.pools.Code-Cache.init, value=2555904
type=GAUGE, name=jvm.memory.pools.Code-Cache.max, value=251658240
type=GAUGE, name=jvm.memory.pools.Code-Cache.usage, value=0.13069254557291668
type=GAUGE, name=jvm.memory.pools.Code-Cache.used, value=32889856
type=GAUGE, name=jvm.memory.pools.Compressed-Class-Space.committed, value=8126464
type=GAUGE, name=jvm.memory.pools.Compressed-Class-Space.init, value=0
type=GAUGE, name=jvm.memory.pools.Compressed-Class-Space.max, value=1073741824
type=GAUGE, name=jvm.memory.pools.Compressed-Class-Space.usage, value=0.007261365652084351
type=GAUGE, name=jvm.memory.pools.Compressed-Class-Space.used, value=7796832
type=GAUGE, name=jvm.memory.pools.Metaspace.committed, value=66846720
type=GAUGE, name=jvm.memory.pools.Metaspace.init, value=0
type=GAUGE, name=jvm.memory.pools.Metaspace.max, value=-1
type=GAUGE, name=jvm.memory.pools.Metaspace.usage, value=0.9789283902037378
type=GAUGE, name=jvm.memory.pools.Metaspace.used, value=65438152
type=GAUGE, name=jvm.memory.pools.PS-Eden-Space.committed, value=213385216
type=GAUGE, name=jvm.memory.pools.PS-Eden-Space.init, value=16252928
type=GAUGE, name=jvm.memory.pools.PS-Eden-Space.max, value=214433792
type=GAUGE, name=jvm.memory.pools.PS-Eden-Space.usage, value=0.2335171128252025
type=GAUGE, name=jvm.memory.pools.PS-Eden-Space.used, value=50073960
type=GAUGE, name=jvm.memory.pools.PS-Old-Gen.committed, value=116916224
type=GAUGE, name=jvm.memory.pools.PS-Old-Gen.init, value=43515904
type=GAUGE, name=jvm.memory.pools.PS-Old-Gen.max, value=685244416
type=GAUGE, name=jvm.memory.pools.PS-Old-Gen.usage, value=0.08577685658951797
type=GAUGE, name=jvm.memory.pools.PS-Old-Gen.used, value=58778112
type=GAUGE, name=jvm.memory.pools.PS-Survivor-Space.committed, value=63438848
type=GAUGE, name=jvm.memory.pools.PS-Survivor-Space.init, value=2621440
type=GAUGE, name=jvm.memory.pools.PS-Survivor-Space.max, value=63438848
type=GAUGE, name=jvm.memory.pools.PS-Survivor-Space.usage, value=0.0
type=GAUGE, name=jvm.memory.pools.PS-Survivor-Space.used, value=0
type=GAUGE, name=jvm.memory.total.committed, value=501809152
type=GAUGE, name=jvm.memory.total.init, value=67567616
type=GAUGE, name=jvm.memory.total.max, value=913833983
type=GAUGE, name=jvm.memory.total.used, value=214849584
type=GAUGE, name=jvm.thread-states.blocked.count, value=1
type=GAUGE, name=jvm.thread-states.count, value=30
type=GAUGE, name=jvm.thread-states.daemon.count, value=9
type=GAUGE, name=jvm.thread-states.deadlock.count, value=0
type=GAUGE, name=jvm.thread-states.deadlocks, value=[]
type=GAUGE, name=jvm.thread-states.new.count, value=0
type=GAUGE, name=jvm.thread-states.runnable.count, value=8
type=GAUGE, name=jvm.thread-states.terminated.count, value=0
type=GAUGE, name=jvm.thread-states.timed_waiting.count, value=17
type=GAUGE, name=jvm.thread-states.waiting.count, value=4
type=METER, name=org.jasig.cas.CentralAuthenticationServiceImpl.CREATE_TICKET_GRANTING_TICKET_METER, count=0, mean_rate=0.0, m1=0.0, m5=0.0, m15=0.0, rate_unit=events/millisecond
type=METER, name=org.jasig.cas.CentralAuthenticationServiceImpl.DESTROY_TICKET_GRANTING_TICKET_METER, count=0, mean_rate=0.0, m1=0.0, m5=0.0, m15=0.0, rate_unit=events/millisecond
type=METER, name=org.jasig.cas.CentralAuthenticationServiceImpl.GET_TICKETS_METER, count=1, mean_rate=0.0, m1=0.0, m5=0.0, m15=0.0, rate_unit=events/millisecond
type=METER, name=org.jasig.cas.CentralAuthenticationServiceImpl.GET_TICKET_METER, count=0, mean_rate=0.0, m1=0.0, m5=0.0, m15=0.0, rate_unit=events/millisecond
type=METER, name=org.jasig.cas.CentralAuthenticationServiceImpl.GRANT_PROXY_GRANTING_TICKET_METER, count=0, mean_rate=0.0, m1=0.0, m5=0.0, m15=0.0, rate_unit=events/millisecond
type=METER, name=org.jasig.cas.CentralAuthenticationServiceImpl.GRANT_SERVICE_TICKET_METER, count=0, mean_rate=0.0, m1=0.0, m5=0.0, m15=0.0, rate_unit=events/millisecond
type=METER, name=org.jasig.cas.CentralAuthenticationServiceImpl.VALIDATE_SERVICE_TICKET_METER, count=0, mean_rate=0.0, m1=0.0, m5=0.0, m15=0.0, rate_unit=events/millisecond
type=TIMER, name=org.jasig.cas.CentralAuthenticationServiceImpl.CREATE_TICKET_GRANTING_TICKET_TIMER, count=0, min=0.0, max=0.0, mean=0.0, stddev=0.0, median=0.0, p75=0.0, p95=0.0, p98=0.0, p99=0.0, p999=0.0, mean_rate=0.0, m1=0.0, m5=0.0, m15=0.0, rate_unit=events/millisecond, duration_unit=milliseconds
type=TIMER, name=org.jasig.cas.CentralAuthenticationServiceImpl.DESTROY_TICKET_GRANTING_TICKET_TIMER, count=0, min=0.0, max=0.0, mean=0.0, stddev=0.0, median=0.0, p75=0.0, p95=0.0, p98=0.0, p99=0.0, p999=0.0, mean_rate=0.0, m1=0.0, m5=0.0, m15=0.0, rate_unit=events/millisecond, duration_unit=milliseconds
type=TIMER, name=org.jasig.cas.CentralAuthenticationServiceImpl.GET_TICKETS_TIMER, count=1, min=0.192431, max=0.192431, mean=0.192431, stddev=0.0, median=0.192431, p75=0.192431, p95=0.192431, p98=0.192431, p99=0.192431, p999=0.192431, mean_rate=0.0, m1=0.0, m5=0.0, m15=0.0, rate_unit=events/millisecond, duration_unit=milliseconds
type=TIMER, name=org.jasig.cas.CentralAuthenticationServiceImpl.GET_TICKET_TIMER, count=0, min=0.0, max=0.0, mean=0.0, stddev=0.0, median=0.0, p75=0.0, p95=0.0, p98=0.0, p99=0.0, p999=0.0, mean_rate=0.0, m1=0.0, m5=0.0, m15=0.0, rate_unit=events/millisecond, duration_unit=milliseconds
type=TIMER, name=org.jasig.cas.CentralAuthenticationServiceImpl.GRANT_PROXY_GRANTING_TICKET_TIMER, count=0, min=0.0, max=0.0, mean=0.0, stddev=0.0, median=0.0, p75=0.0, p95=0.0, p98=0.0, p99=0.0, p999=0.0, mean_rate=0.0, m1=0.0, m5=0.0, m15=0.0, rate_unit=events/millisecond, duration_unit=milliseconds
type=TIMER, name=org.jasig.cas.CentralAuthenticationServiceImpl.GRANT_SERVICE_TICKET_TIMER, count=0, min=0.0, max=0.0, mean=0.0, stddev=0.0, median=0.0, p75=0.0, p95=0.0, p98=0.0, p99=0.0, p999=0.0, mean_rate=0.0, m1=0.0, m5=0.0, m15=0.0, rate_unit=events/millisecond, duration_unit=milliseconds
type=TIMER, name=org.jasig.cas.CentralAuthenticationServiceImpl.VALIDATE_SERVICE_TICKET_TIMER, count=0, min=0.0, max=0.0, mean=0.0, stddev=0.0, median=0.0, p75=0.0, p95=0.0, p98=0.0, p99=0.0, p999=0.0, mean_rate=0.0, m1=0.0, m5=0.0, m15=0.0, rate_unit=events/millisecond, duration_unit=milliseconds
type=GAUGE, name=jvm.fd.usage, value=NaN
type=GAUGE, name=jvm.gc.PS-MarkSweep.count, value=9
type=GAUGE, name=jvm.gc.PS-MarkSweep.time, value=2410
type=GAUGE, name=jvm.gc.PS-Scavenge.count, value=118
type=GAUGE, name=jvm.gc.PS-Scavenge.time, value=8205
type=GAUGE, name=jvm.memory.heap.committed, value=393740288
type=GAUGE, name=jvm.memory.heap.init, value=65011712
type=GAUGE, name=jvm.memory.heap.max, value=913833984
type=GAUGE, name=jvm.memory.heap.usage, value=0.12067263193398595
type=GAUGE, name=jvm.memory.heap.used, value=110274752
type=GAUGE, name=jvm.memory.non-heap.committed, value=108068864
type=GAUGE, name=jvm.memory.non-heap.init, value=2555904
type=GAUGE, name=jvm.memory.non-heap.max, value=-1
type=GAUGE, name=jvm.memory.non-heap.usage, value=-1.04364E8
type=GAUGE, name=jvm.memory.non-heap.used, value=104364000
type=GAUGE, name=jvm.memory.pools.Code-Cache.committed, value=33095680
type=GAUGE, name=jvm.memory.pools.Code-Cache.init, value=2555904
type=GAUGE, name=jvm.memory.pools.Code-Cache.max, value=251658240
type=GAUGE, name=jvm.memory.pools.Code-Cache.usage, value=0.12362645467122396
type=GAUGE, name=jvm.memory.pools.Code-Cache.used, value=31111616
type=GAUGE, name=jvm.memory.pools.Compressed-Class-Space.committed, value=8126464
type=GAUGE, name=jvm.memory.pools.Compressed-Class-Space.init, value=0
type=GAUGE, name=jvm.memory.pools.Compressed-Class-Space.max, value=1073741824
type=GAUGE, name=jvm.memory.pools.Compressed-Class-Space.usage, value=0.007261365652084351
type=GAUGE, name=jvm.memory.pools.Compressed-Class-Space.used, value=7796832
type=GAUGE, name=jvm.memory.pools.Metaspace.committed, value=66846720
type=GAUGE, name=jvm.memory.pools.Metaspace.init, value=0
type=GAUGE, name=jvm.memory.pools.Metaspace.max, value=-1
type=GAUGE, name=jvm.memory.pools.Metaspace.usage, value=0.9792347627527573
type=GAUGE, name=jvm.memory.pools.Metaspace.used, value=65458632
type=GAUGE, name=jvm.memory.pools.PS-Eden-Space.committed, value=213385216
type=GAUGE, name=jvm.memory.pools.PS-Eden-Space.init, value=16252928
type=GAUGE, name=jvm.memory.pools.PS-Eden-Space.max, value=214433792
type=GAUGE, name=jvm.memory.pools.PS-Eden-Space.usage, value=0.24015170146317238
type=GAUGE, name=jvm.memory.pools.PS-Eden-Space.used, value=51496640
type=GAUGE, name=jvm.memory.pools.PS-Old-Gen.committed, value=116916224
type=GAUGE, name=jvm.memory.pools.PS-Old-Gen.init, value=43515904
type=GAUGE, name=jvm.memory.pools.PS-Old-Gen.max, value=685244416
type=GAUGE, name=jvm.memory.pools.PS-Old-Gen.usage, value=0.08577685658951797
type=GAUGE, name=jvm.memory.pools.PS-Old-Gen.used, value=58778112
type=GAUGE, name=jvm.memory.pools.PS-Survivor-Space.committed, value=63438848
type=GAUGE, name=jvm.memory.pools.PS-Survivor-Space.init, value=2621440
type=GAUGE, name=jvm.memory.pools.PS-Survivor-Space.max, value=63438848
type=GAUGE, name=jvm.memory.pools.PS-Survivor-Space.usage, value=0.0
type=GAUGE, name=jvm.memory.pools.PS-Survivor-Space.used, value=0
type=GAUGE, name=jvm.memory.total.committed, value=501809152
type=GAUGE, name=jvm.memory.total.init, value=67567616
type=GAUGE, name=jvm.memory.total.max, value=913833983
type=GAUGE, name=jvm.memory.total.used, value=215109384
type=GAUGE, name=jvm.thread-states.blocked.count, value=1
type=GAUGE, name=jvm.thread-states.count, value=29
type=GAUGE, name=jvm.thread-states.daemon.count, value=9
type=GAUGE, name=jvm.thread-states.deadlock.count, value=0
type=GAUGE, name=jvm.thread-states.deadlocks, value=[]
type=GAUGE, name=jvm.thread-states.new.count, value=0
type=GAUGE, name=jvm.thread-states.runnable.count, value=8
type=GAUGE, name=jvm.thread-states.terminated.count, value=0
type=GAUGE, name=jvm.thread-states.timed_waiting.count, value=16
type=GAUGE, name=jvm.thread-states.waiting.count, value=4
type=METER, name=org.jasig.cas.CentralAuthenticationServiceImpl.CREATE_TICKET_GRANTING_TICKET_METER, count=0, mean_rate=0.0, m1=0.0, m5=0.0, m15=0.0, rate_unit=events/millisecond
type=METER, name=org.jasig.cas.CentralAuthenticationServiceImpl.DESTROY_TICKET_GRANTING_TICKET_METER, count=0, mean_rate=0.0, m1=0.0, m5=0.0, m15=0.0, rate_unit=events/millisecond
type=METER, name=org.jasig.cas.CentralAuthenticationServiceImpl.GET_TICKETS_METER, count=1, mean_rate=0.0, m1=0.0, m5=0.0, m15=0.0, rate_unit=events/millisecond
type=METER, name=org.jasig.cas.CentralAuthenticationServiceImpl.GET_TICKET_METER, count=0, mean_rate=0.0, m1=0.0, m5=0.0, m15=0.0, rate_unit=events/millisecond
type=METER, name=org.jasig.cas.CentralAuthenticationServiceImpl.GRANT_PROXY_GRANTING_TICKET_METER, count=0, mean_rate=0.0, m1=0.0, m5=0.0, m15=0.0, rate_unit=events/millisecond
type=METER, name=org.jasig.cas.CentralAuthenticationServiceImpl.GRANT_SERVICE_TICKET_METER, count=0, mean_rate=0.0, m1=0.0, m5=0.0, m15=0.0, rate_unit=events/millisecond
type=METER, name=org.jasig.cas.CentralAuthenticationServiceImpl.VALIDATE_SERVICE_TICKET_METER, count=0, mean_rate=0.0, m1=0.0, m5=0.0, m15=0.0, rate_unit=events/millisecond
type=TIMER, name=org.jasig.cas.CentralAuthenticationServiceImpl.CREATE_TICKET_GRANTING_TICKET_TIMER, count=0, min=0.0, max=0.0, mean=0.0, stddev=0.0, median=0.0, p75=0.0, p95=0.0, p98=0.0, p99=0.0, p999=0.0, mean_rate=0.0, m1=0.0, m5=0.0, m15=0.0, rate_unit=events/millisecond, duration_unit=milliseconds
type=TIMER, name=org.jasig.cas.CentralAuthenticationServiceImpl.DESTROY_TICKET_GRANTING_TICKET_TIMER, count=0, min=0.0, max=0.0, mean=0.0, stddev=0.0, median=0.0, p75=0.0, p95=0.0, p98=0.0, p99=0.0, p999=0.0, mean_rate=0.0, m1=0.0, m5=0.0, m15=0.0, rate_unit=events/millisecond, duration_unit=milliseconds
type=TIMER, name=org.jasig.cas.CentralAuthenticationServiceImpl.GET_TICKETS_TIMER, count=1, min=0.192431, max=0.192431, mean=0.192431, stddev=0.0, median=0.192431, p75=0.192431, p95=0.192431, p98=0.192431, p99=0.192431, p999=0.192431, mean_rate=0.0, m1=0.0, m5=0.0, m15=0.0, rate_unit=events/millisecond, duration_unit=milliseconds
type=TIMER, name=org.jasig.cas.CentralAuthenticationServiceImpl.GET_TICKET_TIMER, count=0, min=0.0, max=0.0, mean=0.0, stddev=0.0, median=0.0, p75=0.0, p95=0.0, p98=0.0, p99=0.0, p999=0.0, mean_rate=0.0, m1=0.0, m5=0.0, m15=0.0, rate_unit=events/millisecond, duration_unit=milliseconds
type=TIMER, name=org.jasig.cas.CentralAuthenticationServiceImpl.GRANT_PROXY_GRANTING_TICKET_TIMER, count=0, min=0.0, max=0.0, mean=0.0, stddev=0.0, median=0.0, p75=0.0, p95=0.0, p98=0.0, p99=0.0, p999=0.0, mean_rate=0.0, m1=0.0, m5=0.0, m15=0.0, rate_unit=events/millisecond, duration_unit=milliseconds
type=TIMER, name=org.jasig.cas.CentralAuthenticationServiceImpl.GRANT_SERVICE_TICKET_TIMER, count=0, min=0.0, max=0.0, mean=0.0, stddev=0.0, median=0.0, p75=0.0, p95=0.0, p98=0.0, p99=0.0, p999=0.0, mean_rate=0.0, m1=0.0, m5=0.0, m15=0.0, rate_unit=events/millisecond, duration_unit=milliseconds
type=TIMER, name=org.jasig.cas.CentralAuthenticationServiceImpl.VALIDATE_SERVICE_TICKET_TIMER, count=0, min=0.0, max=0.0, mean=0.0, stddev=0.0, median=0.0, p75=0.0, p95=0.0, p98=0.0, p99=0.0, p999=0.0, mean_rate=0.0, m1=0.0, m5=0.0, m15=0.0, rate_unit=events/millisecond, duration_unit=milliseconds
type=GAUGE, name=jvm.fd.usage, value=NaN
type=GAUGE, name=jvm.gc.PS-MarkSweep.count, value=9
type=GAUGE, name=jvm.gc.PS-MarkSweep.time, value=2410
type=GAUGE, name=jvm.gc.PS-Scavenge.count, value=118
type=GAUGE, name=jvm.gc.PS-Scavenge.time, value=8205
type=GAUGE, name=jvm.memory.heap.committed, value=393740288
type=GAUGE, name=jvm.memory.heap.init, value=65011712
type=GAUGE, name=jvm.memory.heap.max, value=913833984
type=GAUGE, name=jvm.memory.heap.usage, value=0.12117873699037221
type=GAUGE, name=jvm.memory.heap.used, value=110737248
type=GAUGE, name=jvm.memory.non-heap.committed, value=108068864
type=GAUGE, name=jvm.memory.non-heap.init, value=2555904
type=GAUGE, name=jvm.memory.non-heap.max, value=-1
type=GAUGE, name=jvm.memory.non-heap.usage, value=-1.04466984E8
type=GAUGE, name=jvm.memory.non-heap.used, value=104466984
type=GAUGE, name=jvm.memory.pools.Code-Cache.committed, value=33095680
type=GAUGE, name=jvm.memory.pools.Code-Cache.init, value=2555904
type=GAUGE, name=jvm.memory.pools.Code-Cache.max, value=251658240
type=GAUGE, name=jvm.memory.pools.Code-Cache.usage, value=0.12395350138346355
type=GAUGE, name=jvm.memory.pools.Code-Cache.used, value=31197248
type=GAUGE, name=jvm.memory.pools.Compressed-Class-Space.committed, value=8126464
type=GAUGE, name=jvm.memory.pools.Compressed-Class-Space.init, value=0
type=GAUGE, name=jvm.memory.pools.Compressed-Class-Space.max, value=1073741824
type=GAUGE, name=jvm.memory.pools.Compressed-Class-Space.usage, value=0.007261365652084351
type=GAUGE, name=jvm.memory.pools.Compressed-Class-Space.used, value=7796832
type=GAUGE, name=jvm.memory.pools.Metaspace.committed, value=66846720
type=GAUGE, name=jvm.memory.pools.Metaspace.init, value=0
type=GAUGE, name=jvm.memory.pools.Metaspace.max, value=-1
type=GAUGE, name=jvm.memory.pools.Metaspace.usage, value=0.9795328776041666
type=GAUGE, name=jvm.memory.pools.Metaspace.used, value=65478560
type=GAUGE, name=jvm.memory.pools.PS-Eden-Space.committed, value=213385216
type=GAUGE, name=jvm.memory.pools.PS-Eden-Space.init, value=16252928
type=GAUGE, name=jvm.memory.pools.PS-Eden-Space.max, value=214433792
type=GAUGE, name=jvm.memory.pools.PS-Eden-Space.usage, value=0.24230852570102385
type=GAUGE, name=jvm.memory.pools.PS-Eden-Space.used, value=51959136
type=GAUGE, name=jvm.memory.pools.PS-Old-Gen.committed, value=116916224
type=GAUGE, name=jvm.memory.pools.PS-Old-Gen.init, value=43515904
type=GAUGE, name=jvm.memory.pools.PS-Old-Gen.max, value=685244416
type=GAUGE, name=jvm.memory.pools.PS-Old-Gen.usage, value=0.08577685658951797
type=GAUGE, name=jvm.memory.pools.PS-Old-Gen.used, value=58778112
type=GAUGE, name=jvm.memory.pools.PS-Survivor-Space.committed, value=63438848
type=GAUGE, name=jvm.memory.pools.PS-Survivor-Space.init, value=2621440
type=GAUGE, name=jvm.memory.pools.PS-Survivor-Space.max, value=63438848
type=GAUGE, name=jvm.memory.pools.PS-Survivor-Space.usage, value=0.0
type=GAUGE, name=jvm.memory.pools.PS-Survivor-Space.used, value=0
type=GAUGE, name=jvm.memory.total.committed, value=501809152
type=GAUGE, name=jvm.memory.total.init, value=67567616
type=GAUGE, name=jvm.memory.total.max, value=913833983
type=GAUGE, name=jvm.memory.total.used, value=215223424
type=GAUGE, name=jvm.thread-states.blocked.count, value=1
type=GAUGE, name=jvm.thread-states.count, value=29
type=GAUGE, name=jvm.thread-states.daemon.count, value=9
type=GAUGE, name=jvm.thread-states.deadlock.count, value=0
type=GAUGE, name=jvm.thread-states.deadlocks, value=[]
type=GAUGE, name=jvm.thread-states.new.count, value=0
type=GAUGE, name=jvm.thread-states.runnable.count, value=8
type=GAUGE, name=jvm.thread-states.terminated.count, value=0
type=GAUGE, name=jvm.thread-states.timed_waiting.count, value=16
type=GAUGE, name=jvm.thread-states.waiting.count, value=4
type=METER, name=org.jasig.cas.CentralAuthenticationServiceImpl.CREATE_TICKET_GRANTING_TICKET_METER, count=0, mean_rate=0.0, m1=0.0, m5=0.0, m15=0.0, rate_unit=events/millisecond
type=METER, name=org.jasig.cas.CentralAuthenticationServiceImpl.DESTROY_TICKET_GRANTING_TICKET_METER, count=0, mean_rate=0.0, m1=0.0, m5=0.0, m15=0.0, rate_unit=events/millisecond
type=METER, name=org.jasig.cas.CentralAuthenticationServiceImpl.GET_TICKETS_METER, count=1, mean_rate=0.0, m1=0.0, m5=0.0, m15=0.0, rate_unit=events/millisecond
type=METER, name=org.jasig.cas.CentralAuthenticationServiceImpl.GET_TICKET_METER, count=0, mean_rate=0.0, m1=0.0, m5=0.0, m15=0.0, rate_unit=events/millisecond
type=METER, name=org.jasig.cas.CentralAuthenticationServiceImpl.GRANT_PROXY_GRANTING_TICKET_METER, count=0, mean_rate=0.0, m1=0.0, m5=0.0, m15=0.0, rate_unit=events/millisecond
type=METER, name=org.jasig.cas.CentralAuthenticationServiceImpl.GRANT_SERVICE_TICKET_METER, count=0, mean_rate=0.0, m1=0.0, m5=0.0, m15=0.0, rate_unit=events/millisecond
type=METER, name=org.jasig.cas.CentralAuthenticationServiceImpl.VALIDATE_SERVICE_TICKET_METER, count=0, mean_rate=0.0, m1=0.0, m5=0.0, m15=0.0, rate_unit=events/millisecond
type=TIMER, name=org.jasig.cas.CentralAuthenticationServiceImpl.CREATE_TICKET_GRANTING_TICKET_TIMER, count=0, min=0.0, max=0.0, mean=0.0, stddev=0.0, median=0.0, p75=0.0, p95=0.0, p98=0.0, p99=0.0, p999=0.0, mean_rate=0.0, m1=0.0, m5=0.0, m15=0.0, rate_unit=events/millisecond, duration_unit=milliseconds
type=TIMER, name=org.jasig.cas.CentralAuthenticationServiceImpl.DESTROY_TICKET_GRANTING_TICKET_TIMER, count=0, min=0.0, max=0.0, mean=0.0, stddev=0.0, median=0.0, p75=0.0, p95=0.0, p98=0.0, p99=0.0, p999=0.0, mean_rate=0.0, m1=0.0, m5=0.0, m15=0.0, rate_unit=events/millisecond, duration_unit=milliseconds
type=TIMER, name=org.jasig.cas.CentralAuthenticationServiceImpl.GET_TICKETS_TIMER, count=1, min=0.192431, max=0.192431, mean=0.192431, stddev=0.0, median=0.192431, p75=0.192431, p95=0.192431, p98=0.192431, p99=0.192431, p999=0.192431, mean_rate=0.0, m1=0.0, m5=0.0, m15=0.0, rate_unit=events/millisecond, duration_unit=milliseconds
type=TIMER, name=org.jasig.cas.CentralAuthenticationServiceImpl.GET_TICKET_TIMER, count=0, min=0.0, max=0.0, mean=0.0, stddev=0.0, median=0.0, p75=0.0, p95=0.0, p98=0.0, p99=0.0, p999=0.0, mean_rate=0.0, m1=0.0, m5=0.0, m15=0.0, rate_unit=events/millisecond, duration_unit=milliseconds
type=TIMER, name=org.jasig.cas.CentralAuthenticationServiceImpl.GRANT_PROXY_GRANTING_TICKET_TIMER, count=0, min=0.0, max=0.0, mean=0.0, stddev=0.0, median=0.0, p75=0.0, p95=0.0, p98=0.0, p99=0.0, p999=0.0, mean_rate=0.0, m1=0.0, m5=0.0, m15=0.0, rate_unit=events/millisecond, duration_unit=milliseconds
type=TIMER, name=org.jasig.cas.CentralAuthenticationServiceImpl.GRANT_SERVICE_TICKET_TIMER, count=0, min=0.0, max=0.0, mean=0.0, stddev=0.0, median=0.0, p75=0.0, p95=0.0, p98=0.0, p99=0.0, p999=0.0, mean_rate=0.0, m1=0.0, m5=0.0, m15=0.0, rate_unit=events/millisecond, duration_unit=milliseconds
type=TIMER, name=org.jasig.cas.CentralAuthenticationServiceImpl.VALIDATE_SERVICE_TICKET_TIMER, count=0, min=0.0, max=0.0, mean=0.0, stddev=0.0, median=0.0, p75=0.0, p95=0.0, p98=0.0, p99=0.0, p999=0.0, mean_rate=0.0, m1=0.0, m5=0.0, m15=0.0, rate_unit=events/millisecond, duration_unit=milliseconds
type=GAUGE, name=jvm.fd.usage, value=NaN
type=GAUGE, name=jvm.gc.PS-MarkSweep.count, value=9
type=GAUGE, name=jvm.gc.PS-MarkSweep.time, value=2410
type=GAUGE, name=jvm.gc.PS-Scavenge.count, value=118
type=GAUGE, name=jvm.gc.PS-Scavenge.time, value=8205
type=GAUGE, name=jvm.memory.heap.committed, value=393740288
type=GAUGE, name=jvm.memory.heap.init, value=65011712
type=GAUGE, name=jvm.memory.heap.max, value=913833984
type=GAUGE, name=jvm.memory.heap.usage, value=0.12401985698093713
type=GAUGE, name=jvm.memory.heap.used, value=113333560
type=GAUGE, name=jvm.memory.non-heap.committed, value=108068864
type=GAUGE, name=jvm.memory.non-heap.init, value=2555904
type=GAUGE, name=jvm.memory.non-heap.max, value=-1
type=GAUGE, name=jvm.memory.non-heap.usage, value=-1.04536184E8
type=GAUGE, name=jvm.memory.non-heap.used, value=104536184
type=GAUGE, name=jvm.memory.pools.Code-Cache.committed, value=33095680
type=GAUGE, name=jvm.memory.pools.Code-Cache.init, value=2555904
type=GAUGE, name=jvm.memory.pools.Code-Cache.max, value=251658240
type=GAUGE, name=jvm.memory.pools.Code-Cache.usage, value=0.12419102986653646
type=GAUGE, name=jvm.memory.pools.Code-Cache.used, value=31255360
type=GAUGE, name=jvm.memory.pools.Compressed-Class-Space.committed, value=8126464
type=GAUGE, name=jvm.memory.pools.Compressed-Class-Space.init, value=0
type=GAUGE, name=jvm.memory.pools.Compressed-Class-Space.max, value=1073741824
type=GAUGE, name=jvm.memory.pools.Compressed-Class-Space.usage, value=0.007261365652084351
type=GAUGE, name=jvm.memory.pools.Compressed-Class-Space.used, value=7796832
type=GAUGE, name=jvm.memory.pools.Metaspace.committed, value=66846720
type=GAUGE, name=jvm.memory.pools.Metaspace.init, value=0
type=GAUGE, name=jvm.memory.pools.Metaspace.max, value=-1
type=GAUGE, name=jvm.memory.pools.Metaspace.usage, value=0.9797838398054535
type=GAUGE, name=jvm.memory.pools.Metaspace.used, value=65496112
type=GAUGE, name=jvm.memory.pools.PS-Eden-Space.committed, value=213385216
type=GAUGE, name=jvm.memory.pools.PS-Eden-Space.init, value=16252928
type=GAUGE, name=jvm.memory.pools.PS-Eden-Space.max, value=214433792
type=GAUGE, name=jvm.memory.pools.PS-Eden-Space.usage, value=0.2544162815532358
type=GAUGE, name=jvm.memory.pools.PS-Eden-Space.used, value=54555448
type=GAUGE, name=jvm.memory.pools.PS-Old-Gen.committed, value=116916224
type=GAUGE, name=jvm.memory.pools.PS-Old-Gen.init, value=43515904
type=GAUGE, name=jvm.memory.pools.PS-Old-Gen.max, value=685244416
type=GAUGE, name=jvm.memory.pools.PS-Old-Gen.usage, value=0.08577685658951797
type=GAUGE, name=jvm.memory.pools.PS-Old-Gen.used, value=58778112
type=GAUGE, name=jvm.memory.pools.PS-Survivor-Space.committed, value=63438848
type=GAUGE, name=jvm.memory.pools.PS-Survivor-Space.init, value=2621440
type=GAUGE, name=jvm.memory.pools.PS-Survivor-Space.max, value=63438848
type=GAUGE, name=jvm.memory.pools.PS-Survivor-Space.usage, value=0.0
type=GAUGE, name=jvm.memory.pools.PS-Survivor-Space.used, value=0
type=GAUGE, name=jvm.memory.total.committed, value=501809152
type=GAUGE, name=jvm.memory.total.init, value=67567616
type=GAUGE, name=jvm.memory.total.max, value=913833983
type=GAUGE, name=jvm.memory.total.used, value=217893432
type=GAUGE, name=jvm.thread-states.blocked.count, value=1
type=GAUGE, name=jvm.thread-states.count, value=29
type=GAUGE, name=jvm.thread-states.daemon.count, value=9
type=GAUGE, name=jvm.thread-states.deadlock.count, value=0
type=GAUGE, name=jvm.thread-states.deadlocks, value=[]
type=GAUGE, name=jvm.thread-states.new.count, value=0
type=GAUGE, name=jvm.thread-states.runnable.count, value=8
type=GAUGE, name=jvm.thread-states.terminated.count, value=0
type=GAUGE, name=jvm.thread-states.timed_waiting.count, value=16
type=GAUGE, name=jvm.thread-states.waiting.count, value=4
type=METER, name=org.jasig.cas.CentralAuthenticationServiceImpl.CREATE_TICKET_GRANTING_TICKET_METER, count=0, mean_rate=0.0, m1=0.0, m5=0.0, m15=0.0, rate_unit=events/millisecond
type=METER, name=org.jasig.cas.CentralAuthenticationServiceImpl.DESTROY_TICKET_GRANTING_TICKET_METER, count=0, mean_rate=0.0, m1=0.0, m5=0.0, m15=0.0, rate_unit=events/millisecond
type=METER, name=org.jasig.cas.CentralAuthenticationServiceImpl.GET_TICKETS_METER, count=1, mean_rate=0.0, m1=0.0, m5=0.0, m15=0.0, rate_unit=events/millisecond
type=METER, name=org.jasig.cas.CentralAuthenticationServiceImpl.GET_TICKET_METER, count=0, mean_rate=0.0, m1=0.0, m5=0.0, m15=0.0, rate_unit=events/millisecond
type=METER, name=org.jasig.cas.CentralAuthenticationServiceImpl.GRANT_PROXY_GRANTING_TICKET_METER, count=0, mean_rate=0.0, m1=0.0, m5=0.0, m15=0.0, rate_unit=events/millisecond
type=METER, name=org.jasig.cas.CentralAuthenticationServiceImpl.GRANT_SERVICE_TICKET_METER, count=0, mean_rate=0.0, m1=0.0, m5=0.0, m15=0.0, rate_unit=events/millisecond
type=METER, name=org.jasig.cas.CentralAuthenticationServiceImpl.VALIDATE_SERVICE_TICKET_METER, count=0, mean_rate=0.0, m1=0.0, m5=0.0, m15=0.0, rate_unit=events/millisecond
type=TIMER, name=org.jasig.cas.CentralAuthenticationServiceImpl.CREATE_TICKET_GRANTING_TICKET_TIMER, count=0, min=0.0, max=0.0, mean=0.0, stddev=0.0, median=0.0, p75=0.0, p95=0.0, p98=0.0, p99=0.0, p999=0.0, mean_rate=0.0, m1=0.0, m5=0.0, m15=0.0, rate_unit=events/millisecond, duration_unit=milliseconds
type=TIMER, name=org.jasig.cas.CentralAuthenticationServiceImpl.DESTROY_TICKET_GRANTING_TICKET_TIMER, count=0, min=0.0, max=0.0, mean=0.0, stddev=0.0, median=0.0, p75=0.0, p95=0.0, p98=0.0, p99=0.0, p999=0.0, mean_rate=0.0, m1=0.0, m5=0.0, m15=0.0, rate_unit=events/millisecond, duration_unit=milliseconds
type=TIMER, name=org.jasig.cas.CentralAuthenticationServiceImpl.GET_TICKETS_TIMER, count=1, min=0.192431, max=0.192431, mean=0.192431, stddev=0.0, median=0.192431, p75=0.192431, p95=0.192431, p98=0.192431, p99=0.192431, p999=0.192431, mean_rate=0.0, m1=0.0, m5=0.0, m15=0.0, rate_unit=events/millisecond, duration_unit=milliseconds
type=TIMER, name=org.jasig.cas.CentralAuthenticationServiceImpl.GET_TICKET_TIMER, count=0, min=0.0, max=0.0, mean=0.0, stddev=0.0, median=0.0, p75=0.0, p95=0.0, p98=0.0, p99=0.0, p999=0.0, mean_rate=0.0, m1=0.0, m5=0.0, m15=0.0, rate_unit=events/millisecond, duration_unit=milliseconds
type=TIMER, name=org.jasig.cas.CentralAuthenticationServiceImpl.GRANT_PROXY_GRANTING_TICKET_TIMER, count=0, min=0.0, max=0.0, mean=0.0, stddev=0.0, median=0.0, p75=0.0, p95=0.0, p98=0.0, p99=0.0, p999=0.0, mean_rate=0.0, m1=0.0, m5=0.0, m15=0.0, rate_unit=events/millisecond, duration_unit=milliseconds
type=TIMER, name=org.jasig.cas.CentralAuthenticationServiceImpl.GRANT_SERVICE_TICKET_TIMER, count=0, min=0.0, max=0.0, mean=0.0, stddev=0.0, median=0.0, p75=0.0, p95=0.0, p98=0.0, p99=0.0, p999=0.0, mean_rate=0.0, m1=0.0, m5=0.0, m15=0.0, rate_unit=events/millisecond, duration_unit=milliseconds
type=TIMER, name=org.jasig.cas.CentralAuthenticationServiceImpl.VALIDATE_SERVICE_TICKET_TIMER, count=0, min=0.0, max=0.0, mean=0.0, stddev=0.0, median=0.0, p75=0.0, p95=0.0, p98=0.0, p99=0.0, p999=0.0, mean_rate=0.0, m1=0.0, m5=0.0, m15=0.0, rate_unit=events/millisecond, duration_unit=milliseconds
type=GAUGE, name=jvm.fd.usage, value=NaN
type=GAUGE, name=jvm.gc.PS-MarkSweep.count, value=9
type=GAUGE, name=jvm.gc.PS-MarkSweep.time, value=2410
type=GAUGE, name=jvm.gc.PS-Scavenge.count, value=118
type=GAUGE, name=jvm.gc.PS-Scavenge.time, value=8205
type=GAUGE, name=jvm.memory.heap.committed, value=393740288
type=GAUGE, name=jvm.memory.heap.init, value=65011712
type=GAUGE, name=jvm.memory.heap.max, value=913833984
type=GAUGE, name=jvm.memory.heap.usage, value=0.12452624217573419
type=GAUGE, name=jvm.memory.heap.used, value=113796312
type=GAUGE, name=jvm.memory.non-heap.committed, value=108068864
type=GAUGE, name=jvm.memory.non-heap.init, value=2555904
type=GAUGE, name=jvm.memory.non-heap.max, value=-1
type=GAUGE, name=jvm.memory.non-heap.usage, value=-1.0458424E8
type=GAUGE, name=jvm.memory.non-heap.used, value=104584240
type=GAUGE, name=jvm.memory.pools.Code-Cache.committed, value=33095680
type=GAUGE, name=jvm.memory.pools.Code-Cache.init, value=2555904
type=GAUGE, name=jvm.memory.pools.Code-Cache.max, value=251658240
type=GAUGE, name=jvm.memory.pools.Code-Cache.usage, value=0.12430877685546875
type=GAUGE, name=jvm.memory.pools.Code-Cache.used, value=31283328
type=GAUGE, name=jvm.memory.pools.Compressed-Class-Space.committed, value=8126464
type=GAUGE, name=jvm.memory.pools.Compressed-Class-Space.init, value=0
type=GAUGE, name=jvm.memory.pools.Compressed-Class-Space.max, value=1073741824
type=GAUGE, name=jvm.memory.pools.Compressed-Class-Space.usage, value=0.007261365652084351
type=GAUGE, name=jvm.memory.pools.Compressed-Class-Space.used, value=7796832
type=GAUGE, name=jvm.memory.pools.Metaspace.committed, value=66846720
type=GAUGE, name=jvm.memory.pools.Metaspace.init, value=0
type=GAUGE, name=jvm.memory.pools.Metaspace.max, value=-1
type=GAUGE, name=jvm.memory.pools.Metaspace.usage, value=0.9799146465226716
type=GAUGE, name=jvm.memory.pools.Metaspace.used, value=65504080
type=GAUGE, name=jvm.memory.pools.PS-Eden-Space.committed, value=213385216
type=GAUGE, name=jvm.memory.pools.PS-Eden-Space.init, value=16252928
type=GAUGE, name=jvm.memory.pools.PS-Eden-Space.max, value=214433792
type=GAUGE, name=jvm.memory.pools.PS-Eden-Space.usage, value=0.2565742996327743
type=GAUGE, name=jvm.memory.pools.PS-Eden-Space.used, value=55018200
type=GAUGE, name=jvm.memory.pools.PS-Old-Gen.committed, value=116916224
type=GAUGE, name=jvm.memory.pools.PS-Old-Gen.init, value=43515904
type=GAUGE, name=jvm.memory.pools.PS-Old-Gen.max, value=685244416
type=GAUGE, name=jvm.memory.pools.PS-Old-Gen.usage, value=0.08577685658951797
type=GAUGE, name=jvm.memory.pools.PS-Old-Gen.used, value=58778112
type=GAUGE, name=jvm.memory.pools.PS-Survivor-Space.committed, value=63438848
type=GAUGE, name=jvm.memory.pools.PS-Survivor-Space.init, value=2621440
type=GAUGE, name=jvm.memory.pools.PS-Survivor-Space.max, value=63438848
type=GAUGE, name=jvm.memory.pools.PS-Survivor-Space.usage, value=0.0
type=GAUGE, name=jvm.memory.pools.PS-Survivor-Space.used, value=0
type=GAUGE, name=jvm.memory.total.committed, value=501809152
type=GAUGE, name=jvm.memory.total.init, value=67567616
type=GAUGE, name=jvm.memory.total.max, value=913833983
type=GAUGE, name=jvm.memory.total.used, value=218382688
type=GAUGE, name=jvm.thread-states.blocked.count, value=1
type=GAUGE, name=jvm.thread-states.count, value=29
type=GAUGE, name=jvm.thread-states.daemon.count, value=9
type=GAUGE, name=jvm.thread-states.deadlock.count, value=0
type=GAUGE, name=jvm.thread-states.deadlocks, value=[]
type=GAUGE, name=jvm.thread-states.new.count, value=0
type=GAUGE, name=jvm.thread-states.runnable.count, value=8
type=GAUGE, name=jvm.thread-states.terminated.count, value=0
type=GAUGE, name=jvm.thread-states.timed_waiting.count, value=16
type=GAUGE, name=jvm.thread-states.waiting.count, value=4
type=METER, name=org.jasig.cas.CentralAuthenticationServiceImpl.CREATE_TICKET_GRANTING_TICKET_METER, count=0, mean_rate=0.0, m1=0.0, m5=0.0, m15=0.0, rate_unit=events/millisecond
type=METER, name=org.jasig.cas.CentralAuthenticationServiceImpl.DESTROY_TICKET_GRANTING_TICKET_METER, count=0, mean_rate=0.0, m1=0.0, m5=0.0, m15=0.0, rate_unit=events/millisecond
type=METER, name=org.jasig.cas.CentralAuthenticationServiceImpl.GET_TICKETS_METER, count=1, mean_rate=0.0, m1=0.0, m5=0.0, m15=0.0, rate_unit=events/millisecond
type=METER, name=org.jasig.cas.CentralAuthenticationServiceImpl.GET_TICKET_METER, count=0, mean_rate=0.0, m1=0.0, m5=0.0, m15=0.0, rate_unit=events/millisecond
type=METER, name=org.jasig.cas.CentralAuthenticationServiceImpl.GRANT_PROXY_GRANTING_TICKET_METER, count=0, mean_rate=0.0, m1=0.0, m5=0.0, m15=0.0, rate_unit=events/millisecond
type=METER, name=org.jasig.cas.CentralAuthenticationServiceImpl.GRANT_SERVICE_TICKET_METER, count=0, mean_rate=0.0, m1=0.0, m5=0.0, m15=0.0, rate_unit=events/millisecond
type=METER, name=org.jasig.cas.CentralAuthenticationServiceImpl.VALIDATE_SERVICE_TICKET_METER, count=0, mean_rate=0.0, m1=0.0, m5=0.0, m15=0.0, rate_unit=events/millisecond
type=TIMER, name=org.jasig.cas.CentralAuthenticationServiceImpl.CREATE_TICKET_GRANTING_TICKET_TIMER, count=0, min=0.0, max=0.0, mean=0.0, stddev=0.0, median=0.0, p75=0.0, p95=0.0, p98=0.0, p99=0.0, p999=0.0, mean_rate=0.0, m1=0.0, m5=0.0, m15=0.0, rate_unit=events/millisecond, duration_unit=milliseconds
type=TIMER, name=org.jasig.cas.CentralAuthenticationServiceImpl.DESTROY_TICKET_GRANTING_TICKET_TIMER, count=0, min=0.0, max=0.0, mean=0.0, stddev=0.0, median=0.0, p75=0.0, p95=0.0, p98=0.0, p99=0.0, p999=0.0, mean_rate=0.0, m1=0.0, m5=0.0, m15=0.0, rate_unit=events/millisecond, duration_unit=milliseconds
type=TIMER, name=org.jasig.cas.CentralAuthenticationServiceImpl.GET_TICKETS_TIMER, count=1, min=0.192431, max=0.192431, mean=0.192431, stddev=0.0, median=0.192431, p75=0.192431, p95=0.192431, p98=0.192431, p99=0.192431, p999=0.192431, mean_rate=0.0, m1=0.0, m5=0.0, m15=0.0, rate_unit=events/millisecond, duration_unit=milliseconds
type=TIMER, name=org.jasig.cas.CentralAuthenticationServiceImpl.GET_TICKET_TIMER, count=0, min=0.0, max=0.0, mean=0.0, stddev=0.0, median=0.0, p75=0.0, p95=0.0, p98=0.0, p99=0.0, p999=0.0, mean_rate=0.0, m1=0.0, m5=0.0, m15=0.0, rate_unit=events/millisecond, duration_unit=milliseconds
type=TIMER, name=org.jasig.cas.CentralAuthenticationServiceImpl.GRANT_PROXY_GRANTING_TICKET_TIMER, count=0, min=0.0, max=0.0, mean=0.0, stddev=0.0, median=0.0, p75=0.0, p95=0.0, p98=0.0, p99=0.0, p999=0.0, mean_rate=0.0, m1=0.0, m5=0.0, m15=0.0, rate_unit=events/millisecond, duration_unit=milliseconds
type=TIMER, name=org.jasig.cas.CentralAuthenticationServiceImpl.GRANT_SERVICE_TICKET_TIMER, count=0, min=0.0, max=0.0, mean=0.0, stddev=0.0, median=0.0, p75=0.0, p95=0.0, p98=0.0, p99=0.0, p999=0.0, mean_rate=0.0, m1=0.0, m5=0.0, m15=0.0, rate_unit=events/millisecond, duration_unit=milliseconds
type=TIMER, name=org.jasig.cas.CentralAuthenticationServiceImpl.VALIDATE_SERVICE_TICKET_TIMER, count=0, min=0.0, max=0.0, mean=0.0, stddev=0.0, median=0.0, p75=0.0, p95=0.0, p98=0.0, p99=0.0, p999=0.0, mean_rate=0.0, m1=0.0, m5=0.0, m15=0.0, rate_unit=events/millisecond, duration_unit=milliseconds
type=GAUGE, name=jvm.fd.usage, value=NaN
type=GAUGE, name=jvm.gc.PS-MarkSweep.count, value=9
type=GAUGE, name=jvm.gc.PS-MarkSweep.time, value=2410
type=GAUGE, name=jvm.gc.PS-Scavenge.count, value=118
type=GAUGE, name=jvm.gc.PS-Scavenge.time, value=8205
type=GAUGE, name=jvm.memory.heap.committed, value=393740288
type=GAUGE, name=jvm.memory.heap.init, value=65011712
type=GAUGE, name=jvm.memory.heap.max, value=913833984
type=GAUGE, name=jvm.memory.heap.usage, value=0.12658893631165286
type=GAUGE, name=jvm.memory.heap.used, value=115681272
type=GAUGE, name=jvm.memory.non-heap.committed, value=108068864
type=GAUGE, name=jvm.memory.non-heap.init, value=2555904
type=GAUGE, name=jvm.memory.non-heap.max, value=-1
type=GAUGE, name=jvm.memory.non-heap.usage, value=-1.0460516E8
type=GAUGE, name=jvm.memory.non-heap.used, value=104605160
type=GAUGE, name=jvm.memory.pools.Code-Cache.committed, value=33095680
type=GAUGE, name=jvm.memory.pools.Code-Cache.init, value=2555904
type=GAUGE, name=jvm.memory.pools.Code-Cache.max, value=251658240
type=GAUGE, name=jvm.memory.pools.Code-Cache.usage, value=0.12426401774088541
type=GAUGE, name=jvm.memory.pools.Code-Cache.used, value=31274176
type=GAUGE, name=jvm.memory.pools.Compressed-Class-Space.committed, value=8126464
type=GAUGE, name=jvm.memory.pools.Compressed-Class-Space.init, value=0
type=GAUGE, name=jvm.memory.pools.Compressed-Class-Space.max, value=1073741824
type=GAUGE, name=jvm.memory.pools.Compressed-Class-Space.usage, value=0.007261365652084351
type=GAUGE, name=jvm.memory.pools.Compressed-Class-Space.used, value=7796832
type=GAUGE, name=jvm.memory.pools.Metaspace.committed, value=66846720
type=GAUGE, name=jvm.memory.pools.Metaspace.init, value=0
type=GAUGE, name=jvm.memory.pools.Metaspace.max, value=-1
type=GAUGE, name=jvm.memory.pools.Metaspace.usage, value=0.9804056803385417
type=GAUGE, name=jvm.memory.pools.Metaspace.used, value=65536904
type=GAUGE, name=jvm.memory.pools.PS-Eden-Space.committed, value=213385216
type=GAUGE, name=jvm.memory.pools.PS-Eden-Space.init, value=16252928
type=GAUGE, name=jvm.memory.pools.PS-Eden-Space.max, value=214433792
type=GAUGE, name=jvm.memory.pools.PS-Eden-Space.usage, value=0.2653647052046722
type=GAUGE, name=jvm.memory.pools.PS-Eden-Space.used, value=56903160
type=GAUGE, name=jvm.memory.pools.PS-Old-Gen.committed, value=116916224
type=GAUGE, name=jvm.memory.pools.PS-Old-Gen.init, value=43515904
type=GAUGE, name=jvm.memory.pools.PS-Old-Gen.max, value=685244416
type=GAUGE, name=jvm.memory.pools.PS-Old-Gen.usage, value=0.08577685658951797
type=GAUGE, name=jvm.memory.pools.PS-Old-Gen.used, value=58778112
type=GAUGE, name=jvm.memory.pools.PS-Survivor-Space.committed, value=63438848
type=GAUGE, name=jvm.memory.pools.PS-Survivor-Space.init, value=2621440
type=GAUGE, name=jvm.memory.pools.PS-Survivor-Space.max, value=63438848
type=GAUGE, name=jvm.memory.pools.PS-Survivor-Space.usage, value=0.0
type=GAUGE, name=jvm.memory.pools.PS-Survivor-Space.used, value=0
type=GAUGE, name=jvm.memory.total.committed, value=501809152
type=GAUGE, name=jvm.memory.total.init, value=67567616
type=GAUGE, name=jvm.memory.total.max, value=913833983
type=GAUGE, name=jvm.memory.total.used, value=220292576
type=GAUGE, name=jvm.thread-states.blocked.count, value=1
type=GAUGE, name=jvm.thread-states.count, value=29
type=GAUGE, name=jvm.thread-states.daemon.count, value=9
type=GAUGE, name=jvm.thread-states.deadlock.count, value=0
type=GAUGE, name=jvm.thread-states.deadlocks, value=[]
type=GAUGE, name=jvm.thread-states.new.count, value=0
type=GAUGE, name=jvm.thread-states.runnable.count, value=8
type=GAUGE, name=jvm.thread-states.terminated.count, value=0
type=GAUGE, name=jvm.thread-states.timed_waiting.count, value=16
type=GAUGE, name=jvm.thread-states.waiting.count, value=4
type=METER, name=org.jasig.cas.CentralAuthenticationServiceImpl.CREATE_TICKET_GRANTING_TICKET_METER, count=0, mean_rate=0.0, m1=0.0, m5=0.0, m15=0.0, rate_unit=events/millisecond
type=METER, name=org.jasig.cas.CentralAuthenticationServiceImpl.DESTROY_TICKET_GRANTING_TICKET_METER, count=0, mean_rate=0.0, m1=0.0, m5=0.0, m15=0.0, rate_unit=events/millisecond
type=METER, name=org.jasig.cas.CentralAuthenticationServiceImpl.GET_TICKETS_METER, count=1, mean_rate=0.0, m1=0.0, m5=0.0, m15=0.0, rate_unit=events/millisecond
type=METER, name=org.jasig.cas.CentralAuthenticationServiceImpl.GET_TICKET_METER, count=0, mean_rate=0.0, m1=0.0, m5=0.0, m15=0.0, rate_unit=events/millisecond
type=METER, name=org.jasig.cas.CentralAuthenticationServiceImpl.GRANT_PROXY_GRANTING_TICKET_METER, count=0, mean_rate=0.0, m1=0.0, m5=0.0, m15=0.0, rate_unit=events/millisecond
type=METER, name=org.jasig.cas.CentralAuthenticationServiceImpl.GRANT_SERVICE_TICKET_METER, count=0, mean_rate=0.0, m1=0.0, m5=0.0, m15=0.0, rate_unit=events/millisecond
type=METER, name=org.jasig.cas.CentralAuthenticationServiceImpl.VALIDATE_SERVICE_TICKET_METER, count=0, mean_rate=0.0, m1=0.0, m5=0.0, m15=0.0, rate_unit=events/millisecond
type=TIMER, name=org.jasig.cas.CentralAuthenticationServiceImpl.CREATE_TICKET_GRANTING_TICKET_TIMER, count=0, min=0.0, max=0.0, mean=0.0, stddev=0.0, median=0.0, p75=0.0, p95=0.0, p98=0.0, p99=0.0, p999=0.0, mean_rate=0.0, m1=0.0, m5=0.0, m15=0.0, rate_unit=events/millisecond, duration_unit=milliseconds
type=TIMER, name=org.jasig.cas.CentralAuthenticationServiceImpl.DESTROY_TICKET_GRANTING_TICKET_TIMER, count=0, min=0.0, max=0.0, mean=0.0, stddev=0.0, median=0.0, p75=0.0, p95=0.0, p98=0.0, p99=0.0, p999=0.0, mean_rate=0.0, m1=0.0, m5=0.0, m15=0.0, rate_unit=events/millisecond, duration_unit=milliseconds
type=TIMER, name=org.jasig.cas.CentralAuthenticationServiceImpl.GET_TICKETS_TIMER, count=1, min=0.192431, max=0.192431, mean=0.192431, stddev=0.0, median=0.192431, p75=0.192431, p95=0.192431, p98=0.192431, p99=0.192431, p999=0.192431, mean_rate=0.0, m1=0.0, m5=0.0, m15=0.0, rate_unit=events/millisecond, duration_unit=milliseconds
type=TIMER, name=org.jasig.cas.CentralAuthenticationServiceImpl.GET_TICKET_TIMER, count=0, min=0.0, max=0.0, mean=0.0, stddev=0.0, median=0.0, p75=0.0, p95=0.0, p98=0.0, p99=0.0, p999=0.0, mean_rate=0.0, m1=0.0, m5=0.0, m15=0.0, rate_unit=events/millisecond, duration_unit=milliseconds
type=TIMER, name=org.jasig.cas.CentralAuthenticationServiceImpl.GRANT_PROXY_GRANTING_TICKET_TIMER, count=0, min=0.0, max=0.0, mean=0.0, stddev=0.0, median=0.0, p75=0.0, p95=0.0, p98=0.0, p99=0.0, p999=0.0, mean_rate=0.0, m1=0.0, m5=0.0, m15=0.0, rate_unit=events/millisecond, duration_unit=milliseconds
type=TIMER, name=org.jasig.cas.CentralAuthenticationServiceImpl.GRANT_SERVICE_TICKET_TIMER, count=0, min=0.0, max=0.0, mean=0.0, stddev=0.0, median=0.0, p75=0.0, p95=0.0, p98=0.0, p99=0.0, p999=0.0, mean_rate=0.0, m1=0.0, m5=0.0, m15=0.0, rate_unit=events/millisecond, duration_unit=milliseconds
type=TIMER, name=org.jasig.cas.CentralAuthenticationServiceImpl.VALIDATE_SERVICE_TICKET_TIMER, count=0, min=0.0, max=0.0, mean=0.0, stddev=0.0, median=0.0, p75=0.0, p95=0.0, p98=0.0, p99=0.0, p999=0.0, mean_rate=0.0, m1=0.0, m5=0.0, m15=0.0, rate_unit=events/millisecond, duration_unit=milliseconds
type=GAUGE, name=jvm.fd.usage, value=NaN
type=GAUGE, name=jvm.gc.PS-MarkSweep.count, value=9
type=GAUGE, name=jvm.gc.PS-MarkSweep.time, value=2410
type=GAUGE, name=jvm.gc.PS-Scavenge.count, value=118
type=GAUGE, name=jvm.gc.PS-Scavenge.time, value=8205
type=GAUGE, name=jvm.memory.heap.committed, value=393740288
type=GAUGE, name=jvm.memory.heap.init, value=65011712
type=GAUGE, name=jvm.memory.heap.max, value=913833984
type=GAUGE, name=jvm.memory.heap.usage, value=0.12709486628153238
type=GAUGE, name=jvm.memory.heap.used, value=116143608
type=GAUGE, name=jvm.memory.non-heap.committed, value=108068864
type=GAUGE, name=jvm.memory.non-heap.init, value=2555904
type=GAUGE, name=jvm.memory.non-heap.max, value=-1
type=GAUGE, name=jvm.memory.non-heap.usage, value=-1.04669872E8
type=GAUGE, name=jvm.memory.non-heap.used, value=104669872
type=GAUGE, name=jvm.memory.pools.Code-Cache.committed, value=33095680
type=GAUGE, name=jvm.memory.pools.Code-Cache.init, value=2555904
type=GAUGE, name=jvm.memory.pools.Code-Cache.max, value=251658240
type=GAUGE, name=jvm.memory.pools.Code-Cache.usage, value=0.12448527018229166
type=GAUGE, name=jvm.memory.pools.Code-Cache.used, value=31327744
type=GAUGE, name=jvm.memory.pools.Compressed-Class-Space.committed, value=8126464
type=GAUGE, name=jvm.memory.pools.Compressed-Class-Space.init, value=0
type=GAUGE, name=jvm.memory.pools.Compressed-Class-Space.max, value=1073741824
type=GAUGE, name=jvm.memory.pools.Compressed-Class-Space.usage, value=0.0072618648409843445
type=GAUGE, name=jvm.memory.pools.Compressed-Class-Space.used, value=7797368
type=GAUGE, name=jvm.memory.pools.Metaspace.committed, value=66846720
type=GAUGE, name=jvm.memory.pools.Metaspace.init, value=0
type=GAUGE, name=jvm.memory.pools.Metaspace.max, value=-1
type=GAUGE, name=jvm.memory.pools.Metaspace.usage, value=0.9805232029335171
type=GAUGE, name=jvm.memory.pools.Metaspace.used, value=65544760
type=GAUGE, name=jvm.memory.pools.PS-Eden-Space.committed, value=213385216
type=GAUGE, name=jvm.memory.pools.PS-Eden-Space.init, value=16252928
type=GAUGE, name=jvm.memory.pools.PS-Eden-Space.max, value=214433792
type=GAUGE, name=jvm.memory.pools.PS-Eden-Space.usage, value=0.2675207832914693
type=GAUGE, name=jvm.memory.pools.PS-Eden-Space.used, value=57365496
type=GAUGE, name=jvm.memory.pools.PS-Old-Gen.committed, value=116916224
type=GAUGE, name=jvm.memory.pools.PS-Old-Gen.init, value=43515904
type=GAUGE, name=jvm.memory.pools.PS-Old-Gen.max, value=685244416
type=GAUGE, name=jvm.memory.pools.PS-Old-Gen.usage, value=0.08577685658951797
type=GAUGE, name=jvm.memory.pools.PS-Old-Gen.used, value=58778112
type=GAUGE, name=jvm.memory.pools.PS-Survivor-Space.committed, value=63438848
type=GAUGE, name=jvm.memory.pools.PS-Survivor-Space.init, value=2621440
type=GAUGE, name=jvm.memory.pools.PS-Survivor-Space.max, value=63438848
type=GAUGE, name=jvm.memory.pools.PS-Survivor-Space.usage, value=0.0
type=GAUGE, name=jvm.memory.pools.PS-Survivor-Space.used, value=0
type=GAUGE, name=jvm.memory.total.committed, value=501809152
type=GAUGE, name=jvm.memory.total.init, value=67567616
type=GAUGE, name=jvm.memory.total.max, value=913833983
type=GAUGE, name=jvm.memory.total.used, value=220816792
type=GAUGE, name=jvm.thread-states.blocked.count, value=1
type=GAUGE, name=jvm.thread-states.count, value=29
type=GAUGE, name=jvm.thread-states.daemon.count, value=9
type=GAUGE, name=jvm.thread-states.deadlock.count, value=0
type=GAUGE, name=jvm.thread-states.deadlocks, value=[]
type=GAUGE, name=jvm.thread-states.new.count, value=0
type=GAUGE, name=jvm.thread-states.runnable.count, value=8
type=GAUGE, name=jvm.thread-states.terminated.count, value=0
type=GAUGE, name=jvm.thread-states.timed_waiting.count, value=16
type=GAUGE, name=jvm.thread-states.waiting.count, value=4
type=METER, name=org.jasig.cas.CentralAuthenticationServiceImpl.CREATE_TICKET_GRANTING_TICKET_METER, count=0, mean_rate=0.0, m1=0.0, m5=0.0, m15=0.0, rate_unit=events/millisecond
type=METER, name=org.jasig.cas.CentralAuthenticationServiceImpl.DESTROY_TICKET_GRANTING_TICKET_METER, count=0, mean_rate=0.0, m1=0.0, m5=0.0, m15=0.0, rate_unit=events/millisecond
type=METER, name=org.jasig.cas.CentralAuthenticationServiceImpl.GET_TICKETS_METER, count=1, mean_rate=0.0, m1=0.0, m5=0.0, m15=0.0, rate_unit=events/millisecond
type=METER, name=org.jasig.cas.CentralAuthenticationServiceImpl.GET_TICKET_METER, count=0, mean_rate=0.0, m1=0.0, m5=0.0, m15=0.0, rate_unit=events/millisecond
type=METER, name=org.jasig.cas.CentralAuthenticationServiceImpl.GRANT_PROXY_GRANTING_TICKET_METER, count=0, mean_rate=0.0, m1=0.0, m5=0.0, m15=0.0, rate_unit=events/millisecond
type=METER, name=org.jasig.cas.CentralAuthenticationServiceImpl.GRANT_SERVICE_TICKET_METER, count=0, mean_rate=0.0, m1=0.0, m5=0.0, m15=0.0, rate_unit=events/millisecond
type=METER, name=org.jasig.cas.CentralAuthenticationServiceImpl.VALIDATE_SERVICE_TICKET_METER, count=0, mean_rate=0.0, m1=0.0, m5=0.0, m15=0.0, rate_unit=events/millisecond
type=TIMER, name=org.jasig.cas.CentralAuthenticationServiceImpl.CREATE_TICKET_GRANTING_TICKET_TIMER, count=0, min=0.0, max=0.0, mean=0.0, stddev=0.0, median=0.0, p75=0.0, p95=0.0, p98=0.0, p99=0.0, p999=0.0, mean_rate=0.0, m1=0.0, m5=0.0, m15=0.0, rate_unit=events/millisecond, duration_unit=milliseconds
type=TIMER, name=org.jasig.cas.CentralAuthenticationServiceImpl.DESTROY_TICKET_GRANTING_TICKET_TIMER, count=0, min=0.0, max=0.0, mean=0.0, stddev=0.0, median=0.0, p75=0.0, p95=0.0, p98=0.0, p99=0.0, p999=0.0, mean_rate=0.0, m1=0.0, m5=0.0, m15=0.0, rate_unit=events/millisecond, duration_unit=milliseconds
type=TIMER, name=org.jasig.cas.CentralAuthenticationServiceImpl.GET_TICKETS_TIMER, count=1, min=0.192431, max=0.192431, mean=0.192431, stddev=0.0, median=0.192431, p75=0.192431, p95=0.192431, p98=0.192431, p99=0.192431, p999=0.192431, mean_rate=0.0, m1=0.0, m5=0.0, m15=0.0, rate_unit=events/millisecond, duration_unit=milliseconds
type=TIMER, name=org.jasig.cas.CentralAuthenticationServiceImpl.GET_TICKET_TIMER, count=0, min=0.0, max=0.0, mean=0.0, stddev=0.0, median=0.0, p75=0.0, p95=0.0, p98=0.0, p99=0.0, p999=0.0, mean_rate=0.0, m1=0.0, m5=0.0, m15=0.0, rate_unit=events/millisecond, duration_unit=milliseconds
type=TIMER, name=org.jasig.cas.CentralAuthenticationServiceImpl.GRANT_PROXY_GRANTING_TICKET_TIMER, count=0, min=0.0, max=0.0, mean=0.0, stddev=0.0, median=0.0, p75=0.0, p95=0.0, p98=0.0, p99=0.0, p999=0.0, mean_rate=0.0, m1=0.0, m5=0.0, m15=0.0, rate_unit=events/millisecond, duration_unit=milliseconds
type=TIMER, name=org.jasig.cas.CentralAuthenticationServiceImpl.GRANT_SERVICE_TICKET_TIMER, count=0, min=0.0, max=0.0, mean=0.0, stddev=0.0, median=0.0, p75=0.0, p95=0.0, p98=0.0, p99=0.0, p999=0.0, mean_rate=0.0, m1=0.0, m5=0.0, m15=0.0, rate_unit=events/millisecond, duration_unit=milliseconds
type=TIMER, name=org.jasig.cas.CentralAuthenticationServiceImpl.VALIDATE_SERVICE_TICKET_TIMER, count=0, min=0.0, max=0.0, mean=0.0, stddev=0.0, median=0.0, p75=0.0, p95=0.0, p98=0.0, p99=0.0, p999=0.0, mean_rate=0.0, m1=0.0, m5=0.0, m15=0.0, rate_unit=events/millisecond, duration_unit=milliseconds
type=GAUGE, name=jvm.fd.usage, value=NaN
type=GAUGE, name=jvm.gc.PS-MarkSweep.count, value=9
type=GAUGE, name=jvm.gc.PS-MarkSweep.time, value=2410
type=GAUGE, name=jvm.gc.PS-Scavenge.count, value=118
type=GAUGE, name=jvm.gc.PS-Scavenge.time, value=8205
type=GAUGE, name=jvm.memory.heap.committed, value=393740288
type=GAUGE, name=jvm.memory.heap.init, value=65011712
type=GAUGE, name=jvm.memory.heap.max, value=913833984
type=GAUGE, name=jvm.memory.heap.usage, value=0.12709486628153238
type=GAUGE, name=jvm.memory.heap.used, value=116143608
type=GAUGE, name=jvm.memory.non-heap.committed, value=108068864
type=GAUGE, name=jvm.memory.non-heap.init, value=2555904
type=GAUGE, name=jvm.memory.non-heap.max, value=-1
type=GAUGE, name=jvm.memory.non-heap.usage, value=-1.04696024E8
type=GAUGE, name=jvm.memory.non-heap.used, value=104696024
type=GAUGE, name=jvm.memory.pools.Code-Cache.committed, value=33095680
type=GAUGE, name=jvm.memory.pools.Code-Cache.init, value=2555904
type=GAUGE, name=jvm.memory.pools.Code-Cache.max, value=251658240
type=GAUGE, name=jvm.memory.pools.Code-Cache.usage, value=0.12456843058268229
type=GAUGE, name=jvm.memory.pools.Code-Cache.used, value=31348672
type=GAUGE, name=jvm.memory.pools.Compressed-Class-Space.committed, value=8126464
type=GAUGE, name=jvm.memory.pools.Compressed-Class-Space.init, value=0
type=GAUGE, name=jvm.memory.pools.Compressed-Class-Space.max, value=1073741824
type=GAUGE, name=jvm.memory.pools.Compressed-Class-Space.usage, value=0.0072618648409843445
type=GAUGE, name=jvm.memory.pools.Compressed-Class-Space.used, value=7797368
type=GAUGE, name=jvm.memory.pools.Metaspace.committed, value=66846720
type=GAUGE, name=jvm.memory.pools.Metaspace.init, value=0
type=GAUGE, name=jvm.memory.pools.Metaspace.max, value=-1
type=GAUGE, name=jvm.memory.pools.Metaspace.usage, value=0.9806013518688725
type=GAUGE, name=jvm.memory.pools.Metaspace.used, value=65549984
type=GAUGE, name=jvm.memory.pools.PS-Eden-Space.committed, value=213385216
type=GAUGE, name=jvm.memory.pools.PS-Eden-Space.init, value=16252928
type=GAUGE, name=jvm.memory.pools.PS-Eden-Space.max, value=214433792
type=GAUGE, name=jvm.memory.pools.PS-Eden-Space.usage, value=0.26967771945197894
type=GAUGE, name=jvm.memory.pools.PS-Eden-Space.used, value=57828016
type=GAUGE, name=jvm.memory.pools.PS-Old-Gen.committed, value=116916224
type=GAUGE, name=jvm.memory.pools.PS-Old-Gen.init, value=43515904
type=GAUGE, name=jvm.memory.pools.PS-Old-Gen.max, value=685244416
type=GAUGE, name=jvm.memory.pools.PS-Old-Gen.usage, value=0.08577685658951797
type=GAUGE, name=jvm.memory.pools.PS-Old-Gen.used, value=58778112
type=GAUGE, name=jvm.memory.pools.PS-Survivor-Space.committed, value=63438848
type=GAUGE, name=jvm.memory.pools.PS-Survivor-Space.init, value=2621440
type=GAUGE, name=jvm.memory.pools.PS-Survivor-Space.max, value=63438848
type=GAUGE, name=jvm.memory.pools.PS-Survivor-Space.usage, value=0.0
type=GAUGE, name=jvm.memory.pools.PS-Survivor-Space.used, value=0
type=GAUGE, name=jvm.memory.total.committed, value=501809152
type=GAUGE, name=jvm.memory.total.init, value=67567616
type=GAUGE, name=jvm.memory.total.max, value=913833983
type=GAUGE, name=jvm.memory.total.used, value=221302152
type=GAUGE, name=jvm.thread-states.blocked.count, value=1
type=GAUGE, name=jvm.thread-states.count, value=29
type=GAUGE, name=jvm.thread-states.daemon.count, value=9
type=GAUGE, name=jvm.thread-states.deadlock.count, value=0
type=GAUGE, name=jvm.thread-states.deadlocks, value=[]
type=GAUGE, name=jvm.thread-states.new.count, value=0
type=GAUGE, name=jvm.thread-states.runnable.count, value=8
type=GAUGE, name=jvm.thread-states.terminated.count, value=0
type=GAUGE, name=jvm.thread-states.timed_waiting.count, value=16
type=GAUGE, name=jvm.thread-states.waiting.count, value=4
type=METER, name=org.jasig.cas.CentralAuthenticationServiceImpl.CREATE_TICKET_GRANTING_TICKET_METER, count=0, mean_rate=0.0, m1=0.0, m5=0.0, m15=0.0, rate_unit=events/millisecond
type=METER, name=org.jasig.cas.CentralAuthenticationServiceImpl.DESTROY_TICKET_GRANTING_TICKET_METER, count=0, mean_rate=0.0, m1=0.0, m5=0.0, m15=0.0, rate_unit=events/millisecond
type=METER, name=org.jasig.cas.CentralAuthenticationServiceImpl.GET_TICKETS_METER, count=1, mean_rate=0.0, m1=0.0, m5=0.0, m15=0.0, rate_unit=events/millisecond
type=METER, name=org.jasig.cas.CentralAuthenticationServiceImpl.GET_TICKET_METER, count=0, mean_rate=0.0, m1=0.0, m5=0.0, m15=0.0, rate_unit=events/millisecond
type=METER, name=org.jasig.cas.CentralAuthenticationServiceImpl.GRANT_PROXY_GRANTING_TICKET_METER, count=0, mean_rate=0.0, m1=0.0, m5=0.0, m15=0.0, rate_unit=events/millisecond
type=METER, name=org.jasig.cas.CentralAuthenticationServiceImpl.GRANT_SERVICE_TICKET_METER, count=0, mean_rate=0.0, m1=0.0, m5=0.0, m15=0.0, rate_unit=events/millisecond
type=METER, name=org.jasig.cas.CentralAuthenticationServiceImpl.VALIDATE_SERVICE_TICKET_METER, count=0, mean_rate=0.0, m1=0.0, m5=0.0, m15=0.0, rate_unit=events/millisecond
type=TIMER, name=org.jasig.cas.CentralAuthenticationServiceImpl.CREATE_TICKET_GRANTING_TICKET_TIMER, count=0, min=0.0, max=0.0, mean=0.0, stddev=0.0, median=0.0, p75=0.0, p95=0.0, p98=0.0, p99=0.0, p999=0.0, mean_rate=0.0, m1=0.0, m5=0.0, m15=0.0, rate_unit=events/millisecond, duration_unit=milliseconds
type=TIMER, name=org.jasig.cas.CentralAuthenticationServiceImpl.DESTROY_TICKET_GRANTING_TICKET_TIMER, count=0, min=0.0, max=0.0, mean=0.0, stddev=0.0, median=0.0, p75=0.0, p95=0.0, p98=0.0, p99=0.0, p999=0.0, mean_rate=0.0, m1=0.0, m5=0.0, m15=0.0, rate_unit=events/millisecond, duration_unit=milliseconds
type=TIMER, name=org.jasig.cas.CentralAuthenticationServiceImpl.GET_TICKETS_TIMER, count=1, min=0.192431, max=0.192431, mean=0.192431, stddev=0.0, median=0.192431, p75=0.192431, p95=0.192431, p98=0.192431, p99=0.192431, p999=0.192431, mean_rate=0.0, m1=0.0, m5=0.0, m15=0.0, rate_unit=events/millisecond, duration_unit=milliseconds
type=TIMER, name=org.jasig.cas.CentralAuthenticationServiceImpl.GET_TICKET_TIMER, count=0, min=0.0, max=0.0, mean=0.0, stddev=0.0, median=0.0, p75=0.0, p95=0.0, p98=0.0, p99=0.0, p999=0.0, mean_rate=0.0, m1=0.0, m5=0.0, m15=0.0, rate_unit=events/millisecond, duration_unit=milliseconds
type=TIMER, name=org.jasig.cas.CentralAuthenticationServiceImpl.GRANT_PROXY_GRANTING_TICKET_TIMER, count=0, min=0.0, max=0.0, mean=0.0, stddev=0.0, median=0.0, p75=0.0, p95=0.0, p98=0.0, p99=0.0, p999=0.0, mean_rate=0.0, m1=0.0, m5=0.0, m15=0.0, rate_unit=events/millisecond, duration_unit=milliseconds
type=TIMER, name=org.jasig.cas.CentralAuthenticationServiceImpl.GRANT_SERVICE_TICKET_TIMER, count=0, min=0.0, max=0.0, mean=0.0, stddev=0.0, median=0.0, p75=0.0, p95=0.0, p98=0.0, p99=0.0, p999=0.0, mean_rate=0.0, m1=0.0, m5=0.0, m15=0.0, rate_unit=events/millisecond, duration_unit=milliseconds
type=TIMER, name=org.jasig.cas.CentralAuthenticationServiceImpl.VALIDATE_SERVICE_TICKET_TIMER, count=0, min=0.0, max=0.0, mean=0.0, stddev=0.0, median=0.0, p75=0.0, p95=0.0, p98=0.0, p99=0.0, p999=0.0, mean_rate=0.0, m1=0.0, m5=0.0, m15=0.0, rate_unit=events/millisecond, duration_unit=milliseconds
type=GAUGE, name=jvm.fd.usage, value=NaN
type=GAUGE, name=jvm.gc.PS-MarkSweep.count, value=9
type=GAUGE, name=jvm.gc.PS-MarkSweep.time, value=2410
type=GAUGE, name=jvm.gc.PS-Scavenge.count, value=118
type=GAUGE, name=jvm.gc.PS-Scavenge.time, value=8205
type=GAUGE, name=jvm.memory.heap.committed, value=393740288
type=GAUGE, name=jvm.memory.heap.init, value=65011712
type=GAUGE, name=jvm.memory.heap.max, value=913833984
type=GAUGE, name=jvm.memory.heap.usage, value=0.12760331749710896
type=GAUGE, name=jvm.memory.heap.used, value=116608248
type=GAUGE, name=jvm.memory.non-heap.committed, value=108068864
type=GAUGE, name=jvm.memory.non-heap.init, value=2555904
type=GAUGE, name=jvm.memory.non-heap.max, value=-1
type=GAUGE, name=jvm.memory.non-heap.usage, value=-1.0471476E8
type=GAUGE, name=jvm.memory.non-heap.used, value=104714760
type=GAUGE, name=jvm.memory.pools.Code-Cache.committed, value=33095680
type=GAUGE, name=jvm.memory.pools.Code-Cache.init, value=2555904
type=GAUGE, name=jvm.memory.pools.Code-Cache.max, value=251658240
type=GAUGE, name=jvm.memory.pools.Code-Cache.usage, value=0.12462514241536458
type=GAUGE, name=jvm.memory.pools.Code-Cache.used, value=31362944
type=GAUGE, name=jvm.memory.pools.Compressed-Class-Space.committed, value=8126464
type=GAUGE, name=jvm.memory.pools.Compressed-Class-Space.init, value=0
type=GAUGE, name=jvm.memory.pools.Compressed-Class-Space.max, value=1073741824
type=GAUGE, name=jvm.memory.pools.Compressed-Class-Space.usage, value=0.0072618648409843445
type=GAUGE, name=jvm.memory.pools.Compressed-Class-Space.used, value=7797368
type=GAUGE, name=jvm.memory.pools.Metaspace.committed, value=66846720
type=GAUGE, name=jvm.memory.pools.Metaspace.init, value=0
type=GAUGE, name=jvm.memory.pools.Metaspace.max, value=-1
type=GAUGE, name=jvm.memory.pools.Metaspace.usage, value=0.9806681315104167
type=GAUGE, name=jvm.memory.pools.Metaspace.used, value=65554448
type=GAUGE, name=jvm.memory.pools.PS-Eden-Space.committed, value=213385216
type=GAUGE, name=jvm.memory.pools.PS-Eden-Space.init, value=16252928
type=GAUGE, name=jvm.memory.pools.PS-Eden-Space.max, value=214433792
type=GAUGE, name=jvm.memory.pools.PS-Eden-Space.usage, value=0.2696876059534497
type=GAUGE, name=jvm.memory.pools.PS-Eden-Space.used, value=57830136
type=GAUGE, name=jvm.memory.pools.PS-Old-Gen.committed, value=116916224
type=GAUGE, name=jvm.memory.pools.PS-Old-Gen.init, value=43515904
type=GAUGE, name=jvm.memory.pools.PS-Old-Gen.max, value=685244416
type=GAUGE, name=jvm.memory.pools.PS-Old-Gen.usage, value=0.08577685658951797
type=GAUGE, name=jvm.memory.pools.PS-Old-Gen.used, value=58778112
type=GAUGE, name=jvm.memory.pools.PS-Survivor-Space.committed, value=63438848
type=GAUGE, name=jvm.memory.pools.PS-Survivor-Space.init, value=2621440
type=GAUGE, name=jvm.memory.pools.PS-Survivor-Space.max, value=63438848
type=GAUGE, name=jvm.memory.pools.PS-Survivor-Space.usage, value=0.0
type=GAUGE, name=jvm.memory.pools.PS-Survivor-Space.used, value=0
type=GAUGE, name=jvm.memory.total.committed, value=501809152
type=GAUGE, name=jvm.memory.total.init, value=67567616
type=GAUGE, name=jvm.memory.total.max, value=913833983
type=GAUGE, name=jvm.memory.total.used, value=221785384
type=GAUGE, name=jvm.thread-states.blocked.count, value=1
type=GAUGE, name=jvm.thread-states.count, value=29
type=GAUGE, name=jvm.thread-states.daemon.count, value=9
type=GAUGE, name=jvm.thread-states.deadlock.count, value=0
type=GAUGE, name=jvm.thread-states.deadlocks, value=[]
type=GAUGE, name=jvm.thread-states.new.count, value=0
type=GAUGE, name=jvm.thread-states.runnable.count, value=8
type=GAUGE, name=jvm.thread-states.terminated.count, value=0
type=GAUGE, name=jvm.thread-states.timed_waiting.count, value=16
type=GAUGE, name=jvm.thread-states.waiting.count, value=4
type=METER, name=org.jasig.cas.CentralAuthenticationServiceImpl.CREATE_TICKET_GRANTING_TICKET_METER, count=0, mean_rate=0.0, m1=0.0, m5=0.0, m15=0.0, rate_unit=events/millisecond
type=METER, name=org.jasig.cas.CentralAuthenticationServiceImpl.DESTROY_TICKET_GRANTING_TICKET_METER, count=0, mean_rate=0.0, m1=0.0, m5=0.0, m15=0.0, rate_unit=events/millisecond
type=METER, name=org.jasig.cas.CentralAuthenticationServiceImpl.GET_TICKETS_METER, count=1, mean_rate=0.0, m1=0.0, m5=0.0, m15=0.0, rate_unit=events/millisecond
type=METER, name=org.jasig.cas.CentralAuthenticationServiceImpl.GET_TICKET_METER, count=0, mean_rate=0.0, m1=0.0, m5=0.0, m15=0.0, rate_unit=events/millisecond
type=METER, name=org.jasig.cas.CentralAuthenticationServiceImpl.GRANT_PROXY_GRANTING_TICKET_METER, count=0, mean_rate=0.0, m1=0.0, m5=0.0, m15=0.0, rate_unit=events/millisecond
type=METER, name=org.jasig.cas.CentralAuthenticationServiceImpl.GRANT_SERVICE_TICKET_METER, count=0, mean_rate=0.0, m1=0.0, m5=0.0, m15=0.0, rate_unit=events/millisecond
type=METER, name=org.jasig.cas.CentralAuthenticationServiceImpl.VALIDATE_SERVICE_TICKET_METER, count=0, mean_rate=0.0, m1=0.0, m5=0.0, m15=0.0, rate_unit=events/millisecond
type=TIMER, name=org.jasig.cas.CentralAuthenticationServiceImpl.CREATE_TICKET_GRANTING_TICKET_TIMER, count=0, min=0.0, max=0.0, mean=0.0, stddev=0.0, median=0.0, p75=0.0, p95=0.0, p98=0.0, p99=0.0, p999=0.0, mean_rate=0.0, m1=0.0, m5=0.0, m15=0.0, rate_unit=events/millisecond, duration_unit=milliseconds
type=TIMER, name=org.jasig.cas.CentralAuthenticationServiceImpl.DESTROY_TICKET_GRANTING_TICKET_TIMER, count=0, min=0.0, max=0.0, mean=0.0, stddev=0.0, median=0.0, p75=0.0, p95=0.0, p98=0.0, p99=0.0, p999=0.0, mean_rate=0.0, m1=0.0, m5=0.0, m15=0.0, rate_unit=events/millisecond, duration_unit=milliseconds
type=TIMER, name=org.jasig.cas.CentralAuthenticationServiceImpl.GET_TICKETS_TIMER, count=1, min=0.192431, max=0.192431, mean=0.192431, stddev=0.0, median=0.192431, p75=0.192431, p95=0.192431, p98=0.192431, p99=0.192431, p999=0.192431, mean_rate=0.0, m1=0.0, m5=0.0, m15=0.0, rate_unit=events/millisecond, duration_unit=milliseconds
type=TIMER, name=org.jasig.cas.CentralAuthenticationServiceImpl.GET_TICKET_TIMER, count=0, min=0.0, max=0.0, mean=0.0, stddev=0.0, median=0.0, p75=0.0, p95=0.0, p98=0.0, p99=0.0, p999=0.0, mean_rate=0.0, m1=0.0, m5=0.0, m15=0.0, rate_unit=events/millisecond, duration_unit=milliseconds
type=TIMER, name=org.jasig.cas.CentralAuthenticationServiceImpl.GRANT_PROXY_GRANTING_TICKET_TIMER, count=0, min=0.0, max=0.0, mean=0.0, stddev=0.0, median=0.0, p75=0.0, p95=0.0, p98=0.0, p99=0.0, p999=0.0, mean_rate=0.0, m1=0.0, m5=0.0, m15=0.0, rate_unit=events/millisecond, duration_unit=milliseconds
type=TIMER, name=org.jasig.cas.CentralAuthenticationServiceImpl.GRANT_SERVICE_TICKET_TIMER, count=0, min=0.0, max=0.0, mean=0.0, stddev=0.0, median=0.0, p75=0.0, p95=0.0, p98=0.0, p99=0.0, p999=0.0, mean_rate=0.0, m1=0.0, m5=0.0, m15=0.0, rate_unit=events/millisecond, duration_unit=milliseconds
type=TIMER, name=org.jasig.cas.CentralAuthenticationServiceImpl.VALIDATE_SERVICE_TICKET_TIMER, count=0, min=0.0, max=0.0, mean=0.0, stddev=0.0, median=0.0, p75=0.0, p95=0.0, p98=0.0, p99=0.0, p999=0.0, mean_rate=0.0, m1=0.0, m5=0.0, m15=0.0, rate_unit=events/millisecond, duration_unit=milliseconds
type=GAUGE, name=jvm.fd.usage, value=NaN
type=GAUGE, name=jvm.gc.PS-MarkSweep.count, value=9
type=GAUGE, name=jvm.gc.PS-MarkSweep.time, value=2410
type=GAUGE, name=jvm.gc.PS-Scavenge.count, value=118
type=GAUGE, name=jvm.gc.PS-Scavenge.time, value=8205
type=GAUGE, name=jvm.memory.heap.committed, value=393740288
type=GAUGE, name=jvm.memory.heap.init, value=65011712
type=GAUGE, name=jvm.memory.heap.max, value=913833984
type=GAUGE, name=jvm.memory.heap.usage, value=0.13044440247037256
type=GAUGE, name=jvm.memory.heap.used, value=119204528
type=GAUGE, name=jvm.memory.non-heap.committed, value=108068864
type=GAUGE, name=jvm.memory.non-heap.init, value=2555904
type=GAUGE, name=jvm.memory.non-heap.max, value=-1
type=GAUGE, name=jvm.memory.non-heap.usage, value=-1.04745672E8
type=GAUGE, name=jvm.memory.non-heap.used, value=104745672
type=GAUGE, name=jvm.memory.pools.Code-Cache.committed, value=33095680
type=GAUGE, name=jvm.memory.pools.Code-Cache.init, value=2555904
type=GAUGE, name=jvm.memory.pools.Code-Cache.max, value=251658240
type=GAUGE, name=jvm.memory.pools.Code-Cache.usage, value=0.12474797566731771
type=GAUGE, name=jvm.memory.pools.Code-Cache.used, value=31394752
type=GAUGE, name=jvm.memory.pools.Compressed-Class-Space.committed, value=8126464
type=GAUGE, name=jvm.memory.pools.Compressed-Class-Space.init, value=0
type=GAUGE, name=jvm.memory.pools.Compressed-Class-Space.max, value=1073741824
type=GAUGE, name=jvm.memory.pools.Compressed-Class-Space.usage, value=0.0072618648409843445
type=GAUGE, name=jvm.memory.pools.Compressed-Class-Space.used, value=7797368
type=GAUGE, name=jvm.memory.pools.Metaspace.committed, value=66846720
type=GAUGE, name=jvm.memory.pools.Metaspace.init, value=0
type=GAUGE, name=jvm.memory.pools.Metaspace.max, value=-1
type=GAUGE, name=jvm.memory.pools.Metaspace.usage, value=0.9806724398743872
type=GAUGE, name=jvm.memory.pools.Metaspace.used, value=65554736
type=GAUGE, name=jvm.memory.pools.PS-Eden-Space.committed, value=213385216
type=GAUGE, name=jvm.memory.pools.PS-Eden-Space.init, value=16252928
type=GAUGE, name=jvm.memory.pools.PS-Eden-Space.max, value=214433792
type=GAUGE, name=jvm.memory.pools.PS-Eden-Space.usage, value=0.2817952125754508
type=GAUGE, name=jvm.memory.pools.PS-Eden-Space.used, value=60426416
type=GAUGE, name=jvm.memory.pools.PS-Old-Gen.committed, value=116916224
type=GAUGE, name=jvm.memory.pools.PS-Old-Gen.init, value=43515904
type=GAUGE, name=jvm.memory.pools.PS-Old-Gen.max, value=685244416
type=GAUGE, name=jvm.memory.pools.PS-Old-Gen.usage, value=0.08577685658951797
type=GAUGE, name=jvm.memory.pools.PS-Old-Gen.used, value=58778112
type=GAUGE, name=jvm.memory.pools.PS-Survivor-Space.committed, value=63438848
type=GAUGE, name=jvm.memory.pools.PS-Survivor-Space.init, value=2621440
type=GAUGE, name=jvm.memory.pools.PS-Survivor-Space.max, value=63438848
type=GAUGE, name=jvm.memory.pools.PS-Survivor-Space.usage, value=0.0
type=GAUGE, name=jvm.memory.pools.PS-Survivor-Space.used, value=0
type=GAUGE, name=jvm.memory.total.committed, value=501809152
type=GAUGE, name=jvm.memory.total.init, value=67567616
type=GAUGE, name=jvm.memory.total.max, value=913833983
type=GAUGE, name=jvm.memory.total.used, value=223951384
type=GAUGE, name=jvm.thread-states.blocked.count, value=1
type=GAUGE, name=jvm.thread-states.count, value=29
type=GAUGE, name=jvm.thread-states.daemon.count, value=9
type=GAUGE, name=jvm.thread-states.deadlock.count, value=0
type=GAUGE, name=jvm.thread-states.deadlocks, value=[]
type=GAUGE, name=jvm.thread-states.new.count, value=0
type=GAUGE, name=jvm.thread-states.runnable.count, value=8
type=GAUGE, name=jvm.thread-states.terminated.count, value=0
type=GAUGE, name=jvm.thread-states.timed_waiting.count, value=16
type=GAUGE, name=jvm.thread-states.waiting.count, value=4
type=METER, name=org.jasig.cas.CentralAuthenticationServiceImpl.CREATE_TICKET_GRANTING_TICKET_METER, count=0, mean_rate=0.0, m1=0.0, m5=0.0, m15=0.0, rate_unit=events/millisecond
type=METER, name=org.jasig.cas.CentralAuthenticationServiceImpl.DESTROY_TICKET_GRANTING_TICKET_METER, count=0, mean_rate=0.0, m1=0.0, m5=0.0, m15=0.0, rate_unit=events/millisecond
type=METER, name=org.jasig.cas.CentralAuthenticationServiceImpl.GET_TICKETS_METER, count=1, mean_rate=0.0, m1=0.0, m5=0.0, m15=0.0, rate_unit=events/millisecond
type=METER, name=org.jasig.cas.CentralAuthenticationServiceImpl.GET_TICKET_METER, count=0, mean_rate=0.0, m1=0.0, m5=0.0, m15=0.0, rate_unit=events/millisecond
type=METER, name=org.jasig.cas.CentralAuthenticationServiceImpl.GRANT_PROXY_GRANTING_TICKET_METER, count=0, mean_rate=0.0, m1=0.0, m5=0.0, m15=0.0, rate_unit=events/millisecond
type=METER, name=org.jasig.cas.CentralAuthenticationServiceImpl.GRANT_SERVICE_TICKET_METER, count=0, mean_rate=0.0, m1=0.0, m5=0.0, m15=0.0, rate_unit=events/millisecond
type=METER, name=org.jasig.cas.CentralAuthenticationServiceImpl.VALIDATE_SERVICE_TICKET_METER, count=0, mean_rate=0.0, m1=0.0, m5=0.0, m15=0.0, rate_unit=events/millisecond
type=TIMER, name=org.jasig.cas.CentralAuthenticationServiceImpl.CREATE_TICKET_GRANTING_TICKET_TIMER, count=0, min=0.0, max=0.0, mean=0.0, stddev=0.0, median=0.0, p75=0.0, p95=0.0, p98=0.0, p99=0.0, p999=0.0, mean_rate=0.0, m1=0.0, m5=0.0, m15=0.0, rate_unit=events/millisecond, duration_unit=milliseconds
type=TIMER, name=org.jasig.cas.CentralAuthenticationServiceImpl.DESTROY_TICKET_GRANTING_TICKET_TIMER, count=0, min=0.0, max=0.0, mean=0.0, stddev=0.0, median=0.0, p75=0.0, p95=0.0, p98=0.0, p99=0.0, p999=0.0, mean_rate=0.0, m1=0.0, m5=0.0, m15=0.0, rate_unit=events/millisecond, duration_unit=milliseconds
type=TIMER, name=org.jasig.cas.CentralAuthenticationServiceImpl.GET_TICKETS_TIMER, count=1, min=0.192431, max=0.192431, mean=0.192431, stddev=0.0, median=0.192431, p75=0.192431, p95=0.192431, p98=0.192431, p99=0.192431, p999=0.192431, mean_rate=0.0, m1=0.0, m5=0.0, m15=0.0, rate_unit=events/millisecond, duration_unit=milliseconds
type=TIMER, name=org.jasig.cas.CentralAuthenticationServiceImpl.GET_TICKET_TIMER, count=0, min=0.0, max=0.0, mean=0.0, stddev=0.0, median=0.0, p75=0.0, p95=0.0, p98=0.0, p99=0.0, p999=0.0, mean_rate=0.0, m1=0.0, m5=0.0, m15=0.0, rate_unit=events/millisecond, duration_unit=milliseconds
type=TIMER, name=org.jasig.cas.CentralAuthenticationServiceImpl.GRANT_PROXY_GRANTING_TICKET_TIMER, count=0, min=0.0, max=0.0, mean=0.0, stddev=0.0, median=0.0, p75=0.0, p95=0.0, p98=0.0, p99=0.0, p999=0.0, mean_rate=0.0, m1=0.0, m5=0.0, m15=0.0, rate_unit=events/millisecond, duration_unit=milliseconds
type=TIMER, name=org.jasig.cas.CentralAuthenticationServiceImpl.GRANT_SERVICE_TICKET_TIMER, count=0, min=0.0, max=0.0, mean=0.0, stddev=0.0, median=0.0, p75=0.0, p95=0.0, p98=0.0, p99=0.0, p999=0.0, mean_rate=0.0, m1=0.0, m5=0.0, m15=0.0, rate_unit=events/millisecond, duration_unit=milliseconds
type=TIMER, name=org.jasig.cas.CentralAuthenticationServiceImpl.VALIDATE_SERVICE_TICKET_TIMER, count=0, min=0.0, max=0.0, mean=0.0, stddev=0.0, median=0.0, p75=0.0, p95=0.0, p98=0.0, p99=0.0, p999=0.0, mean_rate=0.0, m1=0.0, m5=0.0, m15=0.0, rate_unit=events/millisecond, duration_unit=milliseconds
type=GAUGE, name=jvm.fd.usage, value=NaN
type=GAUGE, name=jvm.gc.PS-MarkSweep.count, value=9
type=GAUGE, name=jvm.gc.PS-MarkSweep.time, value=2410
type=GAUGE, name=jvm.gc.PS-Scavenge.count, value=118
type=GAUGE, name=jvm.gc.PS-Scavenge.time, value=8205
type=GAUGE, name=jvm.memory.heap.committed, value=393740288
type=GAUGE, name=jvm.memory.heap.init, value=65011712
type=GAUGE, name=jvm.memory.heap.max, value=913833984
type=GAUGE, name=jvm.memory.heap.usage, value=0.1309504112291801
type=GAUGE, name=jvm.memory.heap.used, value=119666936
type=GAUGE, name=jvm.memory.non-heap.committed, value=108068864
type=GAUGE, name=jvm.memory.non-heap.init, value=2555904
type=GAUGE, name=jvm.memory.non-heap.max, value=-1
type=GAUGE, name=jvm.memory.non-heap.usage, value=-1.04800792E8
type=GAUGE, name=jvm.memory.non-heap.used, value=104800792
type=GAUGE, name=jvm.memory.pools.Code-Cache.committed, value=33095680
type=GAUGE, name=jvm.memory.pools.Code-Cache.init, value=2555904
type=GAUGE, name=jvm.memory.pools.Code-Cache.max, value=251658240
type=GAUGE, name=jvm.memory.pools.Code-Cache.usage, value=0.12491938273111979
type=GAUGE, name=jvm.memory.pools.Code-Cache.used, value=31436992
type=GAUGE, name=jvm.memory.pools.Compressed-Class-Space.committed, value=8126464
type=GAUGE, name=jvm.memory.pools.Compressed-Class-Space.init, value=0
type=GAUGE, name=jvm.memory.pools.Compressed-Class-Space.max, value=1073741824
type=GAUGE, name=jvm.memory.pools.Compressed-Class-Space.usage, value=0.0072618648409843445
type=GAUGE, name=jvm.memory.pools.Compressed-Class-Space.used, value=7797368
type=GAUGE, name=jvm.memory.pools.Metaspace.committed, value=66846720
type=GAUGE, name=jvm.memory.pools.Metaspace.init, value=0
type=GAUGE, name=jvm.memory.pools.Metaspace.max, value=-1
type=GAUGE, name=jvm.memory.pools.Metaspace.usage, value=0.9808474073223039
type=GAUGE, name=jvm.memory.pools.Metaspace.used, value=65566432
type=GAUGE, name=jvm.memory.pools.PS-Eden-Space.committed, value=213385216
type=GAUGE, name=jvm.memory.pools.PS-Eden-Space.init, value=16252928
type=GAUGE, name=jvm.memory.pools.PS-Eden-Space.max, value=214433792
type=GAUGE, name=jvm.memory.pools.PS-Eden-Space.usage, value=0.2839516264302223
type=GAUGE, name=jvm.memory.pools.PS-Eden-Space.used, value=60888824
type=GAUGE, name=jvm.memory.pools.PS-Old-Gen.committed, value=116916224
type=GAUGE, name=jvm.memory.pools.PS-Old-Gen.init, value=43515904
type=GAUGE, name=jvm.memory.pools.PS-Old-Gen.max, value=685244416
type=GAUGE, name=jvm.memory.pools.PS-Old-Gen.usage, value=0.08577685658951797
type=GAUGE, name=jvm.memory.pools.PS-Old-Gen.used, value=58778112
type=GAUGE, name=jvm.memory.pools.PS-Survivor-Space.committed, value=63438848
type=GAUGE, name=jvm.memory.pools.PS-Survivor-Space.init, value=2621440
type=GAUGE, name=jvm.memory.pools.PS-Survivor-Space.max, value=63438848
type=GAUGE, name=jvm.memory.pools.PS-Survivor-Space.usage, value=0.0
type=GAUGE, name=jvm.memory.pools.PS-Survivor-Space.used, value=0
type=GAUGE, name=jvm.memory.total.committed, value=501809152
type=GAUGE, name=jvm.memory.total.init, value=67567616
type=GAUGE, name=jvm.memory.total.max, value=913833983
type=GAUGE, name=jvm.memory.total.used, value=224467728
type=GAUGE, name=jvm.thread-states.blocked.count, value=1
type=GAUGE, name=jvm.thread-states.count, value=29
type=GAUGE, name=jvm.thread-states.daemon.count, value=9
type=GAUGE, name=jvm.thread-states.deadlock.count, value=0
type=GAUGE, name=jvm.thread-states.deadlocks, value=[]
type=GAUGE, name=jvm.thread-states.new.count, value=0
type=GAUGE, name=jvm.thread-states.runnable.count, value=8
type=GAUGE, name=jvm.thread-states.terminated.count, value=0
type=GAUGE, name=jvm.thread-states.timed_waiting.count, value=16
type=GAUGE, name=jvm.thread-states.waiting.count, value=4
type=METER, name=org.jasig.cas.CentralAuthenticationServiceImpl.CREATE_TICKET_GRANTING_TICKET_METER, count=0, mean_rate=0.0, m1=0.0, m5=0.0, m15=0.0, rate_unit=events/millisecond
type=METER, name=org.jasig.cas.CentralAuthenticationServiceImpl.DESTROY_TICKET_GRANTING_TICKET_METER, count=0, mean_rate=0.0, m1=0.0, m5=0.0, m15=0.0, rate_unit=events/millisecond
type=METER, name=org.jasig.cas.CentralAuthenticationServiceImpl.GET_TICKETS_METER, count=1, mean_rate=0.0, m1=0.0, m5=0.0, m15=0.0, rate_unit=events/millisecond
type=METER, name=org.jasig.cas.CentralAuthenticationServiceImpl.GET_TICKET_METER, count=0, mean_rate=0.0, m1=0.0, m5=0.0, m15=0.0, rate_unit=events/millisecond
type=METER, name=org.jasig.cas.CentralAuthenticationServiceImpl.GRANT_PROXY_GRANTING_TICKET_METER, count=0, mean_rate=0.0, m1=0.0, m5=0.0, m15=0.0, rate_unit=events/millisecond
type=METER, name=org.jasig.cas.CentralAuthenticationServiceImpl.GRANT_SERVICE_TICKET_METER, count=0, mean_rate=0.0, m1=0.0, m5=0.0, m15=0.0, rate_unit=events/millisecond
type=METER, name=org.jasig.cas.CentralAuthenticationServiceImpl.VALIDATE_SERVICE_TICKET_METER, count=0, mean_rate=0.0, m1=0.0, m5=0.0, m15=0.0, rate_unit=events/millisecond
type=TIMER, name=org.jasig.cas.CentralAuthenticationServiceImpl.CREATE_TICKET_GRANTING_TICKET_TIMER, count=0, min=0.0, max=0.0, mean=0.0, stddev=0.0, median=0.0, p75=0.0, p95=0.0, p98=0.0, p99=0.0, p999=0.0, mean_rate=0.0, m1=0.0, m5=0.0, m15=0.0, rate_unit=events/millisecond, duration_unit=milliseconds
type=TIMER, name=org.jasig.cas.CentralAuthenticationServiceImpl.DESTROY_TICKET_GRANTING_TICKET_TIMER, count=0, min=0.0, max=0.0, mean=0.0, stddev=0.0, median=0.0, p75=0.0, p95=0.0, p98=0.0, p99=0.0, p999=0.0, mean_rate=0.0, m1=0.0, m5=0.0, m15=0.0, rate_unit=events/millisecond, duration_unit=milliseconds
type=TIMER, name=org.jasig.cas.CentralAuthenticationServiceImpl.GET_TICKETS_TIMER, count=1, min=0.192431, max=0.192431, mean=0.192431, stddev=0.0, median=0.192431, p75=0.192431, p95=0.192431, p98=0.192431, p99=0.192431, p999=0.192431, mean_rate=0.0, m1=0.0, m5=0.0, m15=0.0, rate_unit=events/millisecond, duration_unit=milliseconds
type=TIMER, name=org.jasig.cas.CentralAuthenticationServiceImpl.GET_TICKET_TIMER, count=0, min=0.0, max=0.0, mean=0.0, stddev=0.0, median=0.0, p75=0.0, p95=0.0, p98=0.0, p99=0.0, p999=0.0, mean_rate=0.0, m1=0.0, m5=0.0, m15=0.0, rate_unit=events/millisecond, duration_unit=milliseconds
type=TIMER, name=org.jasig.cas.CentralAuthenticationServiceImpl.GRANT_PROXY_GRANTING_TICKET_TIMER, count=0, min=0.0, max=0.0, mean=0.0, stddev=0.0, median=0.0, p75=0.0, p95=0.0, p98=0.0, p99=0.0, p999=0.0, mean_rate=0.0, m1=0.0, m5=0.0, m15=0.0, rate_unit=events/millisecond, duration_unit=milliseconds
type=TIMER, name=org.jasig.cas.CentralAuthenticationServiceImpl.GRANT_SERVICE_TICKET_TIMER, count=0, min=0.0, max=0.0, mean=0.0, stddev=0.0, median=0.0, p75=0.0, p95=0.0, p98=0.0, p99=0.0, p999=0.0, mean_rate=0.0, m1=0.0, m5=0.0, m15=0.0, rate_unit=events/millisecond, duration_unit=milliseconds
type=TIMER, name=org.jasig.cas.CentralAuthenticationServiceImpl.VALIDATE_SERVICE_TICKET_TIMER, count=0, min=0.0, max=0.0, mean=0.0, stddev=0.0, median=0.0, p75=0.0, p95=0.0, p98=0.0, p99=0.0, p999=0.0, mean_rate=0.0, m1=0.0, m5=0.0, m15=0.0, rate_unit=events/millisecond, duration_unit=milliseconds
