type=GAUGE, name=jvm.fd.usage, value=NaN
type=GAUGE, name=jvm.gc.PS-MarkSweep.count, value=8
type=GAUGE, name=jvm.gc.PS-MarkSweep.time, value=2584
type=GAUGE, name=jvm.gc.PS-Scavenge.count, value=124
type=GAUGE, name=jvm.gc.PS-Scavenge.time, value=8765
type=GAUGE, name=jvm.memory.heap.committed, value=361758720
type=GAUGE, name=jvm.memory.heap.init, value=65011712
type=GAUGE, name=jvm.memory.heap.max, value=913833984
type=GAUGE, name=jvm.memory.heap.usage, value=0.10350651174732411
type=GAUGE, name=jvm.memory.heap.used, value=94587768
type=GAUGE, name=jvm.memory.non-heap.committed, value=93650944
type=GAUGE, name=jvm.memory.non-heap.init, value=2555904
type=GAUGE, name=jvm.memory.non-heap.max, value=-1
type=GAUGE, name=jvm.memory.non-heap.usage, value=-9.0634856E7
type=GAUGE, name=jvm.memory.non-heap.used, value=90634920
type=GAUGE, name=jvm.memory.pools.Code-Cache.committed, value=30212096
type=GAUGE, name=jvm.memory.pools.Code-Cache.init, value=2555904
type=GAUGE, name=jvm.memory.pools.Code-Cache.max, value=251658240
type=GAUGE, name=jvm.memory.pools.Code-Cache.usage, value=0.11516011555989583
type=GAUGE, name=jvm.memory.pools.Code-Cache.used, value=28980992
type=GAUGE, name=jvm.memory.pools.Compressed-Class-Space.committed, value=6946816
type=GAUGE, name=jvm.memory.pools.Compressed-Class-Space.init, value=0
type=GAUGE, name=jvm.memory.pools.Compressed-Class-Space.max, value=1073741824
type=GAUGE, name=jvm.memory.pools.Compressed-Class-Space.usage, value=0.006175130605697632
type=GAUGE, name=jvm.memory.pools.Compressed-Class-Space.used, value=6630496
type=GAUGE, name=jvm.memory.pools.Metaspace.committed, value=56492032
type=GAUGE, name=jvm.memory.pools.Metaspace.init, value=0
type=GAUGE, name=jvm.memory.pools.Metaspace.max, value=-1
type=GAUGE, name=jvm.memory.pools.Metaspace.usage, value=0.974010210855931
type=GAUGE, name=jvm.memory.pools.Metaspace.used, value=55023816
type=GAUGE, name=jvm.memory.pools.PS-Eden-Space.committed, value=212336640
type=GAUGE, name=jvm.memory.pools.PS-Eden-Space.init, value=16252928
type=GAUGE, name=jvm.memory.pools.PS-Eden-Space.max, value=212860928
type=GAUGE, name=jvm.memory.pools.PS-Eden-Space.usage, value=0.1816428424102332
type=GAUGE, name=jvm.memory.pools.PS-Eden-Space.used, value=38664664
type=GAUGE, name=jvm.memory.pools.PS-Old-Gen.committed, value=84934656
type=GAUGE, name=jvm.memory.pools.PS-Old-Gen.init, value=43515904
type=GAUGE, name=jvm.memory.pools.PS-Old-Gen.max, value=685244416
type=GAUGE, name=jvm.memory.pools.PS-Old-Gen.usage, value=0.05546377192222169
type=GAUGE, name=jvm.memory.pools.PS-Old-Gen.used, value=38006240
type=GAUGE, name=jvm.memory.pools.PS-Survivor-Space.committed, value=64487424
type=GAUGE, name=jvm.memory.pools.PS-Survivor-Space.init, value=2621440
type=GAUGE, name=jvm.memory.pools.PS-Survivor-Space.max, value=64487424
type=GAUGE, name=jvm.memory.pools.PS-Survivor-Space.usage, value=0.2778350085746951
type=GAUGE, name=jvm.memory.pools.PS-Survivor-Space.used, value=17916864
type=GAUGE, name=jvm.memory.total.committed, value=455409664
type=GAUGE, name=jvm.memory.total.init, value=67567616
type=GAUGE, name=jvm.memory.total.max, value=913833983
type=GAUGE, name=jvm.memory.total.used, value=185223328
type=GAUGE, name=jvm.thread-states.blocked.count, value=1
type=GAUGE, name=jvm.thread-states.count, value=30
type=GAUGE, name=jvm.thread-states.daemon.count, value=10
type=GAUGE, name=jvm.thread-states.deadlock.count, value=0
type=GAUGE, name=jvm.thread-states.deadlocks, value=[]
type=GAUGE, name=jvm.thread-states.new.count, value=0
type=GAUGE, name=jvm.thread-states.runnable.count, value=8
type=GAUGE, name=jvm.thread-states.terminated.count, value=0
type=GAUGE, name=jvm.thread-states.timed_waiting.count, value=18
type=GAUGE, name=jvm.thread-states.waiting.count, value=3
type=METER, name=org.jasig.cas.CentralAuthenticationServiceImpl.CREATE_TICKET_GRANTING_TICKET_METER, count=0, mean_rate=0.0, m1=0.0, m5=0.0, m15=0.0, rate_unit=events/millisecond
type=METER, name=org.jasig.cas.CentralAuthenticationServiceImpl.DESTROY_TICKET_GRANTING_TICKET_METER, count=0, mean_rate=0.0, m1=0.0, m5=0.0, m15=0.0, rate_unit=events/millisecond
type=METER, name=org.jasig.cas.CentralAuthenticationServiceImpl.GET_TICKETS_METER, count=1, mean_rate=0.0, m1=0.0, m5=0.0, m15=0.0, rate_unit=events/millisecond
type=METER, name=org.jasig.cas.CentralAuthenticationServiceImpl.GET_TICKET_METER, count=0, mean_rate=0.0, m1=0.0, m5=0.0, m15=0.0, rate_unit=events/millisecond
type=METER, name=org.jasig.cas.CentralAuthenticationServiceImpl.GRANT_PROXY_GRANTING_TICKET_METER, count=0, mean_rate=0.0, m1=0.0, m5=0.0, m15=0.0, rate_unit=events/millisecond
type=METER, name=org.jasig.cas.CentralAuthenticationServiceImpl.GRANT_SERVICE_TICKET_METER, count=0, mean_rate=0.0, m1=0.0, m5=0.0, m15=0.0, rate_unit=events/millisecond
type=METER, name=org.jasig.cas.CentralAuthenticationServiceImpl.VALIDATE_SERVICE_TICKET_METER, count=0, mean_rate=0.0, m1=0.0, m5=0.0, m15=0.0, rate_unit=events/millisecond
type=TIMER, name=org.jasig.cas.CentralAuthenticationServiceImpl.CREATE_TICKET_GRANTING_TICKET_TIMER, count=0, min=0.0, max=0.0, mean=0.0, stddev=0.0, median=0.0, p75=0.0, p95=0.0, p98=0.0, p99=0.0, p999=0.0, mean_rate=0.0, m1=0.0, m5=0.0, m15=0.0, rate_unit=events/millisecond, duration_unit=milliseconds
type=TIMER, name=org.jasig.cas.CentralAuthenticationServiceImpl.DESTROY_TICKET_GRANTING_TICKET_TIMER, count=0, min=0.0, max=0.0, mean=0.0, stddev=0.0, median=0.0, p75=0.0, p95=0.0, p98=0.0, p99=0.0, p999=0.0, mean_rate=0.0, m1=0.0, m5=0.0, m15=0.0, rate_unit=events/millisecond, duration_unit=milliseconds
type=TIMER, name=org.jasig.cas.CentralAuthenticationServiceImpl.GET_TICKETS_TIMER, count=1, min=0.215888, max=0.215888, mean=0.215888, stddev=0.0, median=0.215888, p75=0.215888, p95=0.215888, p98=0.215888, p99=0.215888, p999=0.215888, mean_rate=0.0, m1=0.0, m5=0.0, m15=0.0, rate_unit=events/millisecond, duration_unit=milliseconds
type=TIMER, name=org.jasig.cas.CentralAuthenticationServiceImpl.GET_TICKET_TIMER, count=0, min=0.0, max=0.0, mean=0.0, stddev=0.0, median=0.0, p75=0.0, p95=0.0, p98=0.0, p99=0.0, p999=0.0, mean_rate=0.0, m1=0.0, m5=0.0, m15=0.0, rate_unit=events/millisecond, duration_unit=milliseconds
type=TIMER, name=org.jasig.cas.CentralAuthenticationServiceImpl.GRANT_PROXY_GRANTING_TICKET_TIMER, count=0, min=0.0, max=0.0, mean=0.0, stddev=0.0, median=0.0, p75=0.0, p95=0.0, p98=0.0, p99=0.0, p999=0.0, mean_rate=0.0, m1=0.0, m5=0.0, m15=0.0, rate_unit=events/millisecond, duration_unit=milliseconds
type=TIMER, name=org.jasig.cas.CentralAuthenticationServiceImpl.GRANT_SERVICE_TICKET_TIMER, count=0, min=0.0, max=0.0, mean=0.0, stddev=0.0, median=0.0, p75=0.0, p95=0.0, p98=0.0, p99=0.0, p999=0.0, mean_rate=0.0, m1=0.0, m5=0.0, m15=0.0, rate_unit=events/millisecond, duration_unit=milliseconds
type=TIMER, name=org.jasig.cas.CentralAuthenticationServiceImpl.VALIDATE_SERVICE_TICKET_TIMER, count=0, min=0.0, max=0.0, mean=0.0, stddev=0.0, median=0.0, p75=0.0, p95=0.0, p98=0.0, p99=0.0, p999=0.0, mean_rate=0.0, m1=0.0, m5=0.0, m15=0.0, rate_unit=events/millisecond, duration_unit=milliseconds
type=GAUGE, name=jvm.fd.usage, value=NaN
type=GAUGE, name=jvm.gc.PS-MarkSweep.count, value=8
type=GAUGE, name=jvm.gc.PS-MarkSweep.time, value=2584
type=GAUGE, name=jvm.gc.PS-Scavenge.count, value=124
type=GAUGE, name=jvm.gc.PS-Scavenge.time, value=8765
type=GAUGE, name=jvm.memory.heap.committed, value=361758720
type=GAUGE, name=jvm.memory.heap.init, value=65011712
type=GAUGE, name=jvm.memory.heap.max, value=913833984
type=GAUGE, name=jvm.memory.heap.usage, value=0.10505821591331846
type=GAUGE, name=jvm.memory.heap.used, value=96005768
type=GAUGE, name=jvm.memory.non-heap.committed, value=93650944
type=GAUGE, name=jvm.memory.non-heap.init, value=2555904
type=GAUGE, name=jvm.memory.non-heap.max, value=-1
type=GAUGE, name=jvm.memory.non-heap.usage, value=-9.0864936E7
type=GAUGE, name=jvm.memory.non-heap.used, value=90864936
type=GAUGE, name=jvm.memory.pools.Code-Cache.committed, value=30212096
type=GAUGE, name=jvm.memory.pools.Code-Cache.init, value=2555904
type=GAUGE, name=jvm.memory.pools.Code-Cache.max, value=251658240
type=GAUGE, name=jvm.memory.pools.Code-Cache.usage, value=0.11585566202799479
type=GAUGE, name=jvm.memory.pools.Code-Cache.used, value=29156032
type=GAUGE, name=jvm.memory.pools.Compressed-Class-Space.committed, value=6946816
type=GAUGE, name=jvm.memory.pools.Compressed-Class-Space.init, value=0
type=GAUGE, name=jvm.memory.pools.Compressed-Class-Space.max, value=1073741824
type=GAUGE, name=jvm.memory.pools.Compressed-Class-Space.usage, value=0.006177276372909546
type=GAUGE, name=jvm.memory.pools.Compressed-Class-Space.used, value=6632800
type=GAUGE, name=jvm.memory.pools.Metaspace.committed, value=56492032
type=GAUGE, name=jvm.memory.pools.Metaspace.init, value=0
type=GAUGE, name=jvm.memory.pools.Metaspace.max, value=-1
type=GAUGE, name=jvm.memory.pools.Metaspace.usage, value=0.9749526446490719
type=GAUGE, name=jvm.memory.pools.Metaspace.used, value=55077056
type=GAUGE, name=jvm.memory.pools.PS-Eden-Space.committed, value=212336640
type=GAUGE, name=jvm.memory.pools.PS-Eden-Space.init, value=16252928
type=GAUGE, name=jvm.memory.pools.PS-Eden-Space.max, value=212860928
type=GAUGE, name=jvm.memory.pools.PS-Eden-Space.usage, value=0.18830446891596753
type=GAUGE, name=jvm.memory.pools.PS-Eden-Space.used, value=40082664
type=GAUGE, name=jvm.memory.pools.PS-Old-Gen.committed, value=84934656
type=GAUGE, name=jvm.memory.pools.PS-Old-Gen.init, value=43515904
type=GAUGE, name=jvm.memory.pools.PS-Old-Gen.max, value=685244416
type=GAUGE, name=jvm.memory.pools.PS-Old-Gen.usage, value=0.05546377192222169
type=GAUGE, name=jvm.memory.pools.PS-Old-Gen.used, value=38006240
type=GAUGE, name=jvm.memory.pools.PS-Survivor-Space.committed, value=64487424
type=GAUGE, name=jvm.memory.pools.PS-Survivor-Space.init, value=2621440
type=GAUGE, name=jvm.memory.pools.PS-Survivor-Space.max, value=64487424
type=GAUGE, name=jvm.memory.pools.PS-Survivor-Space.usage, value=0.2778350085746951
type=GAUGE, name=jvm.memory.pools.PS-Survivor-Space.used, value=17916864
type=GAUGE, name=jvm.memory.total.committed, value=455409664
type=GAUGE, name=jvm.memory.total.init, value=67567616
type=GAUGE, name=jvm.memory.total.max, value=913833983
type=GAUGE, name=jvm.memory.total.used, value=186903608
type=GAUGE, name=jvm.thread-states.blocked.count, value=1
type=GAUGE, name=jvm.thread-states.count, value=30
type=GAUGE, name=jvm.thread-states.daemon.count, value=10
type=GAUGE, name=jvm.thread-states.deadlock.count, value=0
type=GAUGE, name=jvm.thread-states.deadlocks, value=[]
type=GAUGE, name=jvm.thread-states.new.count, value=0
type=GAUGE, name=jvm.thread-states.runnable.count, value=8
type=GAUGE, name=jvm.thread-states.terminated.count, value=0
type=GAUGE, name=jvm.thread-states.timed_waiting.count, value=18
type=GAUGE, name=jvm.thread-states.waiting.count, value=3
type=METER, name=org.jasig.cas.CentralAuthenticationServiceImpl.CREATE_TICKET_GRANTING_TICKET_METER, count=0, mean_rate=0.0, m1=0.0, m5=0.0, m15=0.0, rate_unit=events/millisecond
type=METER, name=org.jasig.cas.CentralAuthenticationServiceImpl.DESTROY_TICKET_GRANTING_TICKET_METER, count=0, mean_rate=0.0, m1=0.0, m5=0.0, m15=0.0, rate_unit=events/millisecond
type=METER, name=org.jasig.cas.CentralAuthenticationServiceImpl.GET_TICKETS_METER, count=1, mean_rate=0.0, m1=0.0, m5=0.0, m15=0.0, rate_unit=events/millisecond
type=METER, name=org.jasig.cas.CentralAuthenticationServiceImpl.GET_TICKET_METER, count=0, mean_rate=0.0, m1=0.0, m5=0.0, m15=0.0, rate_unit=events/millisecond
type=METER, name=org.jasig.cas.CentralAuthenticationServiceImpl.GRANT_PROXY_GRANTING_TICKET_METER, count=0, mean_rate=0.0, m1=0.0, m5=0.0, m15=0.0, rate_unit=events/millisecond
type=METER, name=org.jasig.cas.CentralAuthenticationServiceImpl.GRANT_SERVICE_TICKET_METER, count=0, mean_rate=0.0, m1=0.0, m5=0.0, m15=0.0, rate_unit=events/millisecond
type=METER, name=org.jasig.cas.CentralAuthenticationServiceImpl.VALIDATE_SERVICE_TICKET_METER, count=0, mean_rate=0.0, m1=0.0, m5=0.0, m15=0.0, rate_unit=events/millisecond
type=TIMER, name=org.jasig.cas.CentralAuthenticationServiceImpl.CREATE_TICKET_GRANTING_TICKET_TIMER, count=0, min=0.0, max=0.0, mean=0.0, stddev=0.0, median=0.0, p75=0.0, p95=0.0, p98=0.0, p99=0.0, p999=0.0, mean_rate=0.0, m1=0.0, m5=0.0, m15=0.0, rate_unit=events/millisecond, duration_unit=milliseconds
type=TIMER, name=org.jasig.cas.CentralAuthenticationServiceImpl.DESTROY_TICKET_GRANTING_TICKET_TIMER, count=0, min=0.0, max=0.0, mean=0.0, stddev=0.0, median=0.0, p75=0.0, p95=0.0, p98=0.0, p99=0.0, p999=0.0, mean_rate=0.0, m1=0.0, m5=0.0, m15=0.0, rate_unit=events/millisecond, duration_unit=milliseconds
type=TIMER, name=org.jasig.cas.CentralAuthenticationServiceImpl.GET_TICKETS_TIMER, count=1, min=0.215888, max=0.215888, mean=0.215888, stddev=0.0, median=0.215888, p75=0.215888, p95=0.215888, p98=0.215888, p99=0.215888, p999=0.215888, mean_rate=0.0, m1=0.0, m5=0.0, m15=0.0, rate_unit=events/millisecond, duration_unit=milliseconds
type=TIMER, name=org.jasig.cas.CentralAuthenticationServiceImpl.GET_TICKET_TIMER, count=0, min=0.0, max=0.0, mean=0.0, stddev=0.0, median=0.0, p75=0.0, p95=0.0, p98=0.0, p99=0.0, p999=0.0, mean_rate=0.0, m1=0.0, m5=0.0, m15=0.0, rate_unit=events/millisecond, duration_unit=milliseconds
type=TIMER, name=org.jasig.cas.CentralAuthenticationServiceImpl.GRANT_PROXY_GRANTING_TICKET_TIMER, count=0, min=0.0, max=0.0, mean=0.0, stddev=0.0, median=0.0, p75=0.0, p95=0.0, p98=0.0, p99=0.0, p999=0.0, mean_rate=0.0, m1=0.0, m5=0.0, m15=0.0, rate_unit=events/millisecond, duration_unit=milliseconds
type=TIMER, name=org.jasig.cas.CentralAuthenticationServiceImpl.GRANT_SERVICE_TICKET_TIMER, count=0, min=0.0, max=0.0, mean=0.0, stddev=0.0, median=0.0, p75=0.0, p95=0.0, p98=0.0, p99=0.0, p999=0.0, mean_rate=0.0, m1=0.0, m5=0.0, m15=0.0, rate_unit=events/millisecond, duration_unit=milliseconds
type=TIMER, name=org.jasig.cas.CentralAuthenticationServiceImpl.VALIDATE_SERVICE_TICKET_TIMER, count=0, min=0.0, max=0.0, mean=0.0, stddev=0.0, median=0.0, p75=0.0, p95=0.0, p98=0.0, p99=0.0, p999=0.0, mean_rate=0.0, m1=0.0, m5=0.0, m15=0.0, rate_unit=events/millisecond, duration_unit=milliseconds
type=GAUGE, name=jvm.fd.usage, value=NaN
type=GAUGE, name=jvm.gc.PS-MarkSweep.count, value=8
type=GAUGE, name=jvm.gc.PS-MarkSweep.time, value=2584
type=GAUGE, name=jvm.gc.PS-Scavenge.count, value=125
type=GAUGE, name=jvm.gc.PS-Scavenge.time, value=8843
type=GAUGE, name=jvm.memory.heap.committed, value=325058560
type=GAUGE, name=jvm.memory.heap.init, value=65011712
type=GAUGE, name=jvm.memory.heap.max, value=913833984
type=GAUGE, name=jvm.memory.heap.usage, value=0.20953826991840127
type=GAUGE, name=jvm.memory.heap.used, value=191483192
type=GAUGE, name=jvm.memory.non-heap.committed, value=109379584
type=GAUGE, name=jvm.memory.non-heap.init, value=2555904
type=GAUGE, name=jvm.memory.non-heap.max, value=-1
type=GAUGE, name=jvm.memory.non-heap.usage, value=-1.07544552E8
type=GAUGE, name=jvm.memory.non-heap.used, value=107544552
type=GAUGE, name=jvm.memory.pools.Code-Cache.committed, value=35454976
type=GAUGE, name=jvm.memory.pools.Code-Cache.init, value=2555904
type=GAUGE, name=jvm.memory.pools.Code-Cache.max, value=251658240
type=GAUGE, name=jvm.memory.pools.Code-Cache.usage, value=0.14017435709635417
type=GAUGE, name=jvm.memory.pools.Code-Cache.used, value=35276032
type=GAUGE, name=jvm.memory.pools.Compressed-Class-Space.committed, value=7995392
type=GAUGE, name=jvm.memory.pools.Compressed-Class-Space.init, value=0
type=GAUGE, name=jvm.memory.pools.Compressed-Class-Space.max, value=1073741824
type=GAUGE, name=jvm.memory.pools.Compressed-Class-Space.usage, value=0.00715000182390213
type=GAUGE, name=jvm.memory.pools.Compressed-Class-Space.used, value=7677256
type=GAUGE, name=jvm.memory.pools.Metaspace.committed, value=65929216
type=GAUGE, name=jvm.memory.pools.Metaspace.init, value=0
type=GAUGE, name=jvm.memory.pools.Metaspace.max, value=-1
type=GAUGE, name=jvm.memory.pools.Metaspace.usage, value=0.9797302610120527
type=GAUGE, name=jvm.memory.pools.Metaspace.used, value=64592848
type=GAUGE, name=jvm.memory.pools.PS-Eden-Space.committed, value=212336640
type=GAUGE, name=jvm.memory.pools.PS-Eden-Space.init, value=16252928
type=GAUGE, name=jvm.memory.pools.PS-Eden-Space.max, value=250609664
type=GAUGE, name=jvm.memory.pools.PS-Eden-Space.usage, value=0.46659410548509417
type=GAUGE, name=jvm.memory.pools.PS-Eden-Space.used, value=116932992
type=GAUGE, name=jvm.memory.pools.PS-Old-Gen.committed, value=84934656
type=GAUGE, name=jvm.memory.pools.PS-Old-Gen.init, value=43515904
type=GAUGE, name=jvm.memory.pools.PS-Old-Gen.max, value=685244416
type=GAUGE, name=jvm.memory.pools.PS-Old-Gen.usage, value=0.06864550940025464
type=GAUGE, name=jvm.memory.pools.PS-Old-Gen.used, value=47038952
type=GAUGE, name=jvm.memory.pools.PS-Survivor-Space.committed, value=27787264
type=GAUGE, name=jvm.memory.pools.PS-Survivor-Space.init, value=2621440
type=GAUGE, name=jvm.memory.pools.PS-Survivor-Space.max, value=27787264
type=GAUGE, name=jvm.memory.pools.PS-Survivor-Space.usage, value=0.9900668162219929
type=GAUGE, name=jvm.memory.pools.PS-Survivor-Space.used, value=27511248
type=GAUGE, name=jvm.memory.total.committed, value=434438144
type=GAUGE, name=jvm.memory.total.init, value=67567616
type=GAUGE, name=jvm.memory.total.max, value=913833983
type=GAUGE, name=jvm.memory.total.used, value=299031952
type=GAUGE, name=jvm.thread-states.blocked.count, value=1
type=GAUGE, name=jvm.thread-states.count, value=30
type=GAUGE, name=jvm.thread-states.daemon.count, value=10
type=GAUGE, name=jvm.thread-states.deadlock.count, value=0
type=GAUGE, name=jvm.thread-states.deadlocks, value=[]
type=GAUGE, name=jvm.thread-states.new.count, value=0
type=GAUGE, name=jvm.thread-states.runnable.count, value=8
type=GAUGE, name=jvm.thread-states.terminated.count, value=0
type=GAUGE, name=jvm.thread-states.timed_waiting.count, value=18
type=GAUGE, name=jvm.thread-states.waiting.count, value=3
type=METER, name=org.jasig.cas.CentralAuthenticationServiceImpl.CREATE_TICKET_GRANTING_TICKET_METER, count=0, mean_rate=0.0, m1=0.0, m5=0.0, m15=0.0, rate_unit=events/millisecond
type=METER, name=org.jasig.cas.CentralAuthenticationServiceImpl.DESTROY_TICKET_GRANTING_TICKET_METER, count=0, mean_rate=0.0, m1=0.0, m5=0.0, m15=0.0, rate_unit=events/millisecond
type=METER, name=org.jasig.cas.CentralAuthenticationServiceImpl.GET_TICKETS_METER, count=1, mean_rate=0.0, m1=0.0, m5=0.0, m15=0.0, rate_unit=events/millisecond
type=METER, name=org.jasig.cas.CentralAuthenticationServiceImpl.GET_TICKET_METER, count=0, mean_rate=0.0, m1=0.0, m5=0.0, m15=0.0, rate_unit=events/millisecond
type=METER, name=org.jasig.cas.CentralAuthenticationServiceImpl.GRANT_PROXY_GRANTING_TICKET_METER, count=0, mean_rate=0.0, m1=0.0, m5=0.0, m15=0.0, rate_unit=events/millisecond
type=METER, name=org.jasig.cas.CentralAuthenticationServiceImpl.GRANT_SERVICE_TICKET_METER, count=0, mean_rate=0.0, m1=0.0, m5=0.0, m15=0.0, rate_unit=events/millisecond
type=METER, name=org.jasig.cas.CentralAuthenticationServiceImpl.VALIDATE_SERVICE_TICKET_METER, count=0, mean_rate=0.0, m1=0.0, m5=0.0, m15=0.0, rate_unit=events/millisecond
type=TIMER, name=org.jasig.cas.CentralAuthenticationServiceImpl.CREATE_TICKET_GRANTING_TICKET_TIMER, count=0, min=0.0, max=0.0, mean=0.0, stddev=0.0, median=0.0, p75=0.0, p95=0.0, p98=0.0, p99=0.0, p999=0.0, mean_rate=0.0, m1=0.0, m5=0.0, m15=0.0, rate_unit=events/millisecond, duration_unit=milliseconds
type=TIMER, name=org.jasig.cas.CentralAuthenticationServiceImpl.DESTROY_TICKET_GRANTING_TICKET_TIMER, count=0, min=0.0, max=0.0, mean=0.0, stddev=0.0, median=0.0, p75=0.0, p95=0.0, p98=0.0, p99=0.0, p999=0.0, mean_rate=0.0, m1=0.0, m5=0.0, m15=0.0, rate_unit=events/millisecond, duration_unit=milliseconds
type=TIMER, name=org.jasig.cas.CentralAuthenticationServiceImpl.GET_TICKETS_TIMER, count=1, min=0.215888, max=0.215888, mean=0.215888, stddev=0.0, median=0.215888, p75=0.215888, p95=0.215888, p98=0.215888, p99=0.215888, p999=0.215888, mean_rate=0.0, m1=0.0, m5=0.0, m15=0.0, rate_unit=events/millisecond, duration_unit=milliseconds
type=TIMER, name=org.jasig.cas.CentralAuthenticationServiceImpl.GET_TICKET_TIMER, count=0, min=0.0, max=0.0, mean=0.0, stddev=0.0, median=0.0, p75=0.0, p95=0.0, p98=0.0, p99=0.0, p999=0.0, mean_rate=0.0, m1=0.0, m5=0.0, m15=0.0, rate_unit=events/millisecond, duration_unit=milliseconds
type=TIMER, name=org.jasig.cas.CentralAuthenticationServiceImpl.GRANT_PROXY_GRANTING_TICKET_TIMER, count=0, min=0.0, max=0.0, mean=0.0, stddev=0.0, median=0.0, p75=0.0, p95=0.0, p98=0.0, p99=0.0, p999=0.0, mean_rate=0.0, m1=0.0, m5=0.0, m15=0.0, rate_unit=events/millisecond, duration_unit=milliseconds
type=TIMER, name=org.jasig.cas.CentralAuthenticationServiceImpl.GRANT_SERVICE_TICKET_TIMER, count=0, min=0.0, max=0.0, mean=0.0, stddev=0.0, median=0.0, p75=0.0, p95=0.0, p98=0.0, p99=0.0, p999=0.0, mean_rate=0.0, m1=0.0, m5=0.0, m15=0.0, rate_unit=events/millisecond, duration_unit=milliseconds
type=TIMER, name=org.jasig.cas.CentralAuthenticationServiceImpl.VALIDATE_SERVICE_TICKET_TIMER, count=0, min=0.0, max=0.0, mean=0.0, stddev=0.0, median=0.0, p75=0.0, p95=0.0, p98=0.0, p99=0.0, p999=0.0, mean_rate=0.0, m1=0.0, m5=0.0, m15=0.0, rate_unit=events/millisecond, duration_unit=milliseconds
